#
# There is insufficient memory for the Java Runtime Environment to continue.
# Native memory allocation (malloc) failed to allocate 1953616 bytes for Chunk::new
# Possible reasons:
#   The system is out of physical RAM or swap space
#   The process is running with CompressedOops enabled, and the Java Heap may be blocking the growth of the native heap
# Possible solutions:
#   Reduce memory load on the system
#   Increase physical memory or swap space
#   Check if swap backing store is full
#   Decrease Java heap size (-Xmx/-Xms)
#   Decrease number of Java threads
#   Decrease Java thread stack sizes (-Xss)
#   Set larger code cache with -XX:ReservedCodeCacheSize=
#   JVM is running with Unscaled Compressed Oops mode in which the Java heap is
#     placed in the first 4GB address space. The Java Heap base address is the
#     maximum limit for the native heap growth. Please use -XX:HeapBaseMinAddress
#     to set the Java Heap base and to place the Java Heap above 4GB virtual address.
# This output file may be truncated or incomplete.
#
#  Out of Memory Error (arena.cpp:189), pid=14756, tid=15176
#
# JRE version: OpenJDK Runtime Environment Corretto-17.0.7.7.1 (17.0.7+7) (build 17.0.7+7-LTS)
# Java VM: OpenJDK 64-Bit Server VM Corretto-17.0.7.7.1 (17.0.7+7-LTS, mixed mode, sharing, tiered, compressed oops, compressed class ptrs, g1 gc, windows-amd64)
# No core dump will be written. Minidumps are not enabled by default on client versions of Windows
#

---------------  S U M M A R Y ------------

Command Line: --add-opens=java.base/java.util=ALL-UNNAMED --add-opens=java.base/java.lang=ALL-UNNAMED --add-opens=java.base/java.lang.invoke=ALL-UNNAMED --add-opens=java.base/java.util=ALL-UNNAMED --add-opens=java.prefs/java.util.prefs=ALL-UNNAMED --add-opens=java.prefs/java.util.prefs=ALL-UNNAMED --add-opens=java.base/java.nio.charset=ALL-UNNAMED --add-opens=java.base/java.net=ALL-UNNAMED --add-opens=java.base/java.util.concurrent.atomic=ALL-UNNAMED -XX:MaxMetaspaceSize=256m -XX:+HeapDumpOnOutOfMemoryError -Xms256m -Xmx512m -Dfile.encoding=windows-1252 -Duser.country=IN -Duser.language=en -Duser.variant org.gradle.launcher.daemon.bootstrap.GradleDaemon 7.4

Host: Intel(R) Core(TM) i5-8300H CPU @ 2.30GHz, 8 cores, 7G,  Windows 11 , 64 bit Build 22000 (10.0.22000.1761)
Time: Wed Jun  7 18:51:19 2023 GMT Daylight Time elapsed time: 81.211134 seconds (0d 0h 1m 21s)

---------------  T H R E A D  ---------------

Current thread (0x00000262d7115580):  JavaThread "C2 CompilerThread0" daemon [_thread_in_native, id=15176, stack(0x000000a2a7800000,0x000000a2a7900000)]


Current CompileTask:
C2:  81213 10160   !   4       jdk.internal.loader.Resource::getBytes (244 bytes)

Stack: [0x000000a2a7800000,0x000000a2a7900000]
Native frames: (J=compiled Java code, j=interpreted, Vv=VM code, C=native code)
V  [jvm.dll+0x64b53a]
V  [jvm.dll+0x7fef54]
V  [jvm.dll+0x80070e]
V  [jvm.dll+0x800d63]
V  [jvm.dll+0x236a2b]
V  [jvm.dll+0xbd47c]
V  [jvm.dll+0xbda5c]
V  [jvm.dll+0x350c37]
V  [jvm.dll+0x1b1780]
V  [jvm.dll+0x20addf]
V  [jvm.dll+0x20a287]
V  [jvm.dll+0x19a2ed]
V  [jvm.dll+0x21967d]
V  [jvm.dll+0x2178c4]
V  [jvm.dll+0x7b7dcb]
V  [jvm.dll+0x7b237a]
V  [jvm.dll+0x64a3a5]
C  [ucrtbase.dll+0x26c0c]
C  [KERNEL32.DLL+0x15590]
C  [ntdll.dll+0x485b]


---------------  P R O C E S S  ---------------

Threads class SMR info:
_java_thread_list=0x00000262deac7b20, length=43, elements={
0x00000262ba64cab0, 0x00000262d70f8b50, 0x00000262d70f9410, 0x00000262d710ba30,
0x00000262d710e300, 0x00000262d710ebc0, 0x00000262d7112980, 0x00000262d7115580,
0x00000262d711de90, 0x00000262d71207a0, 0x00000262d7362950, 0x00000262d7383640,
0x00000262dc994290, 0x00000262dce7a360, 0x00000262dcc84890, 0x00000262dccfad20,
0x00000262dccfbb90, 0x00000262dcf02a90, 0x00000262dcf07c60, 0x00000262dcf072c0,
0x00000262dcf02f60, 0x00000262dcf07790, 0x00000262dcf06920, 0x00000262dcf05f80,
0x00000262dcf04770, 0x00000262dcf05110, 0x00000262dcf06df0, 0x00000262dcf08130,
0x00000262dcf03900, 0x00000262dcf08600, 0x00000262dcf08ad0, 0x00000262dcf08fa0,
0x00000262dd893ff0, 0x00000262ded2df70, 0x00000262ded2d100, 0x00000262ded2b8f0,
0x00000262ded2e910, 0x00000262ded29270, 0x00000262ded29740, 0x00000262ded2f780,
0x00000262ded2e440, 0x00000262ded2b420, 0x00000262ded2ede0
}

Java Threads: ( => current thread )
  0x00000262ba64cab0 JavaThread "main" [_thread_blocked, id=14692, stack(0x000000a2a6b00000,0x000000a2a6c00000)]
  0x00000262d70f8b50 JavaThread "Reference Handler" daemon [_thread_blocked, id=16004, stack(0x000000a2a7200000,0x000000a2a7300000)]
  0x00000262d70f9410 JavaThread "Finalizer" daemon [_thread_blocked, id=15388, stack(0x000000a2a7300000,0x000000a2a7400000)]
  0x00000262d710ba30 JavaThread "Signal Dispatcher" daemon [_thread_blocked, id=19296, stack(0x000000a2a7400000,0x000000a2a7500000)]
  0x00000262d710e300 JavaThread "Attach Listener" daemon [_thread_blocked, id=2576, stack(0x000000a2a7500000,0x000000a2a7600000)]
  0x00000262d710ebc0 JavaThread "Service Thread" daemon [_thread_blocked, id=17540, stack(0x000000a2a7600000,0x000000a2a7700000)]
  0x00000262d7112980 JavaThread "Monitor Deflation Thread" daemon [_thread_blocked, id=3536, stack(0x000000a2a7700000,0x000000a2a7800000)]
=>0x00000262d7115580 JavaThread "C2 CompilerThread0" daemon [_thread_in_native, id=15176, stack(0x000000a2a7800000,0x000000a2a7900000)]
  0x00000262d711de90 JavaThread "C1 CompilerThread0" daemon [_thread_in_vm, id=16860, stack(0x000000a2a7900000,0x000000a2a7a00000)]
  0x00000262d71207a0 JavaThread "Sweeper thread" daemon [_thread_blocked, id=13996, stack(0x000000a2a7a00000,0x000000a2a7b00000)]
  0x00000262d7362950 JavaThread "Common-Cleaner" daemon [_thread_blocked, id=12592, stack(0x000000a2a7b00000,0x000000a2a7c00000)]
  0x00000262d7383640 JavaThread "Notification Thread" daemon [_thread_blocked, id=15852, stack(0x000000a2a7c00000,0x000000a2a7d00000)]
  0x00000262dc994290 JavaThread "Daemon health stats" [_thread_blocked, id=18276, stack(0x000000a2a8300000,0x000000a2a8400000)]
  0x00000262dce7a360 JavaThread "Incoming local TCP Connector on port 60445" [_thread_in_native, id=11512, stack(0x000000a2a8400000,0x000000a2a8500000)]
  0x00000262dcc84890 JavaThread "Daemon periodic checks" [_thread_blocked, id=18344, stack(0x000000a2a8500000,0x000000a2a8600000)]
  0x00000262dccfad20 JavaThread "Daemon" [_thread_blocked, id=6436, stack(0x000000a2a8600000,0x000000a2a8700000)]
  0x00000262dccfbb90 JavaThread "Daemon worker" [_thread_in_Java, id=15704, stack(0x000000a2a8900000,0x000000a2a8a00000)]
  0x00000262dcf02a90 JavaThread "Cache worker for journal cache (C:\Users\Leanne Sriram\.gradle\caches\journal-1)" [_thread_blocked, id=11328, stack(0x000000a2a8d00000,0x000000a2a8e00000)]
  0x00000262dcf07c60 JavaThread "File lock request listener" [_thread_in_native, id=19312, stack(0x000000a2a8e00000,0x000000a2a8f00000)]
  0x00000262dcf072c0 JavaThread "Cache worker for file hash cache (C:\Users\Leanne Sriram\.gradle\caches\7.4\fileHashes)" [_thread_blocked, id=3336, stack(0x000000a2a8f00000,0x000000a2a9000000)]
  0x00000262dcf02f60 JavaThread "File watcher server" daemon [_thread_in_native, id=18628, stack(0x000000a2a9000000,0x000000a2a9100000)]
  0x00000262dcf07790 JavaThread "File watcher consumer" daemon [_thread_blocked, id=8776, stack(0x000000a2a9100000,0x000000a2a9200000)]
  0x00000262dcf06920 JavaThread "Cache worker for execution history cache (C:\Users\Leanne Sriram\.gradle\caches\7.4\executionHistory)" [_thread_blocked, id=18048, stack(0x000000a2a9900000,0x000000a2a9a00000)]
  0x00000262dcf05f80 JavaThread "jar transforms" [_thread_blocked, id=14312, stack(0x000000a2a9a00000,0x000000a2a9b00000)]
  0x00000262dcf04770 JavaThread "jar transforms Thread 2" [_thread_blocked, id=16600, stack(0x000000a2a9b00000,0x000000a2a9c00000)]
  0x00000262dcf05110 JavaThread "Cache worker for file content cache (C:\Users\Leanne Sriram\.gradle\caches\7.4\fileContent)" [_thread_blocked, id=4588, stack(0x000000a2a9c00000,0x000000a2a9d00000)]
  0x00000262dcf06df0 JavaThread "jar transforms Thread 3" [_thread_blocked, id=14372, stack(0x000000a2a9d00000,0x000000a2a9e00000)]
  0x00000262dcf08130 JavaThread "jar transforms Thread 4" [_thread_blocked, id=9664, stack(0x000000a2a9e00000,0x000000a2a9f00000)]
  0x00000262dcf03900 JavaThread "jar transforms Thread 5" [_thread_blocked, id=6820, stack(0x000000a2a9f00000,0x000000a2aa000000)]
  0x00000262dcf08600 JavaThread "jar transforms Thread 6" [_thread_blocked, id=17332, stack(0x000000a2aa000000,0x000000a2aa100000)]
  0x00000262dcf08ad0 JavaThread "jar transforms Thread 7" [_thread_blocked, id=8912, stack(0x000000a2aa100000,0x000000a2aa200000)]
  0x00000262dcf08fa0 JavaThread "jar transforms Thread 8" [_thread_blocked, id=9328, stack(0x000000a2aa200000,0x000000a2aa300000)]
  0x00000262dd893ff0 JavaThread "Memory manager" [_thread_blocked, id=10652, stack(0x000000a2ab900000,0x000000a2aba00000)]
  0x00000262ded2df70 JavaThread "Cache worker for Java compile cache (C:\Users\Leanne Sriram\.gradle\caches\7.4\javaCompile)" [_thread_blocked, id=2664, stack(0x000000a2b0000000,0x000000a2b0100000)]
  0x00000262ded2d100 JavaThread "Handler for socket connection from /127.0.0.1:60445 to /127.0.0.1:60562" [_thread_in_native, id=18664, stack(0x000000a2a8a00000,0x000000a2a8b00000)]
  0x00000262ded2b8f0 JavaThread "Cancel handler" [_thread_blocked, id=7400, stack(0x000000a2a8b00000,0x000000a2a8c00000)]
  0x00000262ded2e910 JavaThread "Asynchronous log dispatcher for DefaultDaemonConnection: socket connection from /127.0.0.1:60445 to /127.0.0.1:60562" [_thread_blocked, id=6472, stack(0x000000a2a8c00000,0x000000a2a8d00000)]
  0x00000262ded29270 JavaThread "Stdin handler" [_thread_blocked, id=2132, stack(0x000000a2a9200000,0x000000a2a9300000)]
  0x00000262ded29740 JavaThread "Daemon client event forwarder" [_thread_blocked, id=5984, stack(0x000000a2a9300000,0x000000a2a9400000)]
  0x00000262ded2f780 JavaThread "Cache worker for checksums cache (D:\MULTIVERSE-PROJECTS\SPRING-API-BUILDING\GradleSpringBootApp\.gradle\7.4\checksums)" [_thread_blocked, id=17372, stack(0x000000a2a9400000,0x000000a2a9500000)]
  0x00000262ded2e440 JavaThread "Cache worker for cache directory md-rule (C:\Users\Leanne Sriram\.gradle\caches\7.4\md-rule)" [_thread_blocked, id=19036, stack(0x000000a2a9500000,0x000000a2a9600000)]
  0x00000262ded2b420 JavaThread "Cache worker for file hash cache (D:\MULTIVERSE-PROJECTS\SPRING-API-BUILDING\GradleSpringBootApp\.gradle\7.4\fileHashes)" [_thread_blocked, id=12308, stack(0x000000a2aa300000,0x000000a2aa400000)]
  0x00000262ded2ede0 JavaThread "Cache worker for cache directory md-supplier (C:\Users\Leanne Sriram\.gradle\caches\7.4\md-supplier)" [_thread_blocked, id=19432, stack(0x000000a2aa400000,0x000000a2aa500000)]

Other Threads:
  0x00000262d70f45e0 VMThread "VM Thread" [stack: 0x000000a2a7100000,0x000000a2a7200000] [id=19400]
  0x00000262ba68b1d0 WatcherThread [stack: 0x000000a2a7d00000,0x000000a2a7e00000] [id=19160]
  0x00000262ba67aba0 GCTaskThread "GC Thread#0" [stack: 0x000000a2a6c00000,0x000000a2a6d00000] [id=1328]
  0x00000262d75a20a0 GCTaskThread "GC Thread#1" [stack: 0x000000a2a7e00000,0x000000a2a7f00000] [id=19020]
  0x00000262d75a2350 GCTaskThread "GC Thread#2" [stack: 0x000000a2a7f00000,0x000000a2a8000000] [id=18076]
  0x00000262d75a2600 GCTaskThread "GC Thread#3" [stack: 0x000000a2a8000000,0x000000a2a8100000] [id=4720]
  0x00000262d75a3860 GCTaskThread "GC Thread#4" [stack: 0x000000a2a8100000,0x000000a2a8200000] [id=17488]
  0x00000262d7dd4950 GCTaskThread "GC Thread#5" [stack: 0x000000a2a8200000,0x000000a2a8300000] [id=15400]
  0x00000262dc959020 GCTaskThread "GC Thread#6" [stack: 0x000000a2a9600000,0x000000a2a9700000] [id=16904]
  0x00000262dc95a040 GCTaskThread "GC Thread#7" [stack: 0x000000a2a9700000,0x000000a2a9800000] [id=19108]
  0x00000262ba67f9f0 ConcurrentGCThread "G1 Main Marker" [stack: 0x000000a2a6d00000,0x000000a2a6e00000] [id=13376]
  0x00000262ba680cb0 ConcurrentGCThread "G1 Conc#0" [stack: 0x000000a2a6e00000,0x000000a2a6f00000] [id=16872]
  0x00000262d7cfe340 ConcurrentGCThread "G1 Conc#1" [stack: 0x000000a2a9800000,0x000000a2a9900000] [id=108]
  0x00000262d6fb4140 ConcurrentGCThread "G1 Refine#0" [stack: 0x000000a2a6f00000,0x000000a2a7000000] [id=13672]
  0x00000262dcd49140 ConcurrentGCThread "G1 Refine#1" [stack: 0x000000a2ad800000,0x000000a2ad900000] [id=3852]
  0x00000262dcd499e0 ConcurrentGCThread "G1 Refine#2" [stack: 0x000000a2b0900000,0x000000a2b0a00000] [id=5592]
  0x00000262dcd49fa0 ConcurrentGCThread "G1 Refine#3" [stack: 0x000000a2b0a00000,0x000000a2b0b00000] [id=11760]
  0x00000262df55ec40 ConcurrentGCThread "G1 Refine#4" [stack: 0x000000a2b0b00000,0x000000a2b0c00000] [id=6412]
  0x00000262df561a40 ConcurrentGCThread "G1 Refine#5" [stack: 0x000000a2b0c00000,0x000000a2b0d00000] [id=6876]
  0x00000262df55e960 ConcurrentGCThread "G1 Refine#6" [stack: 0x000000a2b0d00000,0x000000a2b0e00000] [id=7844]
  0x00000262df561d20 ConcurrentGCThread "G1 Refine#7" [stack: 0x000000a2b0e00000,0x000000a2b0f00000] [id=18648]
  0x00000262d6fb6c20 ConcurrentGCThread "G1 Service" [stack: 0x000000a2a7000000,0x000000a2a7100000] [id=6724]

Threads with active compile tasks:
C2 CompilerThread0    81409 10160   !   4       jdk.internal.loader.Resource::getBytes (244 bytes)

VM state: not at safepoint (normal execution)

VM Mutex/Monitor currently owned by a thread: None

Heap address: 0x00000000e0000000, size: 512 MB, Compressed Oops mode: 32-bit

CDS archive(s) mapped at: [0x0000000800000000-0x0000000800bc0000-0x0000000800bc0000), size 12320768, SharedBaseAddress: 0x0000000800000000, ArchiveRelocationMode: 0.
Compressed class space mapped at: 0x0000000801000000-0x000000080e000000, reserved size: 218103808
Narrow klass base: 0x0000000800000000, Narrow klass shift: 0, Narrow klass range: 0x100000000

GC Precious Log:
 CPUs: 8 total, 8 available
 Memory: 8034M
 Large Page Support: Disabled
 NUMA Support: Disabled
 Compressed Oops: Enabled (32-bit)
 Heap Region Size: 1M
 Heap Min Capacity: 256M
 Heap Initial Capacity: 256M
 Heap Max Capacity: 512M
 Pre-touch: Disabled
 Parallel Workers: 8
 Concurrent Workers: 2
 Concurrent Refinement Workers: 8
 Periodic GC: Disabled

Heap:
 garbage-first heap   total 262144K, used 160041K [0x00000000e0000000, 0x0000000100000000)
  region size 1024K, 55 young (56320K), 13 survivors (13312K)
 Metaspace       used 64129K, committed 64768K, reserved 278528K
  class space    used 8930K, committed 9216K, reserved 212992K

Heap Regions: E=young(eden), S=young(survivor), O=old, HS=humongous(starts), HC=humongous(continues), CS=collection set, F=free, OA=open archive, CA=closed archive, TAMS=top-at-mark-start (previous, next)
|   0|0x00000000e0000000, 0x00000000e0100000, 0x00000000e0100000|100%| O|  |TAMS 0x00000000e0100000, 0x00000000e0000000| Untracked 
|   1|0x00000000e0100000, 0x00000000e0200000, 0x00000000e0200000|100%| O|  |TAMS 0x00000000e0200000, 0x00000000e0100000| Untracked 
|   2|0x00000000e0200000, 0x00000000e0300000, 0x00000000e0300000|100%| O|  |TAMS 0x00000000e0300000, 0x00000000e0200000| Untracked 
|   3|0x00000000e0300000, 0x00000000e0400000, 0x00000000e0400000|100%|HS|  |TAMS 0x00000000e0400000, 0x00000000e0300000| Complete 
|   4|0x00000000e0400000, 0x00000000e0500000, 0x00000000e0500000|100%|HC|  |TAMS 0x00000000e0500000, 0x00000000e0400000| Complete 
|   5|0x00000000e0500000, 0x00000000e0600000, 0x00000000e0600000|100%|HC|  |TAMS 0x00000000e0600000, 0x00000000e0500000| Complete 
|   6|0x00000000e0600000, 0x00000000e0700000, 0x00000000e0700000|100%| O|  |TAMS 0x00000000e0700000, 0x00000000e0600000| Untracked 
|   7|0x00000000e0700000, 0x00000000e0800000, 0x00000000e0800000|100%| O|  |TAMS 0x00000000e0800000, 0x00000000e0700000| Untracked 
|   8|0x00000000e0800000, 0x00000000e0900000, 0x00000000e0900000|100%| O|  |TAMS 0x00000000e0900000, 0x00000000e0800000| Untracked 
|   9|0x00000000e0900000, 0x00000000e0a00000, 0x00000000e0a00000|100%| O|  |TAMS 0x00000000e0a00000, 0x00000000e0900000| Untracked 
|  10|0x00000000e0a00000, 0x00000000e0b00000, 0x00000000e0b00000|100%| O|  |TAMS 0x00000000e0b00000, 0x00000000e0a00000| Untracked 
|  11|0x00000000e0b00000, 0x00000000e0c00000, 0x00000000e0c00000|100%| O|  |TAMS 0x00000000e0c00000, 0x00000000e0b00000| Untracked 
|  12|0x00000000e0c00000, 0x00000000e0d00000, 0x00000000e0d00000|100%| O|  |TAMS 0x00000000e0d00000, 0x00000000e0c00000| Untracked 
|  13|0x00000000e0d00000, 0x00000000e0e00000, 0x00000000e0e00000|100%| O|  |TAMS 0x00000000e0e00000, 0x00000000e0d00000| Untracked 
|  14|0x00000000e0e00000, 0x00000000e0f00000, 0x00000000e0f00000|100%| O|  |TAMS 0x00000000e0f00000, 0x00000000e0e00000| Untracked 
|  15|0x00000000e0f00000, 0x00000000e1000000, 0x00000000e1000000|100%| O|  |TAMS 0x00000000e1000000, 0x00000000e0f00000| Untracked 
|  16|0x00000000e1000000, 0x00000000e1100000, 0x00000000e1100000|100%| O|  |TAMS 0x00000000e1100000, 0x00000000e1000000| Complete 
|  17|0x00000000e1100000, 0x00000000e1200000, 0x00000000e1200000|100%| O|  |TAMS 0x00000000e1200000, 0x00000000e1100000| Untracked 
|  18|0x00000000e1200000, 0x00000000e1300000, 0x00000000e1300000|100%| O|  |TAMS 0x00000000e1300000, 0x00000000e1200000| Untracked 
|  19|0x00000000e1300000, 0x00000000e1400000, 0x00000000e1400000|100%| O|  |TAMS 0x00000000e1400000, 0x00000000e1300000| Untracked 
|  20|0x00000000e1400000, 0x00000000e1500000, 0x00000000e1500000|100%| O|  |TAMS 0x00000000e1500000, 0x00000000e1400000| Untracked 
|  21|0x00000000e1500000, 0x00000000e1600000, 0x00000000e1600000|100%| O|  |TAMS 0x00000000e1600000, 0x00000000e1500000| Untracked 
|  22|0x00000000e1600000, 0x00000000e1700000, 0x00000000e1700000|100%| O|  |TAMS 0x00000000e1700000, 0x00000000e1600000| Untracked 
|  23|0x00000000e1700000, 0x00000000e1800000, 0x00000000e1800000|100%| O|  |TAMS 0x00000000e1800000, 0x00000000e1700000| Untracked 
|  24|0x00000000e1800000, 0x00000000e1900000, 0x00000000e1900000|100%| O|  |TAMS 0x00000000e1900000, 0x00000000e1800000| Untracked 
|  25|0x00000000e1900000, 0x00000000e1a00000, 0x00000000e1a00000|100%| O|  |TAMS 0x00000000e1a00000, 0x00000000e1900000| Untracked 
|  26|0x00000000e1a00000, 0x00000000e1b00000, 0x00000000e1b00000|100%| O|  |TAMS 0x00000000e1b00000, 0x00000000e1a00000| Untracked 
|  27|0x00000000e1b00000, 0x00000000e1c00000, 0x00000000e1c00000|100%| O|  |TAMS 0x00000000e1c00000, 0x00000000e1b00000| Untracked 
|  28|0x00000000e1c00000, 0x00000000e1d00000, 0x00000000e1d00000|100%| O|  |TAMS 0x00000000e1d00000, 0x00000000e1c00000| Untracked 
|  29|0x00000000e1d00000, 0x00000000e1e00000, 0x00000000e1e00000|100%| O|  |TAMS 0x00000000e1e00000, 0x00000000e1d00000| Untracked 
|  30|0x00000000e1e00000, 0x00000000e1f00000, 0x00000000e1f00000|100%| O|  |TAMS 0x00000000e1f00000, 0x00000000e1e00000| Untracked 
|  31|0x00000000e1f00000, 0x00000000e2000000, 0x00000000e2000000|100%| O|  |TAMS 0x00000000e2000000, 0x00000000e1f00000| Untracked 
|  32|0x00000000e2000000, 0x00000000e2100000, 0x00000000e2100000|100%| O|  |TAMS 0x00000000e2100000, 0x00000000e2000000| Untracked 
|  33|0x00000000e2100000, 0x00000000e2200000, 0x00000000e2200000|100%| O|  |TAMS 0x00000000e2200000, 0x00000000e2100000| Untracked 
|  34|0x00000000e2200000, 0x00000000e2300000, 0x00000000e2300000|100%| O|  |TAMS 0x00000000e2300000, 0x00000000e2200000| Untracked 
|  35|0x00000000e2300000, 0x00000000e2400000, 0x00000000e2400000|100%| O|  |TAMS 0x00000000e2400000, 0x00000000e2300000| Untracked 
|  36|0x00000000e2400000, 0x00000000e2500000, 0x00000000e2500000|100%| O|  |TAMS 0x00000000e2500000, 0x00000000e2400000| Untracked 
|  37|0x00000000e2500000, 0x00000000e2600000, 0x00000000e2600000|100%| O|  |TAMS 0x00000000e2600000, 0x00000000e2500000| Untracked 
|  38|0x00000000e2600000, 0x00000000e2700000, 0x00000000e2700000|100%| O|  |TAMS 0x00000000e2700000, 0x00000000e2600000| Untracked 
|  39|0x00000000e2700000, 0x00000000e2800000, 0x00000000e2800000|100%| O|  |TAMS 0x00000000e2800000, 0x00000000e2700000| Untracked 
|  40|0x00000000e2800000, 0x00000000e2900000, 0x00000000e2900000|100%| O|  |TAMS 0x00000000e2900000, 0x00000000e2800000| Untracked 
|  41|0x00000000e2900000, 0x00000000e2a00000, 0x00000000e2a00000|100%|HS|  |TAMS 0x00000000e2900000, 0x00000000e2900000| Complete 
|  42|0x00000000e2a00000, 0x00000000e2b00000, 0x00000000e2b00000|100%|HC|  |TAMS 0x00000000e2a00000, 0x00000000e2a00000| Complete 
|  43|0x00000000e2b00000, 0x00000000e2c00000, 0x00000000e2c00000|100%| O|  |TAMS 0x00000000e2c00000, 0x00000000e2b00000| Untracked 
|  44|0x00000000e2c00000, 0x00000000e2d00000, 0x00000000e2d00000|100%|HS|  |TAMS 0x00000000e2c00000, 0x00000000e2c00000| Complete 
|  45|0x00000000e2d00000, 0x00000000e2e00000, 0x00000000e2e00000|100%|HS|  |TAMS 0x00000000e2e00000, 0x00000000e2d00000| Complete 
|  46|0x00000000e2e00000, 0x00000000e2f00000, 0x00000000e2f00000|100%| O|  |TAMS 0x00000000e2f00000, 0x00000000e2e00000| Untracked 
|  47|0x00000000e2f00000, 0x00000000e3000000, 0x00000000e3000000|100%| O|  |TAMS 0x00000000e3000000, 0x00000000e2f00000| Untracked 
|  48|0x00000000e3000000, 0x00000000e3100000, 0x00000000e3100000|100%| O|  |TAMS 0x00000000e3100000, 0x00000000e3000000| Untracked 
|  49|0x00000000e3100000, 0x00000000e3200000, 0x00000000e3200000|100%| O|  |TAMS 0x00000000e3200000, 0x00000000e3100000| Untracked 
|  50|0x00000000e3200000, 0x00000000e3300000, 0x00000000e3300000|100%| O|  |TAMS 0x00000000e3300000, 0x00000000e3200000| Untracked 
|  51|0x00000000e3300000, 0x00000000e3400000, 0x00000000e3400000|100%| O|  |TAMS 0x00000000e3400000, 0x00000000e3300000| Untracked 
|  52|0x00000000e3400000, 0x00000000e3500000, 0x00000000e3500000|100%| O|  |TAMS 0x00000000e3500000, 0x00000000e3400000| Untracked 
|  53|0x00000000e3500000, 0x00000000e3600000, 0x00000000e3600000|100%| O|  |TAMS 0x00000000e3600000, 0x00000000e3500000| Untracked 
|  54|0x00000000e3600000, 0x00000000e3700000, 0x00000000e3700000|100%| O|  |TAMS 0x00000000e3700000, 0x00000000e3600000| Complete 
|  55|0x00000000e3700000, 0x00000000e3800000, 0x00000000e3800000|100%| O|  |TAMS 0x00000000e3800000, 0x00000000e3700000| Untracked 
|  56|0x00000000e3800000, 0x00000000e3900000, 0x00000000e3900000|100%| O|  |TAMS 0x00000000e3900000, 0x00000000e3800000| Complete 
|  57|0x00000000e3900000, 0x00000000e3a00000, 0x00000000e3a00000|100%| O|  |TAMS 0x00000000e3a00000, 0x00000000e3900000| Complete 
|  58|0x00000000e3a00000, 0x00000000e3b00000, 0x00000000e3b00000|100%| O|  |TAMS 0x00000000e3b00000, 0x00000000e3a00000| Complete 
|  59|0x00000000e3b00000, 0x00000000e3c00000, 0x00000000e3c00000|100%| O|  |TAMS 0x00000000e3c00000, 0x00000000e3b00000| Complete 
|  60|0x00000000e3c00000, 0x00000000e3d00000, 0x00000000e3d00000|100%| O|  |TAMS 0x00000000e3d00000, 0x00000000e3c00000| Complete 
|  61|0x00000000e3d00000, 0x00000000e3e00000, 0x00000000e3e00000|100%|HS|  |TAMS 0x00000000e3d00000, 0x00000000e3d00000| Complete 
|  62|0x00000000e3e00000, 0x00000000e3f00000, 0x00000000e3f00000|100%| O|  |TAMS 0x00000000e3f00000, 0x00000000e3e00000| Complete 
|  63|0x00000000e3f00000, 0x00000000e3f00000, 0x00000000e4000000|  0%| F|  |TAMS 0x00000000e3f00000, 0x00000000e3f00000| Untracked 
|  64|0x00000000e4000000, 0x00000000e4100000, 0x00000000e4100000|100%| O|  |TAMS 0x00000000e4100000, 0x00000000e4000000| Complete 
|  65|0x00000000e4100000, 0x00000000e4200000, 0x00000000e4200000|100%| O|  |TAMS 0x00000000e4200000, 0x00000000e4100000| Complete 
|  66|0x00000000e4200000, 0x00000000e4300000, 0x00000000e4300000|100%| O|  |TAMS 0x00000000e4300000, 0x00000000e4200000| Complete 
|  67|0x00000000e4300000, 0x00000000e4400000, 0x00000000e4400000|100%| O|  |TAMS 0x00000000e4400000, 0x00000000e4300000| Complete 
|  68|0x00000000e4400000, 0x00000000e4500000, 0x00000000e4500000|100%| O|  |TAMS 0x00000000e4500000, 0x00000000e4400000| Untracked 
|  69|0x00000000e4500000, 0x00000000e4600000, 0x00000000e4600000|100%| O|  |TAMS 0x00000000e4600000, 0x00000000e4500000| Untracked 
|  70|0x00000000e4600000, 0x00000000e4700000, 0x00000000e4700000|100%| O|  |TAMS 0x00000000e4700000, 0x00000000e4600000| Untracked 
|  71|0x00000000e4700000, 0x00000000e4800000, 0x00000000e4800000|100%| O|  |TAMS 0x00000000e4800000, 0x00000000e4700000| Untracked 
|  72|0x00000000e4800000, 0x00000000e4900000, 0x00000000e4900000|100%| O|  |TAMS 0x00000000e4900000, 0x00000000e4800000| Untracked 
|  73|0x00000000e4900000, 0x00000000e4a00000, 0x00000000e4a00000|100%| O|  |TAMS 0x00000000e4a00000, 0x00000000e4900000| Complete 
|  74|0x00000000e4a00000, 0x00000000e4b00000, 0x00000000e4b00000|100%| O|  |TAMS 0x00000000e4b00000, 0x00000000e4a00000| Untracked 
|  75|0x00000000e4b00000, 0x00000000e4c00000, 0x00000000e4c00000|100%| O|  |TAMS 0x00000000e4c00000, 0x00000000e4b00000| Untracked 
|  76|0x00000000e4c00000, 0x00000000e4d00000, 0x00000000e4d00000|100%| O|  |TAMS 0x00000000e4d00000, 0x00000000e4c00000| Untracked 
|  77|0x00000000e4d00000, 0x00000000e4e00000, 0x00000000e4e00000|100%| O|  |TAMS 0x00000000e4e00000, 0x00000000e4d00000| Complete 
|  78|0x00000000e4e00000, 0x00000000e4f00000, 0x00000000e4f00000|100%| O|  |TAMS 0x00000000e4f00000, 0x00000000e4e00000| Untracked 
|  79|0x00000000e4f00000, 0x00000000e5000000, 0x00000000e5000000|100%| O|  |TAMS 0x00000000e5000000, 0x00000000e4f00000| Complete 
|  80|0x00000000e5000000, 0x00000000e5100000, 0x00000000e5100000|100%| O|  |TAMS 0x00000000e5100000, 0x00000000e5000000| Untracked 
|  81|0x00000000e5100000, 0x00000000e5200000, 0x00000000e5200000|100%| O|  |TAMS 0x00000000e5200000, 0x00000000e5100000| Complete 
|  82|0x00000000e5200000, 0x00000000e5300000, 0x00000000e5300000|100%| O|  |TAMS 0x00000000e5300000, 0x00000000e5200000| Untracked 
|  83|0x00000000e5300000, 0x00000000e5400000, 0x00000000e5400000|100%|HS|  |TAMS 0x00000000e5300000, 0x00000000e5300000| Complete 
|  84|0x00000000e5400000, 0x00000000e5500000, 0x00000000e5500000|100%|HC|  |TAMS 0x00000000e5400000, 0x00000000e5400000| Complete 
|  85|0x00000000e5500000, 0x00000000e5600000, 0x00000000e5600000|100%|HC|  |TAMS 0x00000000e5500000, 0x00000000e5500000| Complete 
|  86|0x00000000e5600000, 0x00000000e5700000, 0x00000000e5700000|100%|HS|  |TAMS 0x00000000e5600000, 0x00000000e5600000| Complete 
|  87|0x00000000e5700000, 0x00000000e5800000, 0x00000000e5800000|100%|HC|  |TAMS 0x00000000e5700000, 0x00000000e5700000| Complete 
|  88|0x00000000e5800000, 0x00000000e5900000, 0x00000000e5900000|100%|HC|  |TAMS 0x00000000e5800000, 0x00000000e5800000| Complete 
|  89|0x00000000e5900000, 0x00000000e5a00000, 0x00000000e5a00000|100%|HS|  |TAMS 0x00000000e5900000, 0x00000000e5900000| Complete 
|  90|0x00000000e5a00000, 0x00000000e5b00000, 0x00000000e5b00000|100%|HC|  |TAMS 0x00000000e5a00000, 0x00000000e5a00000| Complete 
|  91|0x00000000e5b00000, 0x00000000e5c00000, 0x00000000e5c00000|100%|HC|  |TAMS 0x00000000e5b00000, 0x00000000e5b00000| Complete 
|  92|0x00000000e5c00000, 0x00000000e5d00000, 0x00000000e5d00000|100%|HC|  |TAMS 0x00000000e5c00000, 0x00000000e5c00000| Complete 
|  93|0x00000000e5d00000, 0x00000000e5e00000, 0x00000000e5e00000|100%|HC|  |TAMS 0x00000000e5d00000, 0x00000000e5d00000| Complete 
|  94|0x00000000e5e00000, 0x00000000e5f00000, 0x00000000e5f00000|100%|HC|  |TAMS 0x00000000e5e00000, 0x00000000e5e00000| Complete 
|  95|0x00000000e5f00000, 0x00000000e6000000, 0x00000000e6000000|100%|HC|  |TAMS 0x00000000e5f00000, 0x00000000e5f00000| Complete 
|  96|0x00000000e6000000, 0x00000000e6100000, 0x00000000e6100000|100%|HS|  |TAMS 0x00000000e6000000, 0x00000000e6000000| Complete 
|  97|0x00000000e6100000, 0x00000000e6200000, 0x00000000e6200000|100%|HC|  |TAMS 0x00000000e6100000, 0x00000000e6100000| Complete 
|  98|0x00000000e6200000, 0x00000000e6200000, 0x00000000e6300000|  0%| F|  |TAMS 0x00000000e6200000, 0x00000000e6200000| Untracked 
|  99|0x00000000e6300000, 0x00000000e6300000, 0x00000000e6400000|  0%| F|  |TAMS 0x00000000e6300000, 0x00000000e6300000| Untracked 
| 100|0x00000000e6400000, 0x00000000e6400000, 0x00000000e6500000|  0%| F|  |TAMS 0x00000000e6400000, 0x00000000e6400000| Untracked 
| 101|0x00000000e6500000, 0x00000000e6500000, 0x00000000e6600000|  0%| F|  |TAMS 0x00000000e6500000, 0x00000000e6500000| Untracked 
| 102|0x00000000e6600000, 0x00000000e6600000, 0x00000000e6700000|  0%| F|  |TAMS 0x00000000e6600000, 0x00000000e6600000| Untracked 
| 103|0x00000000e6700000, 0x00000000e6800000, 0x00000000e6800000|100%| O|  |TAMS 0x00000000e6800000, 0x00000000e6700000| Untracked 
| 104|0x00000000e6800000, 0x00000000e6900000, 0x00000000e6900000|100%| O|  |TAMS 0x00000000e6900000, 0x00000000e6800000| Untracked 
| 105|0x00000000e6900000, 0x00000000e6a00000, 0x00000000e6a00000|100%| O|  |TAMS 0x00000000e6a00000, 0x00000000e6900000| Untracked 
| 106|0x00000000e6a00000, 0x00000000e6b00000, 0x00000000e6b00000|100%| O|  |TAMS 0x00000000e6b00000, 0x00000000e6a00000| Untracked 
| 107|0x00000000e6b00000, 0x00000000e6c00000, 0x00000000e6c00000|100%| O|  |TAMS 0x00000000e6c00000, 0x00000000e6b00000| Untracked 
| 108|0x00000000e6c00000, 0x00000000e6c6a800, 0x00000000e6d00000| 41%| O|  |TAMS 0x00000000e6c6a800, 0x00000000e6c00000| Untracked 
| 109|0x00000000e6d00000, 0x00000000e6d00000, 0x00000000e6e00000|  0%| F|  |TAMS 0x00000000e6d00000, 0x00000000e6d00000| Untracked 
| 110|0x00000000e6e00000, 0x00000000e6e00000, 0x00000000e6f00000|  0%| F|  |TAMS 0x00000000e6e00000, 0x00000000e6e00000| Untracked 
| 111|0x00000000e6f00000, 0x00000000e6f00000, 0x00000000e7000000|  0%| F|  |TAMS 0x00000000e6f00000, 0x00000000e6f00000| Untracked 
| 112|0x00000000e7000000, 0x00000000e7000000, 0x00000000e7100000|  0%| F|  |TAMS 0x00000000e7000000, 0x00000000e7000000| Untracked 
| 113|0x00000000e7100000, 0x00000000e7100000, 0x00000000e7200000|  0%| F|  |TAMS 0x00000000e7100000, 0x00000000e7100000| Untracked 
| 114|0x00000000e7200000, 0x00000000e7200000, 0x00000000e7300000|  0%| F|  |TAMS 0x00000000e7200000, 0x00000000e7200000| Untracked 
| 115|0x00000000e7300000, 0x00000000e7300000, 0x00000000e7400000|  0%| F|  |TAMS 0x00000000e7300000, 0x00000000e7300000| Untracked 
| 116|0x00000000e7400000, 0x00000000e7400000, 0x00000000e7500000|  0%| F|  |TAMS 0x00000000e7400000, 0x00000000e7400000| Untracked 
| 117|0x00000000e7500000, 0x00000000e7500000, 0x00000000e7600000|  0%| F|  |TAMS 0x00000000e7500000, 0x00000000e7500000| Untracked 
| 118|0x00000000e7600000, 0x00000000e7600000, 0x00000000e7700000|  0%| F|  |TAMS 0x00000000e7600000, 0x00000000e7600000| Untracked 
| 119|0x00000000e7700000, 0x00000000e7700000, 0x00000000e7800000|  0%| F|  |TAMS 0x00000000e7700000, 0x00000000e7700000| Untracked 
| 120|0x00000000e7800000, 0x00000000e7800000, 0x00000000e7900000|  0%| F|  |TAMS 0x00000000e7800000, 0x00000000e7800000| Untracked 
| 121|0x00000000e7900000, 0x00000000e7900000, 0x00000000e7a00000|  0%| F|  |TAMS 0x00000000e7900000, 0x00000000e7900000| Untracked 
| 122|0x00000000e7a00000, 0x00000000e7a00000, 0x00000000e7b00000|  0%| F|  |TAMS 0x00000000e7a00000, 0x00000000e7a00000| Untracked 
| 123|0x00000000e7b00000, 0x00000000e7b00000, 0x00000000e7c00000|  0%| F|  |TAMS 0x00000000e7b00000, 0x00000000e7b00000| Untracked 
| 124|0x00000000e7c00000, 0x00000000e7c00000, 0x00000000e7d00000|  0%| F|  |TAMS 0x00000000e7c00000, 0x00000000e7c00000| Untracked 
| 125|0x00000000e7d00000, 0x00000000e7d00000, 0x00000000e7e00000|  0%| F|  |TAMS 0x00000000e7d00000, 0x00000000e7d00000| Untracked 
| 126|0x00000000e7e00000, 0x00000000e7e00000, 0x00000000e7f00000|  0%| F|  |TAMS 0x00000000e7e00000, 0x00000000e7e00000| Untracked 
| 127|0x00000000e7f00000, 0x00000000e7f00000, 0x00000000e8000000|  0%| F|  |TAMS 0x00000000e7f00000, 0x00000000e7f00000| Untracked 
| 128|0x00000000e8000000, 0x00000000e8000000, 0x00000000e8100000|  0%| F|  |TAMS 0x00000000e8000000, 0x00000000e8000000| Untracked 
| 129|0x00000000e8100000, 0x00000000e8100000, 0x00000000e8200000|  0%| F|  |TAMS 0x00000000e8100000, 0x00000000e8100000| Untracked 
| 130|0x00000000e8200000, 0x00000000e8200000, 0x00000000e8300000|  0%| F|  |TAMS 0x00000000e8200000, 0x00000000e8200000| Untracked 
| 131|0x00000000e8300000, 0x00000000e8300000, 0x00000000e8400000|  0%| F|  |TAMS 0x00000000e8300000, 0x00000000e8300000| Untracked 
| 132|0x00000000e8400000, 0x00000000e8400000, 0x00000000e8500000|  0%| F|  |TAMS 0x00000000e8400000, 0x00000000e8400000| Untracked 
| 133|0x00000000e8500000, 0x00000000e8500000, 0x00000000e8600000|  0%| F|  |TAMS 0x00000000e8500000, 0x00000000e8500000| Untracked 
| 134|0x00000000e8600000, 0x00000000e8600000, 0x00000000e8700000|  0%| F|  |TAMS 0x00000000e8600000, 0x00000000e8600000| Untracked 
| 135|0x00000000e8700000, 0x00000000e8700000, 0x00000000e8800000|  0%| F|  |TAMS 0x00000000e8700000, 0x00000000e8700000| Untracked 
| 136|0x00000000e8800000, 0x00000000e8800000, 0x00000000e8900000|  0%| F|  |TAMS 0x00000000e8800000, 0x00000000e8800000| Untracked 
| 137|0x00000000e8900000, 0x00000000e8900000, 0x00000000e8a00000|  0%| F|  |TAMS 0x00000000e8900000, 0x00000000e8900000| Untracked 
| 138|0x00000000e8a00000, 0x00000000e8a00000, 0x00000000e8b00000|  0%| F|  |TAMS 0x00000000e8a00000, 0x00000000e8a00000| Untracked 
| 139|0x00000000e8b00000, 0x00000000e8b00000, 0x00000000e8c00000|  0%| F|  |TAMS 0x00000000e8b00000, 0x00000000e8b00000| Untracked 
| 140|0x00000000e8c00000, 0x00000000e8c00000, 0x00000000e8d00000|  0%| F|  |TAMS 0x00000000e8c00000, 0x00000000e8c00000| Untracked 
| 141|0x00000000e8d00000, 0x00000000e8d00000, 0x00000000e8e00000|  0%| F|  |TAMS 0x00000000e8d00000, 0x00000000e8d00000| Untracked 
| 142|0x00000000e8e00000, 0x00000000e8e00000, 0x00000000e8f00000|  0%| F|  |TAMS 0x00000000e8e00000, 0x00000000e8e00000| Untracked 
| 143|0x00000000e8f00000, 0x00000000e8f00000, 0x00000000e9000000|  0%| F|  |TAMS 0x00000000e8f00000, 0x00000000e8f00000| Untracked 
| 144|0x00000000e9000000, 0x00000000e9000000, 0x00000000e9100000|  0%| F|  |TAMS 0x00000000e9000000, 0x00000000e9000000| Untracked 
| 145|0x00000000e9100000, 0x00000000e9100000, 0x00000000e9200000|  0%| F|  |TAMS 0x00000000e9100000, 0x00000000e9100000| Untracked 
| 146|0x00000000e9200000, 0x00000000e9200000, 0x00000000e9300000|  0%| F|  |TAMS 0x00000000e9200000, 0x00000000e9200000| Untracked 
| 147|0x00000000e9300000, 0x00000000e9300000, 0x00000000e9400000|  0%| F|  |TAMS 0x00000000e9300000, 0x00000000e9300000| Untracked 
| 148|0x00000000e9400000, 0x00000000e9400000, 0x00000000e9500000|  0%| F|  |TAMS 0x00000000e9400000, 0x00000000e9400000| Untracked 
| 149|0x00000000e9500000, 0x00000000e9500000, 0x00000000e9600000|  0%| F|  |TAMS 0x00000000e9500000, 0x00000000e9500000| Untracked 
| 150|0x00000000e9600000, 0x00000000e9600000, 0x00000000e9700000|  0%| F|  |TAMS 0x00000000e9600000, 0x00000000e9600000| Untracked 
| 151|0x00000000e9700000, 0x00000000e9700000, 0x00000000e9800000|  0%| F|  |TAMS 0x00000000e9700000, 0x00000000e9700000| Untracked 
| 152|0x00000000e9800000, 0x00000000e9800000, 0x00000000e9900000|  0%| F|  |TAMS 0x00000000e9800000, 0x00000000e9800000| Untracked 
| 153|0x00000000e9900000, 0x00000000e9900000, 0x00000000e9a00000|  0%| F|  |TAMS 0x00000000e9900000, 0x00000000e9900000| Untracked 
| 154|0x00000000e9a00000, 0x00000000e9a00000, 0x00000000e9b00000|  0%| F|  |TAMS 0x00000000e9a00000, 0x00000000e9a00000| Untracked 
| 155|0x00000000e9b00000, 0x00000000e9b00000, 0x00000000e9c00000|  0%| F|  |TAMS 0x00000000e9b00000, 0x00000000e9b00000| Untracked 
| 156|0x00000000e9c00000, 0x00000000e9c00000, 0x00000000e9d00000|  0%| F|  |TAMS 0x00000000e9c00000, 0x00000000e9c00000| Untracked 
| 157|0x00000000e9d00000, 0x00000000e9d00000, 0x00000000e9e00000|  0%| F|  |TAMS 0x00000000e9d00000, 0x00000000e9d00000| Untracked 
| 158|0x00000000e9e00000, 0x00000000e9e00000, 0x00000000e9f00000|  0%| F|  |TAMS 0x00000000e9e00000, 0x00000000e9e00000| Untracked 
| 159|0x00000000e9f00000, 0x00000000e9f00000, 0x00000000ea000000|  0%| F|  |TAMS 0x00000000e9f00000, 0x00000000e9f00000| Untracked 
| 160|0x00000000ea000000, 0x00000000ea000000, 0x00000000ea100000|  0%| F|  |TAMS 0x00000000ea000000, 0x00000000ea000000| Untracked 
| 161|0x00000000ea100000, 0x00000000ea100000, 0x00000000ea200000|  0%| F|  |TAMS 0x00000000ea100000, 0x00000000ea100000| Untracked 
| 162|0x00000000ea200000, 0x00000000ea200000, 0x00000000ea300000|  0%| F|  |TAMS 0x00000000ea200000, 0x00000000ea200000| Untracked 
| 163|0x00000000ea300000, 0x00000000ea300000, 0x00000000ea400000|  0%| F|  |TAMS 0x00000000ea300000, 0x00000000ea300000| Untracked 
| 164|0x00000000ea400000, 0x00000000ea400000, 0x00000000ea500000|  0%| F|  |TAMS 0x00000000ea400000, 0x00000000ea400000| Untracked 
| 165|0x00000000ea500000, 0x00000000ea500000, 0x00000000ea600000|  0%| F|  |TAMS 0x00000000ea500000, 0x00000000ea500000| Untracked 
| 166|0x00000000ea600000, 0x00000000ea600000, 0x00000000ea700000|  0%| F|  |TAMS 0x00000000ea600000, 0x00000000ea600000| Untracked 
| 167|0x00000000ea700000, 0x00000000ea700000, 0x00000000ea800000|  0%| F|  |TAMS 0x00000000ea700000, 0x00000000ea700000| Untracked 
| 168|0x00000000ea800000, 0x00000000ea800000, 0x00000000ea900000|  0%| F|  |TAMS 0x00000000ea800000, 0x00000000ea800000| Untracked 
| 169|0x00000000ea900000, 0x00000000ea900000, 0x00000000eaa00000|  0%| F|  |TAMS 0x00000000ea900000, 0x00000000ea900000| Untracked 
| 170|0x00000000eaa00000, 0x00000000eaa00000, 0x00000000eab00000|  0%| F|  |TAMS 0x00000000eaa00000, 0x00000000eaa00000| Untracked 
| 171|0x00000000eab00000, 0x00000000eab00000, 0x00000000eac00000|  0%| F|  |TAMS 0x00000000eab00000, 0x00000000eab00000| Untracked 
| 172|0x00000000eac00000, 0x00000000eac00000, 0x00000000ead00000|  0%| F|  |TAMS 0x00000000eac00000, 0x00000000eac00000| Untracked 
| 173|0x00000000ead00000, 0x00000000ead00000, 0x00000000eae00000|  0%| F|  |TAMS 0x00000000ead00000, 0x00000000ead00000| Untracked 
| 174|0x00000000eae00000, 0x00000000eae00000, 0x00000000eaf00000|  0%| F|  |TAMS 0x00000000eae00000, 0x00000000eae00000| Untracked 
| 175|0x00000000eaf00000, 0x00000000eaf00000, 0x00000000eb000000|  0%| F|  |TAMS 0x00000000eaf00000, 0x00000000eaf00000| Untracked 
| 176|0x00000000eb000000, 0x00000000eb000000, 0x00000000eb100000|  0%| F|  |TAMS 0x00000000eb000000, 0x00000000eb000000| Untracked 
| 177|0x00000000eb100000, 0x00000000eb100000, 0x00000000eb200000|  0%| F|  |TAMS 0x00000000eb100000, 0x00000000eb100000| Untracked 
| 178|0x00000000eb200000, 0x00000000eb200000, 0x00000000eb300000|  0%| F|  |TAMS 0x00000000eb200000, 0x00000000eb200000| Untracked 
| 179|0x00000000eb300000, 0x00000000eb300000, 0x00000000eb400000|  0%| F|  |TAMS 0x00000000eb300000, 0x00000000eb300000| Untracked 
| 180|0x00000000eb400000, 0x00000000eb400000, 0x00000000eb500000|  0%| F|  |TAMS 0x00000000eb400000, 0x00000000eb400000| Untracked 
| 181|0x00000000eb500000, 0x00000000eb500000, 0x00000000eb600000|  0%| F|  |TAMS 0x00000000eb500000, 0x00000000eb500000| Untracked 
| 182|0x00000000eb600000, 0x00000000eb600000, 0x00000000eb700000|  0%| F|  |TAMS 0x00000000eb600000, 0x00000000eb600000| Untracked 
| 183|0x00000000eb700000, 0x00000000eb700000, 0x00000000eb800000|  0%| F|  |TAMS 0x00000000eb700000, 0x00000000eb700000| Untracked 
| 184|0x00000000eb800000, 0x00000000eb800000, 0x00000000eb900000|  0%| F|  |TAMS 0x00000000eb800000, 0x00000000eb800000| Untracked 
| 185|0x00000000eb900000, 0x00000000eb900000, 0x00000000eba00000|  0%| F|  |TAMS 0x00000000eb900000, 0x00000000eb900000| Untracked 
| 186|0x00000000eba00000, 0x00000000eba00000, 0x00000000ebb00000|  0%| F|  |TAMS 0x00000000eba00000, 0x00000000eba00000| Untracked 
| 187|0x00000000ebb00000, 0x00000000ebb00000, 0x00000000ebc00000|  0%| F|  |TAMS 0x00000000ebb00000, 0x00000000ebb00000| Untracked 
| 188|0x00000000ebc00000, 0x00000000ebc00000, 0x00000000ebd00000|  0%| F|  |TAMS 0x00000000ebc00000, 0x00000000ebc00000| Untracked 
| 189|0x00000000ebd00000, 0x00000000ebd00000, 0x00000000ebe00000|  0%| F|  |TAMS 0x00000000ebd00000, 0x00000000ebd00000| Untracked 
| 190|0x00000000ebe00000, 0x00000000ebe00000, 0x00000000ebf00000|  0%| F|  |TAMS 0x00000000ebe00000, 0x00000000ebe00000| Untracked 
| 191|0x00000000ebf00000, 0x00000000ebf00000, 0x00000000ec000000|  0%| F|  |TAMS 0x00000000ebf00000, 0x00000000ebf00000| Untracked 
| 192|0x00000000ec000000, 0x00000000ec000000, 0x00000000ec100000|  0%| F|  |TAMS 0x00000000ec000000, 0x00000000ec000000| Untracked 
| 193|0x00000000ec100000, 0x00000000ec100000, 0x00000000ec200000|  0%| F|  |TAMS 0x00000000ec100000, 0x00000000ec100000| Untracked 
| 194|0x00000000ec200000, 0x00000000ec280800, 0x00000000ec300000| 50%| E|  |TAMS 0x00000000ec200000, 0x00000000ec200000| Complete 
| 195|0x00000000ec300000, 0x00000000ec400000, 0x00000000ec400000|100%| E|CS|TAMS 0x00000000ec300000, 0x00000000ec300000| Complete 
| 196|0x00000000ec400000, 0x00000000ec500000, 0x00000000ec500000|100%| E|CS|TAMS 0x00000000ec400000, 0x00000000ec400000| Complete 
| 197|0x00000000ec500000, 0x00000000ec600000, 0x00000000ec600000|100%| E|CS|TAMS 0x00000000ec500000, 0x00000000ec500000| Complete 
| 198|0x00000000ec600000, 0x00000000ec700000, 0x00000000ec700000|100%| E|CS|TAMS 0x00000000ec600000, 0x00000000ec600000| Complete 
| 199|0x00000000ec700000, 0x00000000ec800000, 0x00000000ec800000|100%| E|CS|TAMS 0x00000000ec700000, 0x00000000ec700000| Complete 
| 200|0x00000000ec800000, 0x00000000ec8dfcf0, 0x00000000ec900000| 87%| S|CS|TAMS 0x00000000ec800000, 0x00000000ec800000| Complete 
| 201|0x00000000ec900000, 0x00000000eca00000, 0x00000000eca00000|100%| S|CS|TAMS 0x00000000ec900000, 0x00000000ec900000| Complete 
| 202|0x00000000eca00000, 0x00000000ecb00000, 0x00000000ecb00000|100%| S|CS|TAMS 0x00000000eca00000, 0x00000000eca00000| Complete 
| 203|0x00000000ecb00000, 0x00000000ecc00000, 0x00000000ecc00000|100%| S|CS|TAMS 0x00000000ecb00000, 0x00000000ecb00000| Complete 
| 204|0x00000000ecc00000, 0x00000000ecd00000, 0x00000000ecd00000|100%| S|CS|TAMS 0x00000000ecc00000, 0x00000000ecc00000| Complete 
| 205|0x00000000ecd00000, 0x00000000ece00000, 0x00000000ece00000|100%| S|CS|TAMS 0x00000000ecd00000, 0x00000000ecd00000| Complete 
| 206|0x00000000ece00000, 0x00000000ecf00000, 0x00000000ecf00000|100%| S|CS|TAMS 0x00000000ece00000, 0x00000000ece00000| Complete 
| 207|0x00000000ecf00000, 0x00000000ed000000, 0x00000000ed000000|100%| S|CS|TAMS 0x00000000ecf00000, 0x00000000ecf00000| Complete 
| 208|0x00000000ed000000, 0x00000000ed100000, 0x00000000ed100000|100%| S|CS|TAMS 0x00000000ed000000, 0x00000000ed000000| Complete 
| 209|0x00000000ed100000, 0x00000000ed200000, 0x00000000ed200000|100%| S|CS|TAMS 0x00000000ed100000, 0x00000000ed100000| Complete 
| 210|0x00000000ed200000, 0x00000000ed300000, 0x00000000ed300000|100%| S|CS|TAMS 0x00000000ed200000, 0x00000000ed200000| Complete 
| 211|0x00000000ed300000, 0x00000000ed400000, 0x00000000ed400000|100%| S|CS|TAMS 0x00000000ed300000, 0x00000000ed300000| Complete 
| 212|0x00000000ed400000, 0x00000000ed500000, 0x00000000ed500000|100%| S|CS|TAMS 0x00000000ed400000, 0x00000000ed400000| Complete 
| 213|0x00000000ed500000, 0x00000000ed600000, 0x00000000ed600000|100%| E|CS|TAMS 0x00000000ed500000, 0x00000000ed500000| Complete 
| 214|0x00000000ed600000, 0x00000000ed700000, 0x00000000ed700000|100%| E|CS|TAMS 0x00000000ed600000, 0x00000000ed600000| Complete 
| 215|0x00000000ed700000, 0x00000000ed800000, 0x00000000ed800000|100%| E|CS|TAMS 0x00000000ed700000, 0x00000000ed700000| Complete 
| 216|0x00000000ed800000, 0x00000000ed900000, 0x00000000ed900000|100%| E|CS|TAMS 0x00000000ed800000, 0x00000000ed800000| Complete 
| 217|0x00000000ed900000, 0x00000000eda00000, 0x00000000eda00000|100%| E|CS|TAMS 0x00000000ed900000, 0x00000000ed900000| Complete 
| 218|0x00000000eda00000, 0x00000000edb00000, 0x00000000edb00000|100%| E|CS|TAMS 0x00000000eda00000, 0x00000000eda00000| Complete 
| 219|0x00000000edb00000, 0x00000000edc00000, 0x00000000edc00000|100%| E|CS|TAMS 0x00000000edb00000, 0x00000000edb00000| Complete 
| 220|0x00000000edc00000, 0x00000000edd00000, 0x00000000edd00000|100%| E|CS|TAMS 0x00000000edc00000, 0x00000000edc00000| Complete 
| 221|0x00000000edd00000, 0x00000000ede00000, 0x00000000ede00000|100%| E|CS|TAMS 0x00000000edd00000, 0x00000000edd00000| Complete 
| 222|0x00000000ede00000, 0x00000000edf00000, 0x00000000edf00000|100%| E|CS|TAMS 0x00000000ede00000, 0x00000000ede00000| Complete 
| 223|0x00000000edf00000, 0x00000000ee000000, 0x00000000ee000000|100%| E|CS|TAMS 0x00000000edf00000, 0x00000000edf00000| Complete 
| 224|0x00000000ee000000, 0x00000000ee100000, 0x00000000ee100000|100%| E|CS|TAMS 0x00000000ee000000, 0x00000000ee000000| Complete 
| 225|0x00000000ee100000, 0x00000000ee200000, 0x00000000ee200000|100%| E|CS|TAMS 0x00000000ee100000, 0x00000000ee100000| Complete 
| 226|0x00000000ee200000, 0x00000000ee300000, 0x00000000ee300000|100%| E|CS|TAMS 0x00000000ee200000, 0x00000000ee200000| Complete 
| 227|0x00000000ee300000, 0x00000000ee400000, 0x00000000ee400000|100%| E|CS|TAMS 0x00000000ee300000, 0x00000000ee300000| Complete 
| 228|0x00000000ee400000, 0x00000000ee500000, 0x00000000ee500000|100%| E|CS|TAMS 0x00000000ee400000, 0x00000000ee400000| Complete 
| 229|0x00000000ee500000, 0x00000000ee600000, 0x00000000ee600000|100%| E|CS|TAMS 0x00000000ee500000, 0x00000000ee500000| Complete 
| 230|0x00000000ee600000, 0x00000000ee700000, 0x00000000ee700000|100%| E|CS|TAMS 0x00000000ee600000, 0x00000000ee600000| Complete 
| 231|0x00000000ee700000, 0x00000000ee800000, 0x00000000ee800000|100%| E|CS|TAMS 0x00000000ee700000, 0x00000000ee700000| Complete 
| 232|0x00000000ee800000, 0x00000000ee900000, 0x00000000ee900000|100%| E|CS|TAMS 0x00000000ee800000, 0x00000000ee800000| Complete 
| 233|0x00000000ee900000, 0x00000000eea00000, 0x00000000eea00000|100%| E|CS|TAMS 0x00000000ee900000, 0x00000000ee900000| Complete 
| 234|0x00000000eea00000, 0x00000000eeb00000, 0x00000000eeb00000|100%| E|CS|TAMS 0x00000000eea00000, 0x00000000eea00000| Complete 
| 235|0x00000000eeb00000, 0x00000000eec00000, 0x00000000eec00000|100%| E|CS|TAMS 0x00000000eeb00000, 0x00000000eeb00000| Complete 
| 236|0x00000000eec00000, 0x00000000eed00000, 0x00000000eed00000|100%| E|CS|TAMS 0x00000000eec00000, 0x00000000eec00000| Complete 
| 237|0x00000000eed00000, 0x00000000eee00000, 0x00000000eee00000|100%| E|CS|TAMS 0x00000000eed00000, 0x00000000eed00000| Complete 
| 238|0x00000000eee00000, 0x00000000eef00000, 0x00000000eef00000|100%| E|CS|TAMS 0x00000000eee00000, 0x00000000eee00000| Complete 
| 239|0x00000000eef00000, 0x00000000ef000000, 0x00000000ef000000|100%| E|CS|TAMS 0x00000000eef00000, 0x00000000eef00000| Complete 
| 240|0x00000000ef000000, 0x00000000ef100000, 0x00000000ef100000|100%| E|CS|TAMS 0x00000000ef000000, 0x00000000ef000000| Complete 
| 241|0x00000000ef100000, 0x00000000ef200000, 0x00000000ef200000|100%| E|CS|TAMS 0x00000000ef100000, 0x00000000ef100000| Complete 
| 242|0x00000000ef200000, 0x00000000ef300000, 0x00000000ef300000|100%| E|CS|TAMS 0x00000000ef200000, 0x00000000ef200000| Complete 
| 243|0x00000000ef300000, 0x00000000ef400000, 0x00000000ef400000|100%| E|CS|TAMS 0x00000000ef300000, 0x00000000ef300000| Complete 
| 244|0x00000000ef400000, 0x00000000ef500000, 0x00000000ef500000|100%| E|CS|TAMS 0x00000000ef400000, 0x00000000ef400000| Complete 
| 245|0x00000000ef500000, 0x00000000ef600000, 0x00000000ef600000|100%| E|CS|TAMS 0x00000000ef500000, 0x00000000ef500000| Complete 
| 246|0x00000000ef600000, 0x00000000ef700000, 0x00000000ef700000|100%| E|CS|TAMS 0x00000000ef600000, 0x00000000ef600000| Complete 
| 247|0x00000000ef700000, 0x00000000ef800000, 0x00000000ef800000|100%| E|CS|TAMS 0x00000000ef700000, 0x00000000ef700000| Complete 
| 248|0x00000000ef800000, 0x00000000ef900000, 0x00000000ef900000|100%| E|CS|TAMS 0x00000000ef800000, 0x00000000ef800000| Complete 
| 249|0x00000000ef900000, 0x00000000efa00000, 0x00000000efa00000|100%| E|CS|TAMS 0x00000000ef900000, 0x00000000ef900000| Complete 
| 250|0x00000000efa00000, 0x00000000efb00000, 0x00000000efb00000|100%| E|CS|TAMS 0x00000000efa00000, 0x00000000efa00000| Complete 
| 251|0x00000000efb00000, 0x00000000efc00000, 0x00000000efc00000|100%| E|CS|TAMS 0x00000000efb00000, 0x00000000efb00000| Complete 
| 252|0x00000000efc00000, 0x00000000efd00000, 0x00000000efd00000|100%| E|CS|TAMS 0x00000000efc00000, 0x00000000efc00000| Complete 
| 253|0x00000000efd00000, 0x00000000efe00000, 0x00000000efe00000|100%| E|CS|TAMS 0x00000000efd00000, 0x00000000efd00000| Complete 
| 254|0x00000000efe00000, 0x00000000eff00000, 0x00000000eff00000|100%| E|CS|TAMS 0x00000000efe00000, 0x00000000efe00000| Complete 
| 255|0x00000000eff00000, 0x00000000f0000000, 0x00000000f0000000|100%| E|CS|TAMS 0x00000000eff00000, 0x00000000eff00000| Complete 

Card table byte_map: [0x00000262d34a0000,0x00000262d35a0000] _byte_map_base: 0x00000262d2da0000

Marking Bits (Prev, Next): (CMBitMap*) 0x00000262ba67b100, (CMBitMap*) 0x00000262ba67b0c0
 Prev Bits: [0x00000262d3ea0000, 0x00000262d46a0000)
 Next Bits: [0x00000262d36a0000, 0x00000262d3ea0000)

Polling page: 0x00000262ba710000

Metaspace:

Usage:
  Non-class:     54.71 MB used.
      Class:      8.84 MB used.
       Both:     63.55 MB used.

Virtual space:
  Non-class space:       64.00 MB reserved,      55.06 MB ( 86%) committed,  1 nodes.
      Class space:      208.00 MB reserved,       9.13 MB (  4%) committed,  1 nodes.
             Both:      272.00 MB reserved,      64.19 MB ( 24%) committed. 

Chunk freelists:
   Non-Class:  8.30 MB
       Class:  6.91 MB
        Both:  15.20 MB

MaxMetaspaceSize: 256.00 MB
CompressedClassSpaceSize: 208.00 MB
Initial GC threshold: 21.00 MB
Current GC threshold: 99.50 MB
CDS: on
MetaspaceReclaimPolicy: balanced
 - commit_granule_bytes: 65536.
 - commit_granule_words: 8192.
 - virtual_space_node_default_size: 8388608.
 - enlarge_chunks_in_place: 1.
 - new_chunks_are_fully_committed: 0.
 - uncommit_free_chunks: 1.
 - use_allocation_guard: 0.
 - handle_deallocations: 1.


Internal statistics:

num_allocs_failed_limit: 12.
num_arena_births: 770.
num_arena_deaths: 0.
num_vsnodes_births: 2.
num_vsnodes_deaths: 0.
num_space_committed: 1027.
num_space_uncommitted: 0.
num_chunks_returned_to_freelist: 12.
num_chunks_taken_from_freelist: 3471.
num_chunk_merges: 9.
num_chunk_splits: 2237.
num_chunks_enlarged: 1431.
num_inconsistent_stats: 0.

CodeHeap 'non-profiled nmethods': size=120000Kb used=4219Kb max_used=4219Kb free=115780Kb
 bounds [0x00000262cb3f0000, 0x00000262cb810000, 0x00000262d2920000]
CodeHeap 'profiled nmethods': size=120000Kb used=17257Kb max_used=17257Kb free=102742Kb
 bounds [0x00000262c3920000, 0x00000262c4a00000, 0x00000262cae50000]
CodeHeap 'non-nmethods': size=5760Kb used=2348Kb max_used=2434Kb free=3411Kb
 bounds [0x00000262cae50000, 0x00000262cb0d0000, 0x00000262cb3f0000]
 total_blobs=10572 nmethods=9696 adapters=786
 compilation: enabled
              stopped_count=0, restarted_count=0
 full_count=0

Compilation events (20 events):
Event: 81.187 Thread 0x00000262d711de90 10303       2       groovyjarjarantlr4.v4.runtime.atn.SingletonPredictionContext::getParent (23 bytes)
Event: 81.187 Thread 0x00000262d711de90 nmethod 10303 0x00000262c4930b90 code [0x00000262c4930d20, 0x00000262c4930e38]
Event: 81.187 Thread 0x00000262d711de90 10294       1       groovyjarjarantlr4.v4.runtime.atn.SingletonPredictionContext::isEmpty (2 bytes)
Event: 81.187 Thread 0x00000262d711de90 nmethod 10294 0x00000262cb801b90 code [0x00000262cb801d20, 0x00000262cb801df8]
Event: 81.187 Thread 0x00000262d711de90 10295       1       groovyjarjarantlr4.v4.runtime.atn.SingletonPredictionContext::size (2 bytes)
Event: 81.187 Thread 0x00000262d711de90 nmethod 10295 0x00000262cb801e90 code [0x00000262cb802020, 0x00000262cb8020f8]
Event: 81.187 Thread 0x00000262d711de90 10307       3       groovyjarjarantlr4.v4.runtime.atn.ATNConfig::transform (101 bytes)
Event: 81.188 Thread 0x00000262d711de90 nmethod 10307 0x00000262c4930f10 code [0x00000262c4931160, 0x00000262c4931f28]
Event: 81.188 Thread 0x00000262d711de90 10308       3       groovyjarjarantlr4.v4.runtime.atn.ParserATNSimulator::getEpsilonTarget (147 bytes)
Event: 81.188 Thread 0x00000262d711de90 nmethod 10308 0x00000262c4932290 code [0x00000262c4932520, 0x00000262c4933318]
Event: 81.188 Thread 0x00000262d711de90 10310       2       groovyjarjarantlr4.v4.runtime.atn.ATNConfigSet::add (356 bytes)
Event: 81.190 Thread 0x00000262d711de90 nmethod 10310 0x00000262c4933610 code [0x00000262c4933920, 0x00000262c4934648]
Event: 81.190 Thread 0x00000262d711de90 10320       3       groovyjarjarantlr4.v4.runtime.atn.ParserATNSimulator::closure (784 bytes)
Event: 81.194 Thread 0x00000262d711de90 nmethod 10320 0x00000262c4934f90 code [0x00000262c49354e0, 0x00000262c49392b8]
Event: 81.194 Thread 0x00000262d711de90 10316       3       groovyjarjarantlr4.v4.runtime.atn.SingletonPredictionContext::getReturnState (23 bytes)
Event: 81.194 Thread 0x00000262d711de90 nmethod 10316 0x00000262c493a290 code [0x00000262c493a420, 0x00000262c493a538]
Event: 81.194 Thread 0x00000262d711de90 10325       3       groovyjarjarantlr4.v4.runtime.atn.SingletonPredictionContext::getParent (23 bytes)
Event: 81.194 Thread 0x00000262d711de90 nmethod 10325 0x00000262c493a610 code [0x00000262c493a7a0, 0x00000262c493a8b8]
Event: 81.194 Thread 0x00000262d711de90 10329       3       groovyjarjarantlr4.v4.runtime.atn.ATNConfigSet::canMerge (46 bytes)
Event: 81.194 Thread 0x00000262d711de90 nmethod 10329 0x00000262c493a990 code [0x00000262c493ab80, 0x00000262c493b038]

GC Heap History (20 events):
Event: 2.080 GC heap before
{Heap before GC invocations=1 (full 0):
 garbage-first heap   total 262144K, used 37576K [0x00000000e0000000, 0x0000000100000000)
  region size 1024K, 31 young (31744K), 3 survivors (3072K)
 Metaspace       used 3948K, committed 4160K, reserved 278528K
  class space    used 477K, committed 576K, reserved 212992K
}
Event: 2.085 GC heap after
{Heap after GC invocations=2 (full 0):
 garbage-first heap   total 262144K, used 13198K [0x00000000e0000000, 0x0000000100000000)
  region size 1024K, 4 young (4096K), 4 survivors (4096K)
 Metaspace       used 3948K, committed 4160K, reserved 278528K
  class space    used 477K, committed 576K, reserved 212992K
}
Event: 5.959 GC heap before
{Heap before GC invocations=2 (full 0):
 garbage-first heap   total 262144K, used 116622K [0x00000000e0000000, 0x0000000100000000)
  region size 1024K, 106 young (108544K), 4 survivors (4096K)
 Metaspace       used 21203K, committed 21504K, reserved 278528K
  class space    used 3171K, committed 3328K, reserved 212992K
}
Event: 5.972 GC heap after
{Heap after GC invocations=3 (full 0):
 garbage-first heap   total 262144K, used 20758K [0x00000000e0000000, 0x0000000100000000)
  region size 1024K, 12 young (12288K), 12 survivors (12288K)
 Metaspace       used 21203K, committed 21504K, reserved 278528K
  class space    used 3171K, committed 3328K, reserved 212992K
}
Event: 8.337 GC heap before
{Heap before GC invocations=4 (full 0):
 garbage-first heap   total 262144K, used 128278K [0x00000000e0000000, 0x0000000100000000)
  region size 1024K, 115 young (117760K), 12 survivors (12288K)
 Metaspace       used 35719K, committed 36096K, reserved 278528K
  class space    used 4917K, committed 5120K, reserved 212992K
}
Event: 8.356 GC heap after
{Heap after GC invocations=5 (full 0):
 garbage-first heap   total 262144K, used 31191K [0x00000000e0000000, 0x0000000100000000)
  region size 1024K, 17 young (17408K), 17 survivors (17408K)
 Metaspace       used 35719K, committed 36096K, reserved 278528K
  class space    used 4917K, committed 5120K, reserved 212992K
}
Event: 8.381 GC heap before
{Heap before GC invocations=5 (full 0):
 garbage-first heap   total 262144K, used 32215K [0x00000000e0000000, 0x0000000100000000)
  region size 1024K, 18 young (18432K), 17 survivors (17408K)
 Metaspace       used 35852K, committed 36224K, reserved 278528K
  class space    used 4945K, committed 5120K, reserved 212992K
}
Event: 8.396 GC heap after
{Heap after GC invocations=6 (full 0):
 garbage-first heap   total 262144K, used 32047K [0x00000000e0000000, 0x0000000100000000)
  region size 1024K, 2 young (2048K), 2 survivors (2048K)
 Metaspace       used 35852K, committed 36224K, reserved 278528K
  class space    used 4945K, committed 5120K, reserved 212992K
}
Event: 8.430 GC heap before
{Heap before GC invocations=6 (full 0):
 garbage-first heap   total 262144K, used 33071K [0x00000000e0000000, 0x0000000100000000)
  region size 1024K, 4 young (4096K), 2 survivors (2048K)
 Metaspace       used 36045K, committed 36416K, reserved 278528K
  class space    used 4976K, committed 5184K, reserved 212992K
}
Event: 8.432 GC heap after
{Heap after GC invocations=7 (full 0):
 garbage-first heap   total 262144K, used 30586K [0x00000000e0000000, 0x0000000100000000)
  region size 1024K, 1 young (1024K), 1 survivors (1024K)
 Metaspace       used 36045K, committed 36416K, reserved 278528K
  class space    used 4976K, committed 5184K, reserved 212992K
}
Event: 11.945 GC heap before
{Heap before GC invocations=8 (full 0):
 garbage-first heap   total 262144K, used 186234K [0x00000000e0000000, 0x0000000100000000)
  region size 1024K, 153 young (156672K), 1 survivors (1024K)
 Metaspace       used 47976K, committed 48448K, reserved 278528K
  class space    used 6754K, committed 6976K, reserved 212992K
}
Event: 11.959 GC heap after
{Heap after GC invocations=9 (full 0):
 garbage-first heap   total 262144K, used 41865K [0x00000000e0000000, 0x0000000100000000)
  region size 1024K, 12 young (12288K), 12 survivors (12288K)
 Metaspace       used 47976K, committed 48448K, reserved 278528K
  class space    used 6754K, committed 6976K, reserved 212992K
}
Event: 13.896 GC heap before
{Heap before GC invocations=9 (full 0):
 garbage-first heap   total 262144K, used 186249K [0x00000000e0000000, 0x0000000100000000)
  region size 1024K, 153 young (156672K), 12 survivors (12288K)
 Metaspace       used 50034K, committed 50560K, reserved 278528K
  class space    used 6959K, committed 7168K, reserved 212992K
}
Event: 13.909 GC heap after
{Heap after GC invocations=10 (full 0):
 garbage-first heap   total 262144K, used 46244K [0x00000000e0000000, 0x0000000100000000)
  region size 1024K, 5 young (5120K), 5 survivors (5120K)
 Metaspace       used 50034K, committed 50560K, reserved 278528K
  class space    used 6959K, committed 7168K, reserved 212992K
}
Event: 16.713 GC heap before
{Heap before GC invocations=10 (full 0):
 garbage-first heap   total 262144K, used 201892K [0x00000000e0000000, 0x0000000100000000)
  region size 1024K, 153 young (156672K), 5 survivors (5120K)
 Metaspace       used 57385K, committed 57920K, reserved 278528K
  class space    used 7883K, committed 8128K, reserved 212992K
}
Event: 16.761 GC heap after
{Heap after GC invocations=11 (full 0):
 garbage-first heap   total 262144K, used 89022K [0x00000000e0000000, 0x0000000100000000)
  region size 1024K, 20 young (20480K), 20 survivors (20480K)
 Metaspace       used 57385K, committed 57920K, reserved 278528K
  class space    used 7883K, committed 8128K, reserved 212992K
}
Event: 17.100 GC heap before
{Heap before GC invocations=11 (full 0):
 garbage-first heap   total 262144K, used 100286K [0x00000000e0000000, 0x0000000100000000)
  region size 1024K, 31 young (31744K), 20 survivors (20480K)
 Metaspace       used 58942K, committed 59520K, reserved 278528K
  class space    used 8101K, committed 8384K, reserved 212992K
}
Event: 17.131 GC heap after
{Heap after GC invocations=12 (full 0):
 garbage-first heap   total 262144K, used 93973K [0x00000000e0000000, 0x0000000100000000)
  region size 1024K, 4 young (4096K), 4 survivors (4096K)
 Metaspace       used 58942K, committed 59520K, reserved 278528K
  class space    used 8101K, committed 8384K, reserved 212992K
}
Event: 27.545 GC heap before
{Heap before GC invocations=12 (full 0):
 garbage-first heap   total 262144K, used 133909K [0x00000000e0000000, 0x0000000100000000)
  region size 1024K, 43 young (44032K), 4 survivors (4096K)
 Metaspace       used 60401K, committed 61056K, reserved 278528K
  class space    used 8306K, committed 8640K, reserved 212992K
}
Event: 27.572 GC heap after
{Heap after GC invocations=13 (full 0):
 garbage-first heap   total 262144K, used 104745K [0x00000000e0000000, 0x0000000100000000)
  region size 1024K, 13 young (13312K), 13 survivors (13312K)
 Metaspace       used 60401K, committed 61056K, reserved 278528K
  class space    used 8306K, committed 8640K, reserved 212992K
}

Dll operation events (12 events):
Event: 0.018 Loaded shared library C:\Users\Leanne Sriram\.jdks\corretto-17.0.7\bin\java.dll
Event: 0.037 Loaded shared library C:\Users\Leanne Sriram\.jdks\corretto-17.0.7\bin\jsvml.dll
Event: 0.132 Loaded shared library C:\Users\Leanne Sriram\.jdks\corretto-17.0.7\bin\net.dll
Event: 0.136 Loaded shared library C:\Users\Leanne Sriram\.jdks\corretto-17.0.7\bin\nio.dll
Event: 0.146 Loaded shared library C:\Users\Leanne Sriram\.jdks\corretto-17.0.7\bin\zip.dll
Event: 0.562 Loaded shared library C:\Users\Leanne Sriram\.jdks\corretto-17.0.7\bin\jimage.dll
Event: 0.677 Loaded shared library C:\Users\Leanne Sriram\.jdks\corretto-17.0.7\bin\verify.dll
Event: 0.945 Loaded shared library C:\Users\Leanne Sriram\.gradle\native\e1d6ef7f7dcc3fd88c89a11ec53ec762bb8ba0a96d01ffa2cd45eb1d1d8dd5c5\windows-amd64\native-platform.dll
Event: 0.995 Loaded shared library C:\Users\Leanne Sriram\.gradle\native\0d407fdbe67a94daf76414ababcb853783967236a71b16ec16e742cd7a986fd3\windows-amd64\native-platform-file-events.dll
Event: 2.436 Loaded shared library C:\Users\Leanne Sriram\.jdks\corretto-17.0.7\bin\management.dll
Event: 2.466 Loaded shared library C:\Users\Leanne Sriram\.jdks\corretto-17.0.7\bin\management_ext.dll
Event: 3.676 Loaded shared library C:\Users\Leanne Sriram\.jdks\corretto-17.0.7\bin\sunmscapi.dll

Deoptimization events (20 events):
Event: 80.829 Thread 0x00000262dccfbb90 Uncommon trap: trap_request=0xffffffc6 fr.pc=0x00000262cb7e77fc relative=0x0000000000000b1c
Event: 80.829 Thread 0x00000262dccfbb90 Uncommon trap: reason=bimorphic_or_optimized_type_check action=maybe_recompile pc=0x00000262cb7e77fc method=java.io.DataOutputStream.writeLong(J)V @ 108 c2
Event: 80.829 Thread 0x00000262dccfbb90 DEOPT PACKING pc=0x00000262cb7e77fc sp=0x000000a2a89f8600
Event: 80.829 Thread 0x00000262dccfbb90 DEOPT UNPACKING pc=0x00000262caea69a3 sp=0x000000a2a89f85e8 mode 2
Event: 80.833 Thread 0x00000262dccfbb90 Uncommon trap: trap_request=0xffffffc6 fr.pc=0x00000262cb7e77fc relative=0x0000000000000b1c
Event: 80.833 Thread 0x00000262dccfbb90 Uncommon trap: reason=bimorphic_or_optimized_type_check action=maybe_recompile pc=0x00000262cb7e77fc method=java.io.DataOutputStream.writeLong(J)V @ 108 c2
Event: 80.833 Thread 0x00000262dccfbb90 DEOPT PACKING pc=0x00000262cb7e77fc sp=0x000000a2a89f8a20
Event: 80.833 Thread 0x00000262dccfbb90 DEOPT UNPACKING pc=0x00000262caea69a3 sp=0x000000a2a89f8a08 mode 2
Event: 80.835 Thread 0x00000262dccfbb90 Uncommon trap: trap_request=0xffffff45 fr.pc=0x00000262cb480618 relative=0x0000000000000078
Event: 80.835 Thread 0x00000262dccfbb90 Uncommon trap: reason=unstable_if action=reinterpret pc=0x00000262cb480618 method=com.google.common.math.IntMath.log2(ILjava/math/RoundingMode;)I @ 15 c2
Event: 80.835 Thread 0x00000262dccfbb90 DEOPT PACKING pc=0x00000262cb480618 sp=0x000000a2a89f8800
Event: 80.835 Thread 0x00000262dccfbb90 DEOPT UNPACKING pc=0x00000262caea69a3 sp=0x000000a2a89f8788 mode 2
Event: 80.906 Thread 0x00000262dccfbb90 DEOPT PACKING pc=0x00000262c3d6bda3 sp=0x000000a2a89f7880
Event: 80.906 Thread 0x00000262dccfbb90 DEOPT UNPACKING pc=0x00000262caea7143 sp=0x000000a2a89f6cf0 mode 0
Event: 80.966 Thread 0x00000262dccfbb90 DEOPT PACKING pc=0x00000262c3fc9395 sp=0x000000a2a89f47d0
Event: 80.966 Thread 0x00000262dccfbb90 DEOPT UNPACKING pc=0x00000262caea7143 sp=0x000000a2a89f3c58 mode 0
Event: 81.174 Thread 0x00000262dccfbb90 DEOPT PACKING pc=0x00000262c4927af4 sp=0x000000a2a89f8360
Event: 81.174 Thread 0x00000262dccfbb90 DEOPT UNPACKING pc=0x00000262caea7143 sp=0x000000a2a89f7860 mode 0
Event: 81.174 Thread 0x00000262dccfbb90 DEOPT PACKING pc=0x00000262c49263b4 sp=0x000000a2a89f8450
Event: 81.174 Thread 0x00000262dccfbb90 DEOPT UNPACKING pc=0x00000262caea7143 sp=0x000000a2a89f7958 mode 0

Classes unloaded (0 events):
No events

Classes redefined (0 events):
No events

Internal exceptions (20 events):
Event: 80.709 Thread 0x00000262dccfbb90 Exception <a 'java/lang/NoSuchMethodError'{0x00000000ef87c918}: static Lorg/jetbrains/kotlin/idea/gradleTooling/KotlinKPMGradleModel;.<clinit>()V> (0x00000000ef87c918) 
thrown [s\src\hotspot\share\prims\jni.cpp, line 1107]
Event: 80.710 Thread 0x00000262dccfbb90 Exception <a 'java/lang/NoSuchMethodError'{0x00000000ef889fd8}: static Lorg/jetbrains/plugins/gradle/model/AnnotationProcessingModel;.<clinit>()V> (0x00000000ef889fd8) 
thrown [s\src\hotspot\share\prims\jni.cpp, line 1107]
Event: 80.730 Thread 0x00000262dccfbb90 Exception <a 'java/lang/NoSuchMethodError'{0x00000000ef8ed8d8}: static Lorg/jetbrains/kotlin/android/synthetic/idea/AndroidExtensionsGradleModel;.<clinit>()V> (0x00000000ef8ed8d8) 
thrown [s\src\hotspot\share\prims\jni.cpp, line 1107]
Event: 80.731 Thread 0x00000262dccfbb90 Exception <a 'java/lang/NoSuchMethodError'{0x00000000ef8f9238}: static Lorg/jetbrains/kotlin/idea/gradleTooling/model/noarg/NoArgModel;.<clinit>()V> (0x00000000ef8f9238) 
thrown [s\src\hotspot\share\prims\jni.cpp, line 1107]
Event: 80.733 Thread 0x00000262dccfbb90 Exception <a 'java/lang/NoSuchMethodError'{0x00000000ef709f88}: static Lorg/jetbrains/kotlin/idea/gradleTooling/KotlinDslScriptModelProvider;.<clinit>()V> (0x00000000ef709f88) 
thrown [s\src\hotspot\share\prims\jni.cpp, line 1107]
Event: 80.734 Thread 0x00000262dccfbb90 Exception <a 'java/lang/NoSuchMethodError'{0x00000000ef719398}: static Lorg/jetbrains/kotlin/idea/gradleTooling/model/samWithReceiver/SamWithReceiverModel;.<clinit>()V> (0x00000000ef719398) 
thrown [s\src\hotspot\share\prims\jni.cpp, line 1107]
Event: 80.740 Thread 0x00000262dccfbb90 Exception <a 'java/lang/NoSuchMethodError'{0x00000000ef72d680}: static Ljava/lang/Object;.<clinit>()V> (0x00000000ef72d680) 
thrown [s\src\hotspot\share\prims\jni.cpp, line 1107]
Event: 80.741 Thread 0x00000262dccfbb90 Exception <a 'java/lang/NoSuchMethodError'{0x00000000ef73a360}: static Lorg/jetbrains/kotlin/idea/gradleTooling/KotlinGradleModel;.<clinit>()V> (0x00000000ef73a360) 
thrown [s\src\hotspot\share\prims\jni.cpp, line 1107]
Event: 80.742 Thread 0x00000262dccfbb90 Exception <a 'java/lang/NoSuchMethodError'{0x00000000ef749078}: static Lorg/jetbrains/kotlin/idea/gradleTooling/PrepareKotlinIdeImportTaskModel;.<clinit>()V> (0x00000000ef749078) 
thrown [s\src\hotspot\share\prims\jni.cpp, line 1107]
Event: 80.744 Thread 0x00000262dccfbb90 Exception <a 'java/lang/NoSuchMethodError'{0x00000000ef757f20}: static Lorg/jetbrains/plugins/gradle/model/UnresolvedExternalDependency;.<clinit>()V> (0x00000000ef757f20) 
thrown [s\src\hotspot\share\prims\jni.cpp, line 1107]
Event: 80.745 Thread 0x00000262dccfbb90 Exception <a 'java/lang/NoSuchMethodError'{0x00000000ef7612a0}: static Lorg/jetbrains/plugins/gradle/model/ExternalProjectDependency;.<clinit>()V> (0x00000000ef7612a0) 
thrown [s\src\hotspot\share\prims\jni.cpp, line 1107]
Event: 80.745 Thread 0x00000262dccfbb90 Exception <a 'java/lang/NoSuchMethodError'{0x00000000ef76a8a0}: static Lorg/jetbrains/plugins/gradle/model/FileCollectionDependency;.<clinit>()V> (0x00000000ef76a8a0) 
thrown [s\src\hotspot\share\prims\jni.cpp, line 1107]
Event: 80.746 Thread 0x00000262dccfbb90 Exception <a 'java/lang/NoSuchMethodError'{0x00000000ef773980}: static Lorg/jetbrains/plugins/gradle/model/ExternalLibraryDependency;.<clinit>()V> (0x00000000ef773980) 
thrown [s\src\hotspot\share\prims\jni.cpp, line 1107]
Event: 80.755 Thread 0x00000262dccfbb90 Exception <a 'java/lang/NoSuchMethodError'{0x00000000ef604fe0}: static Lorg/gradle/tooling/internal/consumer/versioning/VersionDetails;.<clinit>()V> (0x00000000ef604fe0) 
thrown [s\src\hotspot\share\prims\jni.cpp, line 1107]
Event: 80.755 Thread 0x00000262dccfbb90 Exception <a 'java/lang/NoSuchMethodError'{0x00000000ef607988}: static Lorg/gradle/tooling/internal/consumer/versioning/VersionDetails$R26VersionDetails;.<clinit>()V> (0x00000000ef607988) 
thrown [s\src\hotspot\share\prims\jni.cpp, line 1107]
Event: 80.755 Thread 0x00000262dccfbb90 Exception <a 'java/lang/NoSuchMethodError'{0x00000000ef608f00}: static Lorg/gradle/tooling/internal/consumer/versioning/VersionDetails$R28VersionDetails;.<clinit>()V> (0x00000000ef608f00) 
thrown [s\src\hotspot\share\prims\jni.cpp, line 1107]
Event: 80.755 Thread 0x00000262dccfbb90 Exception <a 'java/lang/NoSuchMethodError'{0x00000000ef60a408}: static Lorg/gradle/tooling/internal/consumer/versioning/VersionDetails$R35VersionDetails;.<clinit>()V> (0x00000000ef60a408) 
thrown [s\src\hotspot\share\prims\jni.cpp, line 1107]
Event: 80.756 Thread 0x00000262dccfbb90 Exception <a 'java/lang/NoSuchMethodError'{0x00000000ef60bad8}: static Lorg/gradle/tooling/internal/consumer/versioning/VersionDetails$R44VersionDetails;.<clinit>()V> (0x00000000ef60bad8) 
thrown [s\src\hotspot\share\prims\jni.cpp, line 1107]
Event: 80.756 Thread 0x00000262dccfbb90 Exception <a 'java/lang/NoSuchMethodError'{0x00000000ef60d0e0}: static Lorg/gradle/tooling/internal/consumer/versioning/VersionDetails$R48VersionDetails;.<clinit>()V> (0x00000000ef60d0e0) 
thrown [s\src\hotspot\share\prims\jni.cpp, line 1107]
Event: 80.756 Thread 0x00000262dccfbb90 Exception <a 'java/lang/NoSuchMethodError'{0x00000000ef60e2e0}: static Lorg/gradle/tooling/internal/consumer/versioning/VersionDetails$R51VersionDetails;.<clinit>()V> (0x00000000ef60e2e0) 
thrown [s\src\hotspot\share\prims\jni.cpp, line 1107]

VM Operations (20 events):
Event: 61.989 Executing VM operation: Cleanup
Event: 61.989 Executing VM operation: Cleanup done
Event: 65.016 Executing VM operation: Cleanup
Event: 65.016 Executing VM operation: Cleanup done
Event: 70.049 Executing VM operation: Cleanup
Event: 70.050 Executing VM operation: Cleanup done
Event: 75.080 Executing VM operation: Cleanup
Event: 75.080 Executing VM operation: Cleanup done
Event: 76.082 Executing VM operation: Cleanup
Event: 76.082 Executing VM operation: Cleanup done
Event: 77.089 Executing VM operation: Cleanup
Event: 77.089 Executing VM operation: Cleanup done
Event: 79.094 Executing VM operation: Cleanup
Event: 79.094 Executing VM operation: Cleanup done
Event: 81.072 Executing VM operation: HandshakeAllThreads
Event: 81.072 Executing VM operation: HandshakeAllThreads done
Event: 81.072 Executing VM operation: Cleanup
Event: 81.072 Executing VM operation: Cleanup done
Event: 81.173 Executing VM operation: HandshakeAllThreads
Event: 81.174 Executing VM operation: HandshakeAllThreads done

Events (20 events):
Event: 78.139 Thread 0x00000262de79cbf0 Thread exited: 0x00000262de79cbf0
Event: 78.148 Thread 0x00000262de79bd80 Thread exited: 0x00000262de79bd80
Event: 78.148 Thread 0x00000262de79f740 Thread exited: 0x00000262de79f740
Event: 78.167 Thread 0x00000262dd892cb0 Thread exited: 0x00000262dd892cb0
Event: 80.792 loading class java/util/concurrent/Executors$FinalizableDelegatedExecutorService
Event: 80.796 loading class java/util/concurrent/Executors$DelegatedExecutorService
Event: 80.797 loading class java/util/concurrent/Executors$DelegatedExecutorService done
Event: 80.797 loading class java/util/concurrent/Executors$FinalizableDelegatedExecutorService done
Event: 80.816 Thread 0x00000262ded2f780 Thread added: 0x00000262ded2f780
Event: 80.821 Thread 0x00000262ded2e440 Thread added: 0x00000262ded2e440
Event: 80.826 Thread 0x00000262ded2b420 Thread added: 0x00000262ded2b420
Event: 80.831 Thread 0x00000262ded2ede0 Thread added: 0x00000262ded2ede0
Event: 81.025 loading class java/util/EmptyStackException
Event: 81.025 loading class java/util/EmptyStackException done
Event: 81.031 loading class java/io/InvalidClassException
Event: 81.032 loading class java/io/InvalidClassException done
Event: 81.177 loading class java/util/concurrent/atomic/AtomicIntegerArray
Event: 81.177 loading class java/util/concurrent/atomic/AtomicIntegerArray done
Event: 81.177 loading class java/lang/invoke/VarHandleInts$Array
Event: 81.178 loading class java/lang/invoke/VarHandleInts$Array done


Dynamic libraries:
0x00007ff71e1d0000 - 0x00007ff71e1dd000 	C:\Users\Leanne Sriram\.jdks\corretto-17.0.7\bin\java.exe
0x00007ff81af60000 - 0x00007ff81b169000 	C:\WINDOWS\SYSTEM32\ntdll.dll
0x00007ff819f00000 - 0x00007ff819fbe000 	C:\WINDOWS\System32\KERNEL32.DLL
0x00007ff8185a0000 - 0x00007ff818923000 	C:\WINDOWS\System32\KERNELBASE.dll
0x00007ff818480000 - 0x00007ff818591000 	C:\WINDOWS\System32\ucrtbase.dll
0x00007ffffe8b0000 - 0x00007ffffe8c7000 	C:\Users\Leanne Sriram\.jdks\corretto-17.0.7\bin\jli.dll
0x00007ff81a500000 - 0x00007ff81a6ad000 	C:\WINDOWS\System32\USER32.dll
0x00007ff818aa0000 - 0x00007ff818ac6000 	C:\WINDOWS\System32\win32u.dll
0x00007ff81aef0000 - 0x00007ff81af19000 	C:\WINDOWS\System32\GDI32.dll
0x00007ff818ad0000 - 0x00007ff818bea000 	C:\WINDOWS\System32\gdi32full.dll
0x00007ff818d30000 - 0x00007ff818dcd000 	C:\WINDOWS\System32\msvcp_win.dll
0x00007ffffcf60000 - 0x00007ffffcf75000 	C:\Users\Leanne Sriram\.jdks\corretto-17.0.7\bin\VCRUNTIME140.dll
0x00007ff808cf0000 - 0x00007ff808f95000 	C:\WINDOWS\WinSxS\amd64_microsoft.windows.common-controls_6595b64144ccf1df_6.0.22000.120_none_9d947278b86cc467\COMCTL32.dll
0x00007ff819220000 - 0x00007ff8192c3000 	C:\WINDOWS\System32\msvcrt.dll
0x00007ff819ec0000 - 0x00007ff819ef1000 	C:\WINDOWS\System32\IMM32.DLL
0x00007ff819c00000 - 0x00007ff819d21000 	C:\WINDOWS\System32\RPCRT4.dll
0x00007ff8176e0000 - 0x00007ff817722000 	C:\WINDOWS\SYSTEM32\SspiCli.dll
0x00007ffff5f60000 - 0x00007ffff5ffb000 	C:\Users\Leanne Sriram\.jdks\corretto-17.0.7\bin\msvcp140.dll
0x00007fffc8110000 - 0x00007fffc8d2a000 	C:\Users\Leanne Sriram\.jdks\corretto-17.0.7\bin\server\jvm.dll
0x00007ff81a450000 - 0x00007ff81a4fe000 	C:\WINDOWS\System32\ADVAPI32.dll
0x00007ff819d30000 - 0x00007ff819dce000 	C:\WINDOWS\System32\sechost.dll
0x00007ff814a70000 - 0x00007ff814a79000 	C:\WINDOWS\SYSTEM32\WSOCK32.dll
0x00007ff81a3e0000 - 0x00007ff81a44f000 	C:\WINDOWS\System32\WS2_32.dll
0x00007ff812ab0000 - 0x00007ff812ae3000 	C:\WINDOWS\SYSTEM32\WINMM.dll
0x00007ff8102a0000 - 0x00007ff8102aa000 	C:\WINDOWS\SYSTEM32\VERSION.dll
0x00007ff817450000 - 0x00007ff817468000 	C:\WINDOWS\SYSTEM32\kernel.appcore.dll
0x00007ff807f30000 - 0x00007ff807f3a000 	C:\Users\Leanne Sriram\.jdks\corretto-17.0.7\bin\jimage.dll
0x00007ff800670000 - 0x00007ff800891000 	C:\WINDOWS\SYSTEM32\DBGHELP.DLL
0x00007ff8016a0000 - 0x00007ff8016d1000 	C:\WINDOWS\SYSTEM32\dbgcore.DLL
0x00007ff818bf0000 - 0x00007ff818c6f000 	C:\WINDOWS\System32\bcryptPrimitives.dll
0x00007ffffcd00000 - 0x00007ffffcd25000 	C:\Users\Leanne Sriram\.jdks\corretto-17.0.7\bin\java.dll
0x00007ffff1fe0000 - 0x00007ffff20b6000 	C:\Users\Leanne Sriram\.jdks\corretto-17.0.7\bin\jsvml.dll
0x00007ff81a720000 - 0x00007ff81aee5000 	C:\WINDOWS\System32\SHELL32.dll
0x00007ff8164b0000 - 0x00007ff816d14000 	C:\WINDOWS\SYSTEM32\windows.storage.dll
0x00007ff8197d0000 - 0x00007ff819b46000 	C:\WINDOWS\System32\combase.dll
0x00007ff816340000 - 0x00007ff8164a7000 	C:\WINDOWS\SYSTEM32\wintypes.dll
0x00007ff818f30000 - 0x00007ff81901a000 	C:\WINDOWS\System32\SHCORE.dll
0x00007ff81a380000 - 0x00007ff81a3dd000 	C:\WINDOWS\System32\shlwapi.dll
0x00007ff818340000 - 0x00007ff818361000 	C:\WINDOWS\SYSTEM32\profapi.dll
0x00007ffffcdc0000 - 0x00007ffffcdd9000 	C:\Users\Leanne Sriram\.jdks\corretto-17.0.7\bin\net.dll
0x00007ff8131f0000 - 0x00007ff813302000 	C:\WINDOWS\SYSTEM32\WINHTTP.dll
0x00007ff8178e0000 - 0x00007ff817947000 	C:\WINDOWS\system32\mswsock.dll
0x00007ffffcb20000 - 0x00007ffffcb35000 	C:\Users\Leanne Sriram\.jdks\corretto-17.0.7\bin\nio.dll
0x00007ffffc950000 - 0x00007ffffc968000 	C:\Users\Leanne Sriram\.jdks\corretto-17.0.7\bin\zip.dll
0x00007ff802010000 - 0x00007ff802020000 	C:\Users\Leanne Sriram\.jdks\corretto-17.0.7\bin\verify.dll
0x00007ffff9700000 - 0x00007ffff9727000 	C:\Users\Leanne Sriram\.gradle\native\e1d6ef7f7dcc3fd88c89a11ec53ec762bb8ba0a96d01ffa2cd45eb1d1d8dd5c5\windows-amd64\native-platform.dll
0x00007fffcc980000 - 0x00007fffccac4000 	C:\Users\Leanne Sriram\.gradle\native\0d407fdbe67a94daf76414ababcb853783967236a71b16ec16e742cd7a986fd3\windows-amd64\native-platform-file-events.dll
0x00007ff8003b0000 - 0x00007ff8003b9000 	C:\Users\Leanne Sriram\.jdks\corretto-17.0.7\bin\management.dll
0x00007ff800040000 - 0x00007ff80004b000 	C:\Users\Leanne Sriram\.jdks\corretto-17.0.7\bin\management_ext.dll
0x00007ff81a250000 - 0x00007ff81a258000 	C:\WINDOWS\System32\PSAPI.DLL
0x00007ff817c20000 - 0x00007ff817c38000 	C:\WINDOWS\SYSTEM32\CRYPTSP.dll
0x00007ff8173b0000 - 0x00007ff8173e5000 	C:\WINDOWS\system32\rsaenh.dll
0x00007ff817980000 - 0x00007ff8179a9000 	C:\WINDOWS\SYSTEM32\USERENV.dll
0x00007ff817df0000 - 0x00007ff817e17000 	C:\WINDOWS\SYSTEM32\bcrypt.dll
0x00007ff817ad0000 - 0x00007ff817adc000 	C:\WINDOWS\SYSTEM32\CRYPTBASE.dll
0x00007ff816f70000 - 0x00007ff816f9d000 	C:\WINDOWS\SYSTEM32\IPHLPAPI.DLL
0x00007ff819fc0000 - 0x00007ff819fc9000 	C:\WINDOWS\System32\NSI.dll
0x00007ff813110000 - 0x00007ff813129000 	C:\WINDOWS\SYSTEM32\dhcpcsvc6.DLL
0x00007ff813860000 - 0x00007ff81387e000 	C:\WINDOWS\SYSTEM32\dhcpcsvc.DLL
0x00007ff816fa0000 - 0x00007ff817088000 	C:\WINDOWS\SYSTEM32\DNSAPI.dll
0x00007ff800010000 - 0x00007ff80001e000 	C:\Users\Leanne Sriram\.jdks\corretto-17.0.7\bin\sunmscapi.dll
0x00007ff818930000 - 0x00007ff818a92000 	C:\WINDOWS\System32\CRYPT32.dll
0x00007ff817d70000 - 0x00007ff817d9a000 	C:\WINDOWS\SYSTEM32\ncrypt.dll
0x00007ff817d30000 - 0x00007ff817d67000 	C:\WINDOWS\SYSTEM32\NTASN1.dll
0x00007ffffe8a0000 - 0x00007ffffe8a8000 	C:\WINDOWS\system32\wshunix.dll

dbghelp: loaded successfully - version: 4.0.5 - missing functions: none
symbol engine: initialized successfully - sym options: 0x614 - pdb path: .;C:\Users\Leanne Sriram\.jdks\corretto-17.0.7\bin;C:\WINDOWS\SYSTEM32;C:\WINDOWS\WinSxS\amd64_microsoft.windows.common-controls_6595b64144ccf1df_6.0.22000.120_none_9d947278b86cc467;C:\Users\Leanne Sriram\.jdks\corretto-17.0.7\bin\server;C:\Users\Leanne Sriram\.gradle\native\e1d6ef7f7dcc3fd88c89a11ec53ec762bb8ba0a96d01ffa2cd45eb1d1d8dd5c5\windows-amd64;C:\Users\Leanne Sriram\.gradle\native\0d407fdbe67a94daf76414ababcb853783967236a71b16ec16e742cd7a986fd3\windows-amd64

VM Arguments:
jvm_args: --add-opens=java.base/java.util=ALL-UNNAMED --add-opens=java.base/java.lang=ALL-UNNAMED --add-opens=java.base/java.lang.invoke=ALL-UNNAMED --add-opens=java.base/java.util=ALL-UNNAMED --add-opens=java.prefs/java.util.prefs=ALL-UNNAMED --add-opens=java.prefs/java.util.prefs=ALL-UNNAMED --add-opens=java.base/java.nio.charset=ALL-UNNAMED --add-opens=java.base/java.net=ALL-UNNAMED --add-opens=java.base/java.util.concurrent.atomic=ALL-UNNAMED -XX:MaxMetaspaceSize=256m -XX:+HeapDumpOnOutOfMemoryError -Xms256m -Xmx512m -Dfile.encoding=windows-1252 -Duser.country=IN -Duser.language=en -Duser.variant 
java_command: org.gradle.launcher.daemon.bootstrap.GradleDaemon 7.4
java_class_path (initial): C:\Users\Leanne Sriram\.gradle\wrapper\dists\gradle-7.4-bin\c0gwcg53nkjbqw7r0h0umtfvt\gradle-7.4\lib\gradle-launcher-7.4.jar
Launcher Type: SUN_STANDARD

[Global flags]
     intx CICompilerCount                          = 4                                         {product} {ergonomic}
   size_t CompressedClassSpaceSize                 = 218103808                                 {product} {ergonomic}
     uint ConcGCThreads                            = 2                                         {product} {ergonomic}
     uint G1ConcRefinementThreads                  = 8                                         {product} {ergonomic}
   size_t G1HeapRegionSize                         = 1048576                                   {product} {ergonomic}
    uintx GCDrainStackTargetSize                   = 64                                        {product} {ergonomic}
     bool HeapDumpOnOutOfMemoryError               = true                                   {manageable} {command line}
   size_t InitialHeapSize                          = 268435456                                 {product} {command line}
   size_t MarkStackSize                            = 4194304                                   {product} {ergonomic}
   size_t MaxHeapSize                              = 536870912                                 {product} {command line}
   size_t MaxMetaspaceSize                         = 268435456                                 {product} {command line}
   size_t MaxNewSize                               = 321912832                                 {product} {ergonomic}
   size_t MinHeapDeltaBytes                        = 1048576                                   {product} {ergonomic}
   size_t MinHeapSize                              = 268435456                                 {product} {command line}
    uintx NonNMethodCodeHeapSize                   = 5839372                                {pd product} {ergonomic}
    uintx NonProfiledCodeHeapSize                  = 122909434                              {pd product} {ergonomic}
    uintx ProfiledCodeHeapSize                     = 122909434                              {pd product} {ergonomic}
    uintx ReservedCodeCacheSize                    = 251658240                              {pd product} {ergonomic}
     bool SegmentedCodeCache                       = true                                      {product} {ergonomic}
   size_t SoftMaxHeapSize                          = 536870912                              {manageable} {ergonomic}
     bool UseCompressedClassPointers               = true                           {product lp64_product} {ergonomic}
     bool UseCompressedOops                        = true                           {product lp64_product} {ergonomic}
     bool UseG1GC                                  = true                                      {product} {ergonomic}
     bool UseLargePagesIndividualAllocation        = false                                  {pd product} {ergonomic}

Logging:
Log output configuration:
 #0: stdout all=warning uptime,level,tags
 #1: stderr all=off uptime,level,tags

Environment Variables:
JAVA_HOME=D:\Program Files\Java\jdk-18.0.1.1\bin
PATH=C:\Python310\Scripts\;C:\Python310\;C:\Program Files\Common Files\Oracle\Java\javapath;C:\Program Files (x86)\Intel\Intel(R) Management Engine Components\iCLS\;C:\Program Files\Intel\Intel(R) Management Engine Components\iCLS\;C:\Windows\system32;C:\Windows\System32\Wbem;C:\Windows\System32\WindowsPowerShell\v1.0\;C:\Program Files (x86)\Intel\Intel(R) Management Engine Components\DAL;C:\Program Files\Intel\Intel(R) Management Engine Components\DAL;C:\Program Files (x86)\Intel\Intel(R) Management Engine Components\IPT;C:\Program Files\Intel\Intel(R) Management Engine Components\IPT;C:\Program Files (x86)\NVIDIA Corporation\PhysX\Common;C:\Program Files\Intel\WiFi\bin\;C:\Program Files\Common Files\Intel\WirelessCommon\;C:\WINDOWS\system32;C:\WINDOWS;C:\WINDOWS\System32\Wbem;C:\WINDOWS\System32\WindowsPowerShell\v1.0\;C:\WINDOWS\System32\OpenSSH\;C:\Program Files\Appdata\Python\Python38;C:\Program Files\Appdata\Python\Python38\Scripts\;C:\Users\Leanne Sriram\Downloads\jdk-18_windows-x64_bin.exe;C:\Program Files\Microsoft SQL Server\150\Tools\Binn\;C:\Program Files\Microsoft SQL Server\Client SDK\ODBC\170\Tools\Binn\;C:\Program Files\Git\cmd;C:\Program Files\dotnet\;C:\ProgramData\chocolatey\bin;D:\Program Files\Java\jdk-18.0.1.1\bin\bin;D:\Program Files\gradle-8.1.1\bin;D:\Program Files\nodejs;C:\Users\Leanne Sriram\AppData\Local\Programs\Python\Python35\Scripts\;C:\Users\Leanne Sriram\AppData\Local\Programs\Python\Python35\;C:\Users\Leanne Sriram\AppData\Local\Programs\Python\Python38\Scripts\;C:\Users\Leanne Sriram\AppData\Local\Programs\Python\Python38\;C:\Users\Leanne Sriram\AppData\Local\Programs\Python\Python39\Scripts\;C:\Users\Leanne Sriram\AppData\Local\Programs\Python\Python39\;C:\Users\Leanne Sriram\AppData\Local\Microsoft\WindowsApps;C:\Program Files\JetBrains\PyCharm Community Edition 2018.3.4\bin;;C:\Users\Leanne Sriram\AppData\Local\Programs\Microsoft VS Code\bin;C:\Users\Leanne Sriram\Desktop\Python35\;C:\Program Files (x86)\GnuWin32\bin;C:\Program F
USERNAME=Leanne Sriram
OS=Windows_NT
PROCESSOR_IDENTIFIER=Intel64 Family 6 Model 158 Stepping 10, GenuineIntel
TMP=C:\Users\LEANNE~1\AppData\Local\Temp
TEMP=C:\Users\LEANNE~1\AppData\Local\Temp



---------------  S Y S T E M  ---------------

OS:
 Windows 11 , 64 bit Build 22000 (10.0.22000.1761)
OS uptime: 0 days 3:26 hours
Hyper-V role detected

CPU: total 8 (initial active 8) (4 cores per cpu, 2 threads per core) family 6 model 158 stepping 10 microcode 0xde, cx8, cmov, fxsr, ht, mmx, 3dnowpref, sse, sse2, sse3, ssse3, sse4.1, sse4.2, popcnt, lzcnt, tsc, tscinvbit, avx, avx2, aes, erms, clmul, bmi1, bmi2, adx, fma, vzeroupper, clflush, clflushopt, hv

Memory: 4k page, system-wide physical 8034M (351M free)
TotalPageFile size 12034M (AvailPageFile size 21M)
current process WorkingSet (physical memory assigned to process): 459M, peak: 464M
current process commit charge ("private bytes"): 497M, peak: 503M

vm_info: OpenJDK 64-Bit Server VM (17.0.7+7-LTS) for windows-amd64 JRE (17.0.7+7-LTS), built on Apr 14 2023 01:39:21 by "Administrator" with MS VC++ 15.9 (VS2017)

END.
