#
# There is insufficient memory for the Java Runtime Environment to continue.
# Native memory allocation (malloc) failed to allocate 1780656 bytes for Chunk::new
# Possible reasons:
#   The system is out of physical RAM or swap space
#   The process is running with CompressedOops enabled, and the Java Heap may be blocking the growth of the native heap
# Possible solutions:
#   Reduce memory load on the system
#   Increase physical memory or swap space
#   Check if swap backing store is full
#   Decrease Java heap size (-Xmx/-Xms)
#   Decrease number of Java threads
#   Decrease Java thread stack sizes (-Xss)
#   Set larger code cache with -XX:ReservedCodeCacheSize=
#   JVM is running with Unscaled Compressed Oops mode in which the Java heap is
#     placed in the first 4GB address space. The Java Heap base address is the
#     maximum limit for the native heap growth. Please use -XX:HeapBaseMinAddress
#     to set the Java Heap base and to place the Java Heap above 4GB virtual address.
# This output file may be truncated or incomplete.
#
#  Out of Memory Error (arena.cpp:189), pid=14736, tid=7048
#
# JRE version: OpenJDK Runtime Environment Corretto-17.0.7.7.1 (17.0.7+7) (build 17.0.7+7-LTS)
# Java VM: OpenJDK 64-Bit Server VM Corretto-17.0.7.7.1 (17.0.7+7-LTS, mixed mode, sharing, tiered, compressed oops, compressed class ptrs, g1 gc, windows-amd64)
# No core dump will be written. Minidumps are not enabled by default on client versions of Windows
#

---------------  S U M M A R Y ------------

Command Line: --add-opens=java.base/java.util=ALL-UNNAMED --add-opens=java.base/java.lang=ALL-UNNAMED --add-opens=java.base/java.lang.invoke=ALL-UNNAMED --add-opens=java.base/java.util=ALL-UNNAMED --add-opens=java.prefs/java.util.prefs=ALL-UNNAMED --add-opens=java.prefs/java.util.prefs=ALL-UNNAMED --add-opens=java.base/java.nio.charset=ALL-UNNAMED --add-opens=java.base/java.net=ALL-UNNAMED --add-opens=java.base/java.util.concurrent.atomic=ALL-UNNAMED -XX:MaxMetaspaceSize=256m -XX:+HeapDumpOnOutOfMemoryError -Xms256m -Xmx512m -Dfile.encoding=windows-1252 -Duser.country=IN -Duser.language=en -Duser.variant org.gradle.launcher.daemon.bootstrap.GradleDaemon 7.4

Host: Intel(R) Core(TM) i5-8300H CPU @ 2.30GHz, 8 cores, 7G,  Windows 11 , 64 bit Build 22000 (10.0.22000.1761)
Time: Wed Jun  7 18:51:41 2023 GMT Daylight Time elapsed time: 15.776398 seconds (0d 0h 0m 15s)

---------------  T H R E A D  ---------------

Current thread (0x000001c8a5dda8f0):  JavaThread "C2 CompilerThread1" daemon [_thread_in_native, id=7048, stack(0x0000005ecd900000,0x0000005ecda00000)]


Current CompileTask:
C2:  15778 7366   !   4       io.spring.gradle.dependencymanagement.org.apache.maven.model.interpolation.StringSearchModelInterpolator$InterpolateObjectAction::traverseObjectWithParents (118 bytes)

Stack: [0x0000005ecd900000,0x0000005ecda00000]
Native frames: (J=compiled Java code, j=interpreted, Vv=VM code, C=native code)
V  [jvm.dll+0x64b53a]
V  [jvm.dll+0x7fef54]
V  [jvm.dll+0x80070e]
V  [jvm.dll+0x800d63]
V  [jvm.dll+0x236a2b]
V  [jvm.dll+0xbd47c]
V  [jvm.dll+0xbda5c]
V  [jvm.dll+0x350be2]
V  [jvm.dll+0x31b60f]
V  [jvm.dll+0x31aa4a]
V  [jvm.dll+0x20acf5]
V  [jvm.dll+0x20a287]
V  [jvm.dll+0x19a2ed]
V  [jvm.dll+0x21967d]
V  [jvm.dll+0x2178c4]
V  [jvm.dll+0x7b7dcb]
V  [jvm.dll+0x7b237a]
V  [jvm.dll+0x64a3a5]
C  [ucrtbase.dll+0x26c0c]
C  [KERNEL32.DLL+0x15590]
C  [ntdll.dll+0x485b]


---------------  P R O C E S S  ---------------

Threads class SMR info:
_java_thread_list=0x000001c8a97eb550, length=112, elements={
0x000001c8856fcab0, 0x000001c8a02432c0, 0x000001c8a0244930, 0x000001c8a0256c90,
0x000001c8a025d580, 0x000001c8a025de40, 0x000001c8a025f640, 0x000001c8a0266fa0,
0x000001c8a0268040, 0x000001c8a026b900, 0x000001c8a0497570, 0x000001c8a04a9a60,
0x000001c8a0e1bac0, 0x000001c8a0e1ac50, 0x000001c8a0e1b120, 0x000001c8a0e1b5f0,
0x000001c8a0e1c460, 0x000001c8a0e19910, 0x000001c8a0e19de0, 0x000001c8a0e1a780,
0x000001c8a0e1bf90, 0x000001c8a0e18aa0, 0x000001c8a0e18f70, 0x000001c8a0e19440,
0x000001c8a65eba80, 0x000001c8a5dda8f0, 0x000001c8a65e8a60, 0x000001c8a65ec8f0,
0x000001c8a65e5f10, 0x000001c8a65e7bf0, 0x000001c8a65ec420, 0x000001c8a65e6d80,
0x000001c8a65e9400, 0x000001c8a65e68b0, 0x000001c8a65e50a0, 0x000001c8a65e8590,
0x000001c8a65eb5b0, 0x000001c8a65e7250, 0x000001c8a65eb0e0, 0x000001c8a65e5a40,
0x000001c8a65e98d0, 0x000001c8a65e80c0, 0x000001c8a65ea740, 0x000001c8a65eac10,
0x000001c8a65f54f0, 0x000001c8a65f71d0, 0x000001c8a65f9d20, 0x000001c8a65f7b70,
0x000001c8a65fb060, 0x000001c8a65f89e0, 0x000001c8a65f8040, 0x000001c8a65f4680,
0x000001c8a65f8510, 0x000001c8a65fb530, 0x000001c8a65f8eb0, 0x000001c8a65fa6c0,
0x000001c8a65f6360, 0x000001c8a65f9380, 0x000001c8a65fa1f0, 0x000001c8a65fab90,
0x000001c8a65f3ce0, 0x000001c8a65f41b0, 0x000001c8a65f4b50, 0x000001c8a65f5020,
0x000001c8a65f76a0, 0x000001c8a65f59c0, 0x000001c8a764fae0, 0x000001c8a764ffb0,
0x000001c8a7651c90, 0x000001c8a7652160, 0x000001c8a7650480, 0x000001c8a764de00,
0x000001c8a764cf90, 0x000001c8a7650950, 0x000001c8a764b780, 0x000001c8a764cac0,
0x000001c8a764d460, 0x000001c8a764d930, 0x000001c8a764e2d0, 0x000001c8a764c5f0,
0x000001c8a764e7a0, 0x000001c8a764ec70, 0x000001c8a764b2b0, 0x000001c8a764bc50,
0x000001c8a76512f0, 0x000001c8a7650e20, 0x000001c8a76517c0, 0x000001c8a7652630,
0x000001c8a764ade0, 0x000001c8a764f140, 0x000001c8a764c120, 0x000001c8a764f610,
0x000001c8a65f5e90, 0x000001c8a65f6830, 0x000001c8a65f6d00, 0x000001c8a8e115b0,
0x000001c8a8e15de0, 0x000001c8a8e10270, 0x000001c8a8e15440, 0x000001c8a8e10740,
0x000001c8a8e13290, 0x000001c8a8e14aa0, 0x000001c8a8e11a80, 0x000001c8a8e0ef30,
0x000001c8a8e11f50, 0x000001c8a8e14f70, 0x000001c8a8e10c10, 0x000001c8a8e15910,
0x000001c8a8e12420, 0x000001c8a8e13760, 0x000001c8a8e145d0, 0x000001c8a8e110e0
}

Java Threads: ( => current thread )
  0x000001c8856fcab0 JavaThread "main" [_thread_blocked, id=9504, stack(0x0000005ecb400000,0x0000005ecb500000)]
  0x000001c8a02432c0 JavaThread "Reference Handler" daemon [_thread_blocked, id=13720, stack(0x0000005ecbb00000,0x0000005ecbc00000)]
  0x000001c8a0244930 JavaThread "Finalizer" daemon [_thread_blocked, id=1852, stack(0x0000005ecbc00000,0x0000005ecbd00000)]
  0x000001c8a0256c90 JavaThread "Signal Dispatcher" daemon [_thread_blocked, id=2960, stack(0x0000005ecbd00000,0x0000005ecbe00000)]
  0x000001c8a025d580 JavaThread "Attach Listener" daemon [_thread_blocked, id=3820, stack(0x0000005ecbe00000,0x0000005ecbf00000)]
  0x000001c8a025de40 JavaThread "Service Thread" daemon [_thread_blocked, id=15112, stack(0x0000005ecbf00000,0x0000005ecc000000)]
  0x000001c8a025f640 JavaThread "Monitor Deflation Thread" daemon [_thread_blocked, id=11516, stack(0x0000005ecc000000,0x0000005ecc100000)]
  0x000001c8a0266fa0 JavaThread "C2 CompilerThread0" daemon [_thread_in_native, id=17700, stack(0x0000005ecc100000,0x0000005ecc200000)]
  0x000001c8a0268040 JavaThread "C1 CompilerThread0" daemon [_thread_blocked, id=15152, stack(0x0000005ecc200000,0x0000005ecc300000)]
  0x000001c8a026b900 JavaThread "Sweeper thread" daemon [_thread_blocked, id=9300, stack(0x0000005ecc300000,0x0000005ecc400000)]
  0x000001c8a0497570 JavaThread "Common-Cleaner" daemon [_thread_blocked, id=18632, stack(0x0000005ecc400000,0x0000005ecc500000)]
  0x000001c8a04a9a60 JavaThread "Notification Thread" daemon [_thread_blocked, id=4760, stack(0x0000005ecc500000,0x0000005ecc600000)]
  0x000001c8a0e1bac0 JavaThread "Daemon health stats" [_thread_blocked, id=3952, stack(0x0000005ecc800000,0x0000005ecc900000)]
  0x000001c8a0e1ac50 JavaThread "Incoming local TCP Connector on port 60585" [_thread_in_native, id=2244, stack(0x0000005ecc700000,0x0000005ecc800000)]
  0x000001c8a0e1b120 JavaThread "Daemon periodic checks" [_thread_blocked, id=10736, stack(0x0000005ecce00000,0x0000005eccf00000)]
  0x000001c8a0e1b5f0 JavaThread "Daemon" [_thread_blocked, id=14764, stack(0x0000005ecd000000,0x0000005ecd100000)]
  0x000001c8a0e1c460 JavaThread "Handler for socket connection from /127.0.0.1:60585 to /127.0.0.1:60586" [_thread_in_native, id=3124, stack(0x0000005ecd100000,0x0000005ecd200000)]
  0x000001c8a0e19910 JavaThread "Cancel handler" [_thread_blocked, id=3256, stack(0x0000005ecd200000,0x0000005ecd300000)]
  0x000001c8a0e19de0 JavaThread "Daemon worker" [_thread_in_Java, id=13936, stack(0x0000005ecd300000,0x0000005ecd400000)]
  0x000001c8a0e1a780 JavaThread "Asynchronous log dispatcher for DefaultDaemonConnection: socket connection from /127.0.0.1:60585 to /127.0.0.1:60586" [_thread_blocked, id=4960, stack(0x0000005ecd400000,0x0000005ecd500000)]
  0x000001c8a0e1bf90 JavaThread "Stdin handler" [_thread_blocked, id=7276, stack(0x0000005ecd500000,0x0000005ecd600000)]
  0x000001c8a0e18aa0 JavaThread "Daemon client event forwarder" [_thread_blocked, id=14636, stack(0x0000005ecd600000,0x0000005ecd700000)]
  0x000001c8a0e18f70 JavaThread "Cache worker for journal cache (C:\Users\Leanne Sriram\.gradle\caches\journal-1)" [_thread_blocked, id=17448, stack(0x0000005eccf00000,0x0000005ecd000000)]
  0x000001c8a0e19440 JavaThread "File lock request listener" [_thread_in_native, id=16092, stack(0x0000005ecd700000,0x0000005ecd800000)]
  0x000001c8a65eba80 JavaThread "Cache worker for file hash cache (C:\Users\Leanne Sriram\.gradle\caches\7.4\fileHashes)" [_thread_blocked, id=4880, stack(0x0000005ecd800000,0x0000005ecd900000)]
=>0x000001c8a5dda8f0 JavaThread "C2 CompilerThread1" daemon [_thread_in_native, id=7048, stack(0x0000005ecd900000,0x0000005ecda00000)]
  0x000001c8a65e8a60 JavaThread "File watcher server" daemon [_thread_in_native, id=4676, stack(0x0000005ecda00000,0x0000005ecdb00000)]
  0x000001c8a65ec8f0 JavaThread "File watcher consumer" daemon [_thread_blocked, id=18316, stack(0x0000005ecdb00000,0x0000005ecdc00000)]
  0x000001c8a65e5f10 JavaThread "jar transforms" [_thread_blocked, id=17880, stack(0x0000005ecdc00000,0x0000005ecdd00000)]
  0x000001c8a65e7bf0 JavaThread "jar transforms Thread 2" [_thread_blocked, id=5228, stack(0x0000005ecdd00000,0x0000005ecde00000)]
  0x000001c8a65ec420 JavaThread "jar transforms Thread 3" [_thread_blocked, id=7228, stack(0x0000005ecde00000,0x0000005ecdf00000)]
  0x000001c8a65e6d80 JavaThread "jar transforms Thread 4" [_thread_blocked, id=7176, stack(0x0000005ecdf00000,0x0000005ece000000)]
  0x000001c8a65e9400 JavaThread "jar transforms Thread 5" [_thread_blocked, id=9268, stack(0x0000005ece000000,0x0000005ece100000)]
  0x000001c8a65e68b0 JavaThread "jar transforms Thread 6" [_thread_blocked, id=3684, stack(0x0000005ece100000,0x0000005ece200000)]
  0x000001c8a65e50a0 JavaThread "jar transforms Thread 7" [_thread_blocked, id=14932, stack(0x0000005ece200000,0x0000005ece300000)]
  0x000001c8a65e8590 JavaThread "jar transforms Thread 8" [_thread_blocked, id=15736, stack(0x0000005ece300000,0x0000005ece400000)]
  0x000001c8a65eb5b0 JavaThread "Cache worker for checksums cache (D:\MULTIVERSE-PROJECTS\SPRING-API-BUILDING\GradleSpringBootApp\.gradle\7.4\checksums)" [_thread_blocked, id=14252, stack(0x0000005ece400000,0x0000005ece500000)]
  0x000001c8a65e7250 JavaThread "Cache worker for cache directory md-rule (C:\Users\Leanne Sriram\.gradle\caches\7.4\md-rule)" [_thread_blocked, id=11912, stack(0x0000005ece500000,0x0000005ece600000)]
  0x000001c8a65eb0e0 JavaThread "Cache worker for file hash cache (D:\MULTIVERSE-PROJECTS\SPRING-API-BUILDING\GradleSpringBootApp\.gradle\7.4\fileHashes)" [_thread_blocked, id=17152, stack(0x0000005ece900000,0x0000005ecea00000)]
  0x000001c8a65e5a40 JavaThread "Cache worker for cache directory md-supplier (C:\Users\Leanne Sriram\.gradle\caches\7.4\md-supplier)" [_thread_blocked, id=15756, stack(0x0000005ecea00000,0x0000005eceb00000)]
  0x000001c8a65e98d0 JavaThread "Cache worker for execution history cache (C:\Users\Leanne Sriram\.gradle\caches\7.4\executionHistory)" [_thread_blocked, id=18196, stack(0x0000005eceb00000,0x0000005ecec00000)]
  0x000001c8a65e80c0 JavaThread "Cache worker for file content cache (C:\Users\Leanne Sriram\.gradle\caches\7.4\fileContent)" [_thread_blocked, id=19312, stack(0x0000005ecec00000,0x0000005eced00000)]
  0x000001c8a65ea740 JavaThread "Cache worker for dependencies-accessors (D:\MULTIVERSE-PROJECTS\SPRING-API-BUILDING\GradleSpringBootApp\.gradle\7.4\dependencies-accessors)" [_thread_blocked, id=17536, stack(0x0000005ecf100000,0x0000005ecf200000)]
  0x000001c8a65eac10 JavaThread "Cache worker for Build Output Cleanup Cache (D:\MULTIVERSE-PROJECTS\SPRING-API-BUILDING\GradleSpringBootApp\.gradle\buildOutputCleanup)" [_thread_blocked, id=11064, stack(0x0000005ecf200000,0x0000005ecf300000)]
  0x000001c8a65f54f0 JavaThread "Unconstrained build operations" [_thread_blocked, id=18376, stack(0x0000005ecf300000,0x0000005ecf400000)]
  0x000001c8a65f71d0 JavaThread "Unconstrained build operations Thread 2" [_thread_blocked, id=5232, stack(0x0000005ecf400000,0x0000005ecf500000)]
  0x000001c8a65f9d20 JavaThread "Unconstrained build operations Thread 3" [_thread_blocked, id=9480, stack(0x0000005ecf500000,0x0000005ecf600000)]
  0x000001c8a65f7b70 JavaThread "Unconstrained build operations Thread 4" [_thread_blocked, id=16280, stack(0x0000005ecf600000,0x0000005ecf700000)]
  0x000001c8a65fb060 JavaThread "Unconstrained build operations Thread 5" [_thread_blocked, id=9204, stack(0x0000005ecf700000,0x0000005ecf800000)]
  0x000001c8a65f89e0 JavaThread "Unconstrained build operations Thread 6" [_thread_blocked, id=9432, stack(0x0000005ecf800000,0x0000005ecf900000)]
  0x000001c8a65f8040 JavaThread "Unconstrained build operations Thread 7" [_thread_blocked, id=17876, stack(0x0000005ecf900000,0x0000005ecfa00000)]
  0x000001c8a65f4680 JavaThread "Unconstrained build operations Thread 8" [_thread_blocked, id=12776, stack(0x0000005ecfa00000,0x0000005ecfb00000)]
  0x000001c8a65f8510 JavaThread "Unconstrained build operations Thread 9" [_thread_blocked, id=4596, stack(0x0000005ecfb00000,0x0000005ecfc00000)]
  0x000001c8a65fb530 JavaThread "Unconstrained build operations Thread 10" [_thread_blocked, id=17188, stack(0x0000005ecfc00000,0x0000005ecfd00000)]
  0x000001c8a65f8eb0 JavaThread "Unconstrained build operations Thread 11" [_thread_blocked, id=15184, stack(0x0000005ecfd00000,0x0000005ecfe00000)]
  0x000001c8a65fa6c0 JavaThread "Unconstrained build operations Thread 12" [_thread_blocked, id=6360, stack(0x0000005ecfe00000,0x0000005ecff00000)]
  0x000001c8a65f6360 JavaThread "Unconstrained build operations Thread 13" [_thread_blocked, id=16184, stack(0x0000005ecff00000,0x0000005ed0000000)]
  0x000001c8a65f9380 JavaThread "Unconstrained build operations Thread 14" [_thread_blocked, id=14116, stack(0x0000005ed0000000,0x0000005ed0100000)]
  0x000001c8a65fa1f0 JavaThread "Unconstrained build operations Thread 15" [_thread_blocked, id=1588, stack(0x0000005ed0100000,0x0000005ed0200000)]
  0x000001c8a65fab90 JavaThread "Unconstrained build operations Thread 16" [_thread_blocked, id=19080, stack(0x0000005ed0200000,0x0000005ed0300000)]
  0x000001c8a65f3ce0 JavaThread "Unconstrained build operations Thread 17" [_thread_blocked, id=7980, stack(0x0000005ed0300000,0x0000005ed0400000)]
  0x000001c8a65f41b0 JavaThread "Unconstrained build operations Thread 18" [_thread_blocked, id=19448, stack(0x0000005ed0400000,0x0000005ed0500000)]
  0x000001c8a65f4b50 JavaThread "Unconstrained build operations Thread 19" [_thread_blocked, id=8876, stack(0x0000005ed0500000,0x0000005ed0600000)]
  0x000001c8a65f5020 JavaThread "Unconstrained build operations Thread 20" [_thread_blocked, id=19284, stack(0x0000005ed0600000,0x0000005ed0700000)]
  0x000001c8a65f76a0 JavaThread "Memory manager" [_thread_blocked, id=14472, stack(0x0000005ed0700000,0x0000005ed0800000)]
  0x000001c8a65f59c0 JavaThread "included builds" [_thread_blocked, id=15852, stack(0x0000005ed0800000,0x0000005ed0900000)]
  0x000001c8a764fae0 JavaThread "Cache worker for execution history cache (D:\MULTIVERSE-PROJECTS\SPRING-API-BUILDING\GradleSpringBootApp\.gradle\7.4\executionHistory)" [_thread_blocked, id=9664, stack(0x0000005ed1000000,0x0000005ed1100000)]
  0x000001c8a764ffb0 JavaThread "idea-tooling-model-converter" [_thread_blocked, id=6820, stack(0x0000005ed0900000,0x0000005ed0a00000)]
  0x000001c8a7651c90 JavaThread "Unconstrained build operations Thread 21" [_thread_blocked, id=6472, stack(0x0000005ed0a00000,0x0000005ed0b00000)]
  0x000001c8a7652160 JavaThread "Unconstrained build operations Thread 22" [_thread_blocked, id=2664, stack(0x0000005ed0b00000,0x0000005ed0c00000)]
  0x000001c8a7650480 JavaThread "Unconstrained build operations Thread 23" [_thread_blocked, id=9328, stack(0x0000005ed0c00000,0x0000005ed0d00000)]
  0x000001c8a764de00 JavaThread "Unconstrained build operations Thread 24" [_thread_blocked, id=6412, stack(0x0000005ed0d00000,0x0000005ed0e00000)]
  0x000001c8a764cf90 JavaThread "Unconstrained build operations Thread 25" [_thread_blocked, id=2132, stack(0x0000005ed0e00000,0x0000005ed0f00000)]
  0x000001c8a7650950 JavaThread "Unconstrained build operations Thread 26" [_thread_blocked, id=18648, stack(0x0000005ed0f00000,0x0000005ed1000000)]
  0x000001c8a764b780 JavaThread "Unconstrained build operations Thread 27" [_thread_blocked, id=5760, stack(0x0000005ed1100000,0x0000005ed1200000)]
  0x000001c8a764cac0 JavaThread "Unconstrained build operations Thread 28" [_thread_blocked, id=8668, stack(0x0000005ed1200000,0x0000005ed1300000)]
  0x000001c8a764d460 JavaThread "Unconstrained build operations Thread 29" [_thread_blocked, id=10252, stack(0x0000005ed1300000,0x0000005ed1400000)]
  0x000001c8a764d930 JavaThread "Unconstrained build operations Thread 30" [_thread_blocked, id=6540, stack(0x0000005ed1400000,0x0000005ed1500000)]
  0x000001c8a764e2d0 JavaThread "Unconstrained build operations Thread 31" [_thread_blocked, id=17360, stack(0x0000005ed1500000,0x0000005ed1600000)]
  0x000001c8a764c5f0 JavaThread "Unconstrained build operations Thread 32" [_thread_blocked, id=1984, stack(0x0000005ed1600000,0x0000005ed1700000)]
  0x000001c8a764e7a0 JavaThread "Unconstrained build operations Thread 33" [_thread_blocked, id=13360, stack(0x0000005ed1700000,0x0000005ed1800000)]
  0x000001c8a764ec70 JavaThread "Unconstrained build operations Thread 34" [_thread_blocked, id=2024, stack(0x0000005ed1800000,0x0000005ed1900000)]
  0x000001c8a764b2b0 JavaThread "Unconstrained build operations Thread 35" [_thread_blocked, id=16136, stack(0x0000005ed1900000,0x0000005ed1a00000)]
  0x000001c8a764bc50 JavaThread "Unconstrained build operations Thread 36" [_thread_blocked, id=17912, stack(0x0000005ed1a00000,0x0000005ed1b00000)]
  0x000001c8a76512f0 JavaThread "Unconstrained build operations Thread 37" [_thread_blocked, id=15176, stack(0x0000005ed1b00000,0x0000005ed1c00000)]
  0x000001c8a7650e20 JavaThread "Unconstrained build operations Thread 38" [_thread_blocked, id=14664, stack(0x0000005ed1c00000,0x0000005ed1d00000)]
  0x000001c8a76517c0 JavaThread "Unconstrained build operations Thread 39" [_thread_blocked, id=2816, stack(0x0000005ed1d00000,0x0000005ed1e00000)]
  0x000001c8a7652630 JavaThread "Unconstrained build operations Thread 40" [_thread_blocked, id=4848, stack(0x0000005ed1e00000,0x0000005ed1f00000)]
  0x000001c8a764ade0 JavaThread "Unconstrained build operations Thread 41" [_thread_blocked, id=15384, stack(0x0000005ed1f00000,0x0000005ed2000000)]
  0x000001c8a764f140 JavaThread "Unconstrained build operations Thread 42" [_thread_blocked, id=4868, stack(0x0000005ed2000000,0x0000005ed2100000)]
  0x000001c8a764c120 JavaThread "Unconstrained build operations Thread 43" [_thread_blocked, id=18920, stack(0x0000005ed2100000,0x0000005ed2200000)]
  0x000001c8a764f610 JavaThread "Unconstrained build operations Thread 44" [_thread_blocked, id=18560, stack(0x0000005ed2200000,0x0000005ed2300000)]
  0x000001c8a65f5e90 JavaThread "Unconstrained build operations Thread 45" [_thread_blocked, id=17768, stack(0x0000005ed2300000,0x0000005ed2400000)]
  0x000001c8a65f6830 JavaThread "Unconstrained build operations Thread 46" [_thread_blocked, id=16628, stack(0x0000005ed2400000,0x0000005ed2500000)]
  0x000001c8a65f6d00 JavaThread "Unconstrained build operations Thread 47" [_thread_blocked, id=18340, stack(0x0000005ed2500000,0x0000005ed2600000)]
  0x000001c8a8e115b0 JavaThread "Unconstrained build operations Thread 48" [_thread_blocked, id=14700, stack(0x0000005ed2600000,0x0000005ed2700000)]
  0x000001c8a8e15de0 JavaThread "Unconstrained build operations Thread 49" [_thread_blocked, id=17636, stack(0x0000005ed2700000,0x0000005ed2800000)]
  0x000001c8a8e10270 JavaThread "Unconstrained build operations Thread 50" [_thread_blocked, id=14488, stack(0x0000005ed2800000,0x0000005ed2900000)]
  0x000001c8a8e15440 JavaThread "Unconstrained build operations Thread 51" [_thread_blocked, id=18572, stack(0x0000005ed2900000,0x0000005ed2a00000)]
  0x000001c8a8e10740 JavaThread "Unconstrained build operations Thread 52" [_thread_blocked, id=9080, stack(0x0000005ed2a00000,0x0000005ed2b00000)]
  0x000001c8a8e13290 JavaThread "Unconstrained build operations Thread 53" [_thread_blocked, id=18564, stack(0x0000005ed2b00000,0x0000005ed2c00000)]
  0x000001c8a8e14aa0 JavaThread "Unconstrained build operations Thread 54" [_thread_blocked, id=1744, stack(0x0000005ed2c00000,0x0000005ed2d00000)]
  0x000001c8a8e11a80 JavaThread "Unconstrained build operations Thread 55" [_thread_blocked, id=18296, stack(0x0000005ed2d00000,0x0000005ed2e00000)]
  0x000001c8a8e0ef30 JavaThread "Unconstrained build operations Thread 56" [_thread_blocked, id=13840, stack(0x0000005ed2e00000,0x0000005ed2f00000)]
  0x000001c8a8e11f50 JavaThread "Unconstrained build operations Thread 57" [_thread_blocked, id=18548, stack(0x0000005ed2f00000,0x0000005ed3000000)]
  0x000001c8a8e14f70 JavaThread "Unconstrained build operations Thread 58" [_thread_blocked, id=2632, stack(0x0000005ed3000000,0x0000005ed3100000)]
  0x000001c8a8e10c10 JavaThread "Unconstrained build operations Thread 59" [_thread_blocked, id=552, stack(0x0000005ed3100000,0x0000005ed3200000)]
  0x000001c8a8e15910 JavaThread "Unconstrained build operations Thread 60" [_thread_blocked, id=13684, stack(0x0000005ed3200000,0x0000005ed3300000)]
  0x000001c8a8e12420 JavaThread "Unconstrained build operations Thread 61" [_thread_blocked, id=15652, stack(0x0000005ed3300000,0x0000005ed3400000)]
  0x000001c8a8e13760 JavaThread "Unconstrained build operations Thread 62" [_thread_blocked, id=15844, stack(0x0000005ed3400000,0x0000005ed3500000)]
  0x000001c8a8e145d0 JavaThread "Unconstrained build operations Thread 63" [_thread_blocked, id=18488, stack(0x0000005ed3500000,0x0000005ed3600000)]
  0x000001c8a8e110e0 JavaThread "Unconstrained build operations Thread 64" [_thread_blocked, id=15116, stack(0x0000005ed3600000,0x0000005ed3700000)]

Other Threads:
  0x000001c8a023e5a0 VMThread "VM Thread" [stack: 0x0000005ecba00000,0x0000005ecbb00000] [id=2572]
  0x000001c885739240 WatcherThread [stack: 0x0000005ecc600000,0x0000005ecc700000] [id=17024]
  0x000001c88572aba0 GCTaskThread "GC Thread#0" [stack: 0x0000005ecb500000,0x0000005ecb600000] [id=660]
  0x000001c8a50e0690 GCTaskThread "GC Thread#1" [stack: 0x0000005ecc900000,0x0000005ecca00000] [id=19020]
  0x000001c8a50e0940 GCTaskThread "GC Thread#2" [stack: 0x0000005ecca00000,0x0000005eccb00000] [id=18076]
  0x000001c8a5014ed0 GCTaskThread "GC Thread#3" [stack: 0x0000005eccb00000,0x0000005eccc00000] [id=4720]
  0x000001c8a0810e30 GCTaskThread "GC Thread#4" [stack: 0x0000005eccc00000,0x0000005eccd00000] [id=17488]
  0x000001c8a08118f0 GCTaskThread "GC Thread#5" [stack: 0x0000005eccd00000,0x0000005ecce00000] [id=15400]
  0x000001c8a7062350 GCTaskThread "GC Thread#6" [stack: 0x0000005ece600000,0x0000005ece700000] [id=18596]
  0x000001c8a7062600 GCTaskThread "GC Thread#7" [stack: 0x0000005ece700000,0x0000005ece800000] [id=18152]
  0x000001c885731210 ConcurrentGCThread "G1 Main Marker" [stack: 0x0000005ecb600000,0x0000005ecb700000] [id=13724]
  0x000001c885732370 ConcurrentGCThread "G1 Conc#0" [stack: 0x0000005ecb700000,0x0000005ecb800000] [id=18352]
  0x000001c8a70638d0 ConcurrentGCThread "G1 Conc#1" [stack: 0x0000005ece800000,0x0000005ece900000] [id=9704]
  0x000001c8857bd190 ConcurrentGCThread "G1 Refine#0" [stack: 0x0000005ecb800000,0x0000005ecb900000] [id=12216]
  0x000001c8a7f678a0 ConcurrentGCThread "G1 Refine#1" [stack: 0x0000005eced00000,0x0000005ecee00000] [id=16532]
  0x000001c8a7f68cc0 ConcurrentGCThread "G1 Refine#2" [stack: 0x0000005ecee00000,0x0000005ecef00000] [id=15732]
  0x000001c8a7f67e60 ConcurrentGCThread "G1 Refine#3" [stack: 0x0000005ecef00000,0x0000005ecf000000] [id=18968]
  0x000001c8a7f672e0 ConcurrentGCThread "G1 Refine#4" [stack: 0x0000005ecf000000,0x0000005ecf100000] [id=7852]
  0x000001c8857bdac0 ConcurrentGCThread "G1 Service" [stack: 0x0000005ecb900000,0x0000005ecba00000] [id=1832]

Threads with active compile tasks:
C2 CompilerThread0    16033 7218   !   4       io.spring.gradle.dependencymanagement.org.apache.maven.model.interpolation.StringSearchModelInterpolator$InterpolateObjectAction::interpolateField (241 bytes)
C1 CompilerThread0    16034 8009       3       java.nio.HeapByteBuffer::putInt (31 bytes)
C2 CompilerThread1    16036 7366   !   4       io.spring.gradle.dependencymanagement.org.apache.maven.model.interpolation.StringSearchModelInterpolator$InterpolateObjectAction::traverseObjectWithParents (118 bytes)

VM state: not at safepoint (normal execution)

VM Mutex/Monitor currently owned by a thread: None

Heap address: 0x00000000e0000000, size: 512 MB, Compressed Oops mode: 32-bit

CDS archive(s) mapped at: [0x0000000800000000-0x0000000800bc0000-0x0000000800bc0000), size 12320768, SharedBaseAddress: 0x0000000800000000, ArchiveRelocationMode: 0.
Compressed class space mapped at: 0x0000000801000000-0x000000080e000000, reserved size: 218103808
Narrow klass base: 0x0000000800000000, Narrow klass shift: 0, Narrow klass range: 0x100000000

GC Precious Log:
 CPUs: 8 total, 8 available
 Memory: 8034M
 Large Page Support: Disabled
 NUMA Support: Disabled
 Compressed Oops: Enabled (32-bit)
 Heap Region Size: 1M
 Heap Min Capacity: 256M
 Heap Initial Capacity: 256M
 Heap Max Capacity: 512M
 Pre-touch: Disabled
 Parallel Workers: 8
 Concurrent Workers: 2
 Concurrent Refinement Workers: 8
 Periodic GC: Disabled

Heap:
 garbage-first heap   total 262144K, used 220535K [0x00000000e0000000, 0x0000000100000000)
  region size 1024K, 89 young (91136K), 14 survivors (14336K)
 Metaspace       used 56279K, committed 56960K, reserved 278528K
  class space    used 7793K, committed 8064K, reserved 212992K

Heap Regions: E=young(eden), S=young(survivor), O=old, HS=humongous(starts), HC=humongous(continues), CS=collection set, F=free, OA=open archive, CA=closed archive, TAMS=top-at-mark-start (previous, next)
|   0|0x00000000e0000000, 0x00000000e0100000, 0x00000000e0100000|100%|HS|  |TAMS 0x00000000e0100000, 0x00000000e0000000| Complete 
|   1|0x00000000e0100000, 0x00000000e0200000, 0x00000000e0200000|100%|HS|  |TAMS 0x00000000e0200000, 0x00000000e0100000| Complete 
|   2|0x00000000e0200000, 0x00000000e0300000, 0x00000000e0300000|100%| O|  |TAMS 0x00000000e0300000, 0x00000000e0200000| Untracked 
|   3|0x00000000e0300000, 0x00000000e0400000, 0x00000000e0400000|100%|HS|  |TAMS 0x00000000e0400000, 0x00000000e0300000| Complete 
|   4|0x00000000e0400000, 0x00000000e0500000, 0x00000000e0500000|100%|HC|  |TAMS 0x00000000e0500000, 0x00000000e0400000| Complete 
|   5|0x00000000e0500000, 0x00000000e0600000, 0x00000000e0600000|100%|HC|  |TAMS 0x00000000e0600000, 0x00000000e0500000| Complete 
|   6|0x00000000e0600000, 0x00000000e0700000, 0x00000000e0700000|100%| O|  |TAMS 0x00000000e0700000, 0x00000000e0600000| Untracked 
|   7|0x00000000e0700000, 0x00000000e0800000, 0x00000000e0800000|100%| O|  |TAMS 0x00000000e0800000, 0x00000000e0700000| Untracked 
|   8|0x00000000e0800000, 0x00000000e0900000, 0x00000000e0900000|100%| O|  |TAMS 0x00000000e0900000, 0x00000000e0800000| Untracked 
|   9|0x00000000e0900000, 0x00000000e0a00000, 0x00000000e0a00000|100%| O|  |TAMS 0x00000000e0a00000, 0x00000000e0900000| Untracked 
|  10|0x00000000e0a00000, 0x00000000e0b00000, 0x00000000e0b00000|100%|HS|  |TAMS 0x00000000e0b00000, 0x00000000e0a00000| Complete 
|  11|0x00000000e0b00000, 0x00000000e0c00000, 0x00000000e0c00000|100%|HC|  |TAMS 0x00000000e0c00000, 0x00000000e0b00000| Complete 
|  12|0x00000000e0c00000, 0x00000000e0d00000, 0x00000000e0d00000|100%|HS|  |TAMS 0x00000000e0d00000, 0x00000000e0c00000| Complete 
|  13|0x00000000e0d00000, 0x00000000e0e00000, 0x00000000e0e00000|100%|HC|  |TAMS 0x00000000e0e00000, 0x00000000e0d00000| Complete 
|  14|0x00000000e0e00000, 0x00000000e0f00000, 0x00000000e0f00000|100%|HC|  |TAMS 0x00000000e0f00000, 0x00000000e0e00000| Complete 
|  15|0x00000000e0f00000, 0x00000000e1000000, 0x00000000e1000000|100%|HS|  |TAMS 0x00000000e1000000, 0x00000000e0f00000| Complete 
|  16|0x00000000e1000000, 0x00000000e1100000, 0x00000000e1100000|100%|HC|  |TAMS 0x00000000e1100000, 0x00000000e1000000| Complete 
|  17|0x00000000e1100000, 0x00000000e1200000, 0x00000000e1200000|100%|HC|  |TAMS 0x00000000e1200000, 0x00000000e1100000| Complete 
|  18|0x00000000e1200000, 0x00000000e1300000, 0x00000000e1300000|100%|HS|  |TAMS 0x00000000e1300000, 0x00000000e1200000| Complete 
|  19|0x00000000e1300000, 0x00000000e1400000, 0x00000000e1400000|100%|HC|  |TAMS 0x00000000e1400000, 0x00000000e1300000| Complete 
|  20|0x00000000e1400000, 0x00000000e1500000, 0x00000000e1500000|100%|HS|  |TAMS 0x00000000e1500000, 0x00000000e1400000| Complete 
|  21|0x00000000e1500000, 0x00000000e1600000, 0x00000000e1600000|100%|HC|  |TAMS 0x00000000e1600000, 0x00000000e1500000| Complete 
|  22|0x00000000e1600000, 0x00000000e1700000, 0x00000000e1700000|100%|HC|  |TAMS 0x00000000e1700000, 0x00000000e1600000| Complete 
|  23|0x00000000e1700000, 0x00000000e1800000, 0x00000000e1800000|100%|HC|  |TAMS 0x00000000e1800000, 0x00000000e1700000| Complete 
|  24|0x00000000e1800000, 0x00000000e1900000, 0x00000000e1900000|100%|HC|  |TAMS 0x00000000e1900000, 0x00000000e1800000| Complete 
|  25|0x00000000e1900000, 0x00000000e1a00000, 0x00000000e1a00000|100%|HC|  |TAMS 0x00000000e1a00000, 0x00000000e1900000| Complete 
|  26|0x00000000e1a00000, 0x00000000e1b00000, 0x00000000e1b00000|100%|HC|  |TAMS 0x00000000e1b00000, 0x00000000e1a00000| Complete 
|  27|0x00000000e1b00000, 0x00000000e1c00000, 0x00000000e1c00000|100%| O|  |TAMS 0x00000000e1c00000, 0x00000000e1b00000| Untracked 
|  28|0x00000000e1c00000, 0x00000000e1d00000, 0x00000000e1d00000|100%| O|  |TAMS 0x00000000e1d00000, 0x00000000e1c00000| Untracked 
|  29|0x00000000e1d00000, 0x00000000e1e00000, 0x00000000e1e00000|100%| O|  |TAMS 0x00000000e1e00000, 0x00000000e1d00000| Untracked 
|  30|0x00000000e1e00000, 0x00000000e1f00000, 0x00000000e1f00000|100%| O|  |TAMS 0x00000000e1f00000, 0x00000000e1e00000| Untracked 
|  31|0x00000000e1f00000, 0x00000000e2000000, 0x00000000e2000000|100%| O|  |TAMS 0x00000000e2000000, 0x00000000e1f00000| Untracked 
|  32|0x00000000e2000000, 0x00000000e2100000, 0x00000000e2100000|100%| O|  |TAMS 0x00000000e2100000, 0x00000000e2000000| Untracked 
|  33|0x00000000e2100000, 0x00000000e2200000, 0x00000000e2200000|100%| O|  |TAMS 0x00000000e2200000, 0x00000000e2100000| Untracked 
|  34|0x00000000e2200000, 0x00000000e2300000, 0x00000000e2300000|100%| O|  |TAMS 0x00000000e2300000, 0x00000000e2200000| Untracked 
|  35|0x00000000e2300000, 0x00000000e2400000, 0x00000000e2400000|100%| O|  |TAMS 0x00000000e2400000, 0x00000000e2300000| Untracked 
|  36|0x00000000e2400000, 0x00000000e2500000, 0x00000000e2500000|100%| O|  |TAMS 0x00000000e2500000, 0x00000000e2400000| Untracked 
|  37|0x00000000e2500000, 0x00000000e2600000, 0x00000000e2600000|100%| O|  |TAMS 0x00000000e2600000, 0x00000000e2500000| Untracked 
|  38|0x00000000e2600000, 0x00000000e2700000, 0x00000000e2700000|100%| O|  |TAMS 0x00000000e2700000, 0x00000000e2600000| Untracked 
|  39|0x00000000e2700000, 0x00000000e2800000, 0x00000000e2800000|100%| O|  |TAMS 0x00000000e2800000, 0x00000000e2700000| Untracked 
|  40|0x00000000e2800000, 0x00000000e2900000, 0x00000000e2900000|100%| O|  |TAMS 0x00000000e2900000, 0x00000000e2800000| Untracked 
|  41|0x00000000e2900000, 0x00000000e2a00000, 0x00000000e2a00000|100%| O|  |TAMS 0x00000000e2a00000, 0x00000000e2900000| Untracked 
|  42|0x00000000e2a00000, 0x00000000e2b00000, 0x00000000e2b00000|100%| O|  |TAMS 0x00000000e2b00000, 0x00000000e2a00000| Untracked 
|  43|0x00000000e2b00000, 0x00000000e2c00000, 0x00000000e2c00000|100%| O|  |TAMS 0x00000000e2c00000, 0x00000000e2b00000| Untracked 
|  44|0x00000000e2c00000, 0x00000000e2d00000, 0x00000000e2d00000|100%| O|  |TAMS 0x00000000e2d00000, 0x00000000e2c00000| Untracked 
|  45|0x00000000e2d00000, 0x00000000e2e00000, 0x00000000e2e00000|100%| O|  |TAMS 0x00000000e2e00000, 0x00000000e2d00000| Untracked 
|  46|0x00000000e2e00000, 0x00000000e2f00000, 0x00000000e2f00000|100%| O|  |TAMS 0x00000000e2f00000, 0x00000000e2e00000| Untracked 
|  47|0x00000000e2f00000, 0x00000000e3000000, 0x00000000e3000000|100%| O|  |TAMS 0x00000000e3000000, 0x00000000e2f00000| Untracked 
|  48|0x00000000e3000000, 0x00000000e3100000, 0x00000000e3100000|100%| O|  |TAMS 0x00000000e3100000, 0x00000000e3000000| Untracked 
|  49|0x00000000e3100000, 0x00000000e3200000, 0x00000000e3200000|100%| O|  |TAMS 0x00000000e3181c00, 0x00000000e3100000| Untracked 
|  50|0x00000000e3200000, 0x00000000e3300000, 0x00000000e3300000|100%|HS|  |TAMS 0x00000000e3300000, 0x00000000e3200000| Complete 
|  51|0x00000000e3300000, 0x00000000e3400000, 0x00000000e3400000|100%|HC|  |TAMS 0x00000000e3400000, 0x00000000e3300000| Complete 
|  52|0x00000000e3400000, 0x00000000e3500000, 0x00000000e3500000|100%|HC|  |TAMS 0x00000000e3500000, 0x00000000e3400000| Complete 
|  53|0x00000000e3500000, 0x00000000e3600000, 0x00000000e3600000|100%|HC|  |TAMS 0x00000000e3600000, 0x00000000e3500000| Complete 
|  54|0x00000000e3600000, 0x00000000e3700000, 0x00000000e3700000|100%|HC|  |TAMS 0x00000000e3700000, 0x00000000e3600000| Complete 
|  55|0x00000000e3700000, 0x00000000e3800000, 0x00000000e3800000|100%|HC|  |TAMS 0x00000000e3800000, 0x00000000e3700000| Complete 
|  56|0x00000000e3800000, 0x00000000e3900000, 0x00000000e3900000|100%|HC|  |TAMS 0x00000000e3900000, 0x00000000e3800000| Complete 
|  57|0x00000000e3900000, 0x00000000e3a00000, 0x00000000e3a00000|100%|HC|  |TAMS 0x00000000e3a00000, 0x00000000e3900000| Complete 
|  58|0x00000000e3a00000, 0x00000000e3b00000, 0x00000000e3b00000|100%|HS|  |TAMS 0x00000000e3b00000, 0x00000000e3a00000| Complete 
|  59|0x00000000e3b00000, 0x00000000e3c00000, 0x00000000e3c00000|100%|HC|  |TAMS 0x00000000e3c00000, 0x00000000e3b00000| Complete 
|  60|0x00000000e3c00000, 0x00000000e3d00000, 0x00000000e3d00000|100%|HS|  |TAMS 0x00000000e3d00000, 0x00000000e3c00000| Complete 
|  61|0x00000000e3d00000, 0x00000000e3e00000, 0x00000000e3e00000|100%|HC|  |TAMS 0x00000000e3e00000, 0x00000000e3d00000| Complete 
|  62|0x00000000e3e00000, 0x00000000e3f00000, 0x00000000e3f00000|100%|HC|  |TAMS 0x00000000e3f00000, 0x00000000e3e00000| Complete 
|  63|0x00000000e3f00000, 0x00000000e4000000, 0x00000000e4000000|100%|HS|  |TAMS 0x00000000e4000000, 0x00000000e3f00000| Complete 
|  64|0x00000000e4000000, 0x00000000e4100000, 0x00000000e4100000|100%|HC|  |TAMS 0x00000000e4100000, 0x00000000e4000000| Complete 
|  65|0x00000000e4100000, 0x00000000e4200000, 0x00000000e4200000|100%|HC|  |TAMS 0x00000000e4200000, 0x00000000e4100000| Complete 
|  66|0x00000000e4200000, 0x00000000e4300000, 0x00000000e4300000|100%|HS|  |TAMS 0x00000000e4300000, 0x00000000e4200000| Complete 
|  67|0x00000000e4300000, 0x00000000e4400000, 0x00000000e4400000|100%|HC|  |TAMS 0x00000000e4400000, 0x00000000e4300000| Complete 
|  68|0x00000000e4400000, 0x00000000e4500000, 0x00000000e4500000|100%|HC|  |TAMS 0x00000000e4500000, 0x00000000e4400000| Complete 
|  69|0x00000000e4500000, 0x00000000e4600000, 0x00000000e4600000|100%|HC|  |TAMS 0x00000000e4600000, 0x00000000e4500000| Complete 
|  70|0x00000000e4600000, 0x00000000e4700000, 0x00000000e4700000|100%|HC|  |TAMS 0x00000000e4700000, 0x00000000e4600000| Complete 
|  71|0x00000000e4700000, 0x00000000e4800000, 0x00000000e4800000|100%|HC|  |TAMS 0x00000000e4800000, 0x00000000e4700000| Complete 
|  72|0x00000000e4800000, 0x00000000e4900000, 0x00000000e4900000|100%|HC|  |TAMS 0x00000000e4900000, 0x00000000e4800000| Complete 
|  73|0x00000000e4900000, 0x00000000e4a00000, 0x00000000e4a00000|100%|HC|  |TAMS 0x00000000e4a00000, 0x00000000e4900000| Complete 
|  74|0x00000000e4a00000, 0x00000000e4b00000, 0x00000000e4b00000|100%|HC|  |TAMS 0x00000000e4b00000, 0x00000000e4a00000| Complete 
|  75|0x00000000e4b00000, 0x00000000e4c00000, 0x00000000e4c00000|100%|HC|  |TAMS 0x00000000e4c00000, 0x00000000e4b00000| Complete 
|  76|0x00000000e4c00000, 0x00000000e4d00000, 0x00000000e4d00000|100%|HS|  |TAMS 0x00000000e4d00000, 0x00000000e4c00000| Complete 
|  77|0x00000000e4d00000, 0x00000000e4e00000, 0x00000000e4e00000|100%|HC|  |TAMS 0x00000000e4e00000, 0x00000000e4d00000| Complete 
|  78|0x00000000e4e00000, 0x00000000e4f00000, 0x00000000e4f00000|100%|HS|  |TAMS 0x00000000e4f00000, 0x00000000e4e00000| Complete 
|  79|0x00000000e4f00000, 0x00000000e5000000, 0x00000000e5000000|100%|HS|  |TAMS 0x00000000e5000000, 0x00000000e4f00000| Complete 
|  80|0x00000000e5000000, 0x00000000e5100000, 0x00000000e5100000|100%|HC|  |TAMS 0x00000000e5100000, 0x00000000e5000000| Complete 
|  81|0x00000000e5100000, 0x00000000e5200000, 0x00000000e5200000|100%|HC|  |TAMS 0x00000000e5200000, 0x00000000e5100000| Complete 
|  82|0x00000000e5200000, 0x00000000e5300000, 0x00000000e5300000|100%|HC|  |TAMS 0x00000000e5300000, 0x00000000e5200000| Complete 
|  83|0x00000000e5300000, 0x00000000e5400000, 0x00000000e5400000|100%|HC|  |TAMS 0x00000000e5400000, 0x00000000e5300000| Complete 
|  84|0x00000000e5400000, 0x00000000e5500000, 0x00000000e5500000|100%|HC|  |TAMS 0x00000000e5500000, 0x00000000e5400000| Complete 
|  85|0x00000000e5500000, 0x00000000e5600000, 0x00000000e5600000|100%|HC|  |TAMS 0x00000000e5600000, 0x00000000e5500000| Complete 
|  86|0x00000000e5600000, 0x00000000e5700000, 0x00000000e5700000|100%|HC|  |TAMS 0x00000000e5700000, 0x00000000e5600000| Complete 
|  87|0x00000000e5700000, 0x00000000e5800000, 0x00000000e5800000|100%|HC|  |TAMS 0x00000000e5800000, 0x00000000e5700000| Complete 
|  88|0x00000000e5800000, 0x00000000e5900000, 0x00000000e5900000|100%|HC|  |TAMS 0x00000000e5900000, 0x00000000e5800000| Complete 
|  89|0x00000000e5900000, 0x00000000e5a00000, 0x00000000e5a00000|100%|HS|  |TAMS 0x00000000e5a00000, 0x00000000e5900000| Complete 
|  90|0x00000000e5a00000, 0x00000000e5b00000, 0x00000000e5b00000|100%|HC|  |TAMS 0x00000000e5b00000, 0x00000000e5a00000| Complete 
|  91|0x00000000e5b00000, 0x00000000e5c00000, 0x00000000e5c00000|100%|HS|  |TAMS 0x00000000e5c00000, 0x00000000e5b00000| Complete 
|  92|0x00000000e5c00000, 0x00000000e5d00000, 0x00000000e5d00000|100%|HC|  |TAMS 0x00000000e5d00000, 0x00000000e5c00000| Complete 
|  93|0x00000000e5d00000, 0x00000000e5e00000, 0x00000000e5e00000|100%|HS|  |TAMS 0x00000000e5e00000, 0x00000000e5d00000| Complete 
|  94|0x00000000e5e00000, 0x00000000e5f00000, 0x00000000e5f00000|100%|HC|  |TAMS 0x00000000e5f00000, 0x00000000e5e00000| Complete 
|  95|0x00000000e5f00000, 0x00000000e6000000, 0x00000000e6000000|100%|HC|  |TAMS 0x00000000e6000000, 0x00000000e5f00000| Complete 
|  96|0x00000000e6000000, 0x00000000e6100000, 0x00000000e6100000|100%|HS|  |TAMS 0x00000000e6100000, 0x00000000e6000000| Complete 
|  97|0x00000000e6100000, 0x00000000e6200000, 0x00000000e6200000|100%|HC|  |TAMS 0x00000000e6200000, 0x00000000e6100000| Complete 
|  98|0x00000000e6200000, 0x00000000e6300000, 0x00000000e6300000|100%|HC|  |TAMS 0x00000000e6300000, 0x00000000e6200000| Complete 
|  99|0x00000000e6300000, 0x00000000e6400000, 0x00000000e6400000|100%|HS|  |TAMS 0x00000000e6400000, 0x00000000e6300000| Complete 
| 100|0x00000000e6400000, 0x00000000e6500000, 0x00000000e6500000|100%|HC|  |TAMS 0x00000000e6500000, 0x00000000e6400000| Complete 
| 101|0x00000000e6500000, 0x00000000e6600000, 0x00000000e6600000|100%|HS|  |TAMS 0x00000000e6600000, 0x00000000e6500000| Complete 
| 102|0x00000000e6600000, 0x00000000e6700000, 0x00000000e6700000|100%|HC|  |TAMS 0x00000000e6700000, 0x00000000e6600000| Complete 
| 103|0x00000000e6700000, 0x00000000e6800000, 0x00000000e6800000|100%|HC|  |TAMS 0x00000000e6800000, 0x00000000e6700000| Complete 
| 104|0x00000000e6800000, 0x00000000e6900000, 0x00000000e6900000|100%|HC|  |TAMS 0x00000000e6900000, 0x00000000e6800000| Complete 
| 105|0x00000000e6900000, 0x00000000e6a00000, 0x00000000e6a00000|100%|HC|  |TAMS 0x00000000e6a00000, 0x00000000e6900000| Complete 
| 106|0x00000000e6a00000, 0x00000000e6b00000, 0x00000000e6b00000|100%|HC|  |TAMS 0x00000000e6b00000, 0x00000000e6a00000| Complete 
| 107|0x00000000e6b00000, 0x00000000e6c00000, 0x00000000e6c00000|100%|HC|  |TAMS 0x00000000e6c00000, 0x00000000e6b00000| Complete 
| 108|0x00000000e6c00000, 0x00000000e6d00000, 0x00000000e6d00000|100%|HS|  |TAMS 0x00000000e6d00000, 0x00000000e6c00000| Complete 
| 109|0x00000000e6d00000, 0x00000000e6e00000, 0x00000000e6e00000|100%|HS|  |TAMS 0x00000000e6e00000, 0x00000000e6d00000| Complete 
| 110|0x00000000e6e00000, 0x00000000e6f00000, 0x00000000e6f00000|100%| O|  |TAMS 0x00000000e6e00000, 0x00000000e6e00000| Untracked 
| 111|0x00000000e6f00000, 0x00000000e7000000, 0x00000000e7000000|100%| O|  |TAMS 0x00000000e6f00000, 0x00000000e6f00000| Untracked 
| 112|0x00000000e7000000, 0x00000000e7100000, 0x00000000e7100000|100%| O|  |TAMS 0x00000000e7000000, 0x00000000e7000000| Untracked 
| 113|0x00000000e7100000, 0x00000000e7200000, 0x00000000e7200000|100%| O|  |TAMS 0x00000000e7100000, 0x00000000e7100000| Untracked 
| 114|0x00000000e7200000, 0x00000000e7300000, 0x00000000e7300000|100%| O|  |TAMS 0x00000000e7200000, 0x00000000e7200000| Untracked 
| 115|0x00000000e7300000, 0x00000000e7400000, 0x00000000e7400000|100%| O|  |TAMS 0x00000000e7300000, 0x00000000e7300000| Untracked 
| 116|0x00000000e7400000, 0x00000000e7500000, 0x00000000e7500000|100%|HS|  |TAMS 0x00000000e7400000, 0x00000000e7400000| Complete 
| 117|0x00000000e7500000, 0x00000000e7600000, 0x00000000e7600000|100%|HC|  |TAMS 0x00000000e7500000, 0x00000000e7500000| Complete 
| 118|0x00000000e7600000, 0x00000000e7700000, 0x00000000e7700000|100%|HC|  |TAMS 0x00000000e7600000, 0x00000000e7600000| Complete 
| 119|0x00000000e7700000, 0x00000000e7800000, 0x00000000e7800000|100%|HC|  |TAMS 0x00000000e7700000, 0x00000000e7700000| Complete 
| 120|0x00000000e7800000, 0x00000000e7900000, 0x00000000e7900000|100%|HC|  |TAMS 0x00000000e7800000, 0x00000000e7800000| Complete 
| 121|0x00000000e7900000, 0x00000000e7a00000, 0x00000000e7a00000|100%|HC|  |TAMS 0x00000000e7900000, 0x00000000e7900000| Complete 
| 122|0x00000000e7a00000, 0x00000000e7b00000, 0x00000000e7b00000|100%|HC|  |TAMS 0x00000000e7a00000, 0x00000000e7a00000| Complete 
| 123|0x00000000e7b00000, 0x00000000e7c00000, 0x00000000e7c00000|100%|HC|  |TAMS 0x00000000e7b00000, 0x00000000e7b00000| Complete 
| 124|0x00000000e7c00000, 0x00000000e7d00000, 0x00000000e7d00000|100%|HC|  |TAMS 0x00000000e7c00000, 0x00000000e7c00000| Complete 
| 125|0x00000000e7d00000, 0x00000000e7e00000, 0x00000000e7e00000|100%|HC|  |TAMS 0x00000000e7d00000, 0x00000000e7d00000| Complete 
| 126|0x00000000e7e00000, 0x00000000e7f00000, 0x00000000e7f00000|100%|HS|  |TAMS 0x00000000e7e00000, 0x00000000e7e00000| Complete 
| 127|0x00000000e7f00000, 0x00000000e8000000, 0x00000000e8000000|100%|HC|  |TAMS 0x00000000e7f00000, 0x00000000e7f00000| Complete 
| 128|0x00000000e8000000, 0x00000000e8100000, 0x00000000e8100000|100%| O|  |TAMS 0x00000000e8000000, 0x00000000e8000000| Untracked 
| 129|0x00000000e8100000, 0x00000000e8200000, 0x00000000e8200000|100%| O|  |TAMS 0x00000000e8100000, 0x00000000e8100000| Untracked 
| 130|0x00000000e8200000, 0x00000000e8300000, 0x00000000e8300000|100%| O|  |TAMS 0x00000000e8200000, 0x00000000e8200000| Untracked 
| 131|0x00000000e8300000, 0x00000000e8400000, 0x00000000e8400000|100%| O|  |TAMS 0x00000000e8300000, 0x00000000e8300000| Untracked 
| 132|0x00000000e8400000, 0x00000000e8500000, 0x00000000e8500000|100%| O|  |TAMS 0x00000000e8400000, 0x00000000e8400000| Untracked 
| 133|0x00000000e8500000, 0x00000000e8600000, 0x00000000e8600000|100%| O|  |TAMS 0x00000000e8500000, 0x00000000e8500000| Untracked 
| 134|0x00000000e8600000, 0x00000000e8700000, 0x00000000e8700000|100%| O|  |TAMS 0x00000000e8600000, 0x00000000e8600000| Untracked 
| 135|0x00000000e8700000, 0x00000000e8800000, 0x00000000e8800000|100%| O|  |TAMS 0x00000000e8700000, 0x00000000e8700000| Untracked 
| 136|0x00000000e8800000, 0x00000000e8900000, 0x00000000e8900000|100%| O|  |TAMS 0x00000000e8800000, 0x00000000e8800000| Untracked 
| 137|0x00000000e8900000, 0x00000000e8a00000, 0x00000000e8a00000|100%| O|  |TAMS 0x00000000e8900000, 0x00000000e8900000| Untracked 
| 138|0x00000000e8a00000, 0x00000000e8b00000, 0x00000000e8b00000|100%| O|  |TAMS 0x00000000e8a00000, 0x00000000e8a00000| Untracked 
| 139|0x00000000e8b00000, 0x00000000e8c00000, 0x00000000e8c00000|100%| O|  |TAMS 0x00000000e8b00000, 0x00000000e8b00000| Untracked 
| 140|0x00000000e8c00000, 0x00000000e8c87200, 0x00000000e8d00000| 52%| O|  |TAMS 0x00000000e8c00000, 0x00000000e8c00000| Untracked 
| 141|0x00000000e8d00000, 0x00000000e8d00000, 0x00000000e8e00000|  0%| F|  |TAMS 0x00000000e8d00000, 0x00000000e8d00000| Untracked 
| 142|0x00000000e8e00000, 0x00000000e8e00000, 0x00000000e8f00000|  0%| F|  |TAMS 0x00000000e8e00000, 0x00000000e8e00000| Untracked 
| 143|0x00000000e8f00000, 0x00000000e8f00000, 0x00000000e9000000|  0%| F|  |TAMS 0x00000000e8f00000, 0x00000000e8f00000| Untracked 
| 144|0x00000000e9000000, 0x00000000e9000000, 0x00000000e9100000|  0%| F|  |TAMS 0x00000000e9000000, 0x00000000e9000000| Untracked 
| 145|0x00000000e9100000, 0x00000000e9100000, 0x00000000e9200000|  0%| F|  |TAMS 0x00000000e9100000, 0x00000000e9100000| Untracked 
| 146|0x00000000e9200000, 0x00000000e9200000, 0x00000000e9300000|  0%| F|  |TAMS 0x00000000e9200000, 0x00000000e9200000| Untracked 
| 147|0x00000000e9300000, 0x00000000e9300000, 0x00000000e9400000|  0%| F|  |TAMS 0x00000000e9300000, 0x00000000e9300000| Untracked 
| 148|0x00000000e9400000, 0x00000000e9400000, 0x00000000e9500000|  0%| F|  |TAMS 0x00000000e9400000, 0x00000000e9400000| Untracked 
| 149|0x00000000e9500000, 0x00000000e9500000, 0x00000000e9600000|  0%| F|  |TAMS 0x00000000e9500000, 0x00000000e9500000| Untracked 
| 150|0x00000000e9600000, 0x00000000e9600000, 0x00000000e9700000|  0%| F|  |TAMS 0x00000000e9600000, 0x00000000e9600000| Untracked 
| 151|0x00000000e9700000, 0x00000000e9700000, 0x00000000e9800000|  0%| F|  |TAMS 0x00000000e9700000, 0x00000000e9700000| Untracked 
| 152|0x00000000e9800000, 0x00000000e9800000, 0x00000000e9900000|  0%| F|  |TAMS 0x00000000e9800000, 0x00000000e9800000| Untracked 
| 153|0x00000000e9900000, 0x00000000e9900000, 0x00000000e9a00000|  0%| F|  |TAMS 0x00000000e9900000, 0x00000000e9900000| Untracked 
| 154|0x00000000e9a00000, 0x00000000e9a00000, 0x00000000e9b00000|  0%| F|  |TAMS 0x00000000e9a00000, 0x00000000e9a00000| Untracked 
| 155|0x00000000e9b00000, 0x00000000e9b00000, 0x00000000e9c00000|  0%| F|  |TAMS 0x00000000e9b00000, 0x00000000e9b00000| Untracked 
| 156|0x00000000e9c00000, 0x00000000e9cb01a8, 0x00000000e9d00000| 68%| S|CS|TAMS 0x00000000e9c00000, 0x00000000e9c00000| Complete 
| 157|0x00000000e9d00000, 0x00000000e9e00000, 0x00000000e9e00000|100%| S|CS|TAMS 0x00000000e9d00000, 0x00000000e9d00000| Complete 
| 158|0x00000000e9e00000, 0x00000000e9f00000, 0x00000000e9f00000|100%| S|CS|TAMS 0x00000000e9e00000, 0x00000000e9e00000| Complete 
| 159|0x00000000e9f00000, 0x00000000ea000000, 0x00000000ea000000|100%| S|CS|TAMS 0x00000000e9f00000, 0x00000000e9f00000| Complete 
| 160|0x00000000ea000000, 0x00000000ea100000, 0x00000000ea100000|100%| S|CS|TAMS 0x00000000ea000000, 0x00000000ea000000| Complete 
| 161|0x00000000ea100000, 0x00000000ea200000, 0x00000000ea200000|100%| S|CS|TAMS 0x00000000ea100000, 0x00000000ea100000| Complete 
| 162|0x00000000ea200000, 0x00000000ea300000, 0x00000000ea300000|100%| S|CS|TAMS 0x00000000ea200000, 0x00000000ea200000| Complete 
| 163|0x00000000ea300000, 0x00000000ea400000, 0x00000000ea400000|100%| S|CS|TAMS 0x00000000ea300000, 0x00000000ea300000| Complete 
| 164|0x00000000ea400000, 0x00000000ea400000, 0x00000000ea500000|  0%| F|  |TAMS 0x00000000ea400000, 0x00000000ea400000| Untracked 
| 165|0x00000000ea500000, 0x00000000ea500000, 0x00000000ea600000|  0%| F|  |TAMS 0x00000000ea500000, 0x00000000ea500000| Untracked 
| 166|0x00000000ea600000, 0x00000000ea600000, 0x00000000ea700000|  0%| F|  |TAMS 0x00000000ea600000, 0x00000000ea600000| Untracked 
| 167|0x00000000ea700000, 0x00000000ea700000, 0x00000000ea800000|  0%| F|  |TAMS 0x00000000ea700000, 0x00000000ea700000| Untracked 
| 168|0x00000000ea800000, 0x00000000ea800000, 0x00000000ea900000|  0%| F|  |TAMS 0x00000000ea800000, 0x00000000ea800000| Untracked 
| 169|0x00000000ea900000, 0x00000000ea900000, 0x00000000eaa00000|  0%| F|  |TAMS 0x00000000ea900000, 0x00000000ea900000| Untracked 
| 170|0x00000000eaa00000, 0x00000000eaa00000, 0x00000000eab00000|  0%| F|  |TAMS 0x00000000eaa00000, 0x00000000eaa00000| Untracked 
| 171|0x00000000eab00000, 0x00000000eab00000, 0x00000000eac00000|  0%| F|  |TAMS 0x00000000eab00000, 0x00000000eab00000| Untracked 
| 172|0x00000000eac00000, 0x00000000eac00000, 0x00000000ead00000|  0%| F|  |TAMS 0x00000000eac00000, 0x00000000eac00000| Untracked 
| 173|0x00000000ead00000, 0x00000000ead00000, 0x00000000eae00000|  0%| F|  |TAMS 0x00000000ead00000, 0x00000000ead00000| Untracked 
| 174|0x00000000eae00000, 0x00000000eae00000, 0x00000000eaf00000|  0%| F|  |TAMS 0x00000000eae00000, 0x00000000eae00000| Untracked 
| 175|0x00000000eaf00000, 0x00000000eaf00000, 0x00000000eb000000|  0%| F|  |TAMS 0x00000000eaf00000, 0x00000000eaf00000| Untracked 
| 176|0x00000000eb000000, 0x00000000eb000000, 0x00000000eb100000|  0%| F|  |TAMS 0x00000000eb000000, 0x00000000eb000000| Untracked 
| 177|0x00000000eb100000, 0x00000000eb100000, 0x00000000eb200000|  0%| F|  |TAMS 0x00000000eb100000, 0x00000000eb100000| Untracked 
| 178|0x00000000eb200000, 0x00000000eb200000, 0x00000000eb300000|  0%| F|  |TAMS 0x00000000eb200000, 0x00000000eb200000| Untracked 
| 179|0x00000000eb300000, 0x00000000eb300000, 0x00000000eb400000|  0%| F|  |TAMS 0x00000000eb300000, 0x00000000eb300000| Untracked 
| 180|0x00000000eb400000, 0x00000000eb400000, 0x00000000eb500000|  0%| F|  |TAMS 0x00000000eb400000, 0x00000000eb400000| Untracked 
| 181|0x00000000eb500000, 0x00000000eb500000, 0x00000000eb600000|  0%| F|  |TAMS 0x00000000eb500000, 0x00000000eb500000| Untracked 
| 182|0x00000000eb600000, 0x00000000eb600000, 0x00000000eb700000|  0%| F|  |TAMS 0x00000000eb600000, 0x00000000eb600000| Untracked 
| 183|0x00000000eb700000, 0x00000000eb700000, 0x00000000eb800000|  0%| F|  |TAMS 0x00000000eb700000, 0x00000000eb700000| Untracked 
| 184|0x00000000eb800000, 0x00000000eb800000, 0x00000000eb900000|  0%| F|  |TAMS 0x00000000eb800000, 0x00000000eb800000| Untracked 
| 185|0x00000000eb900000, 0x00000000eb900000, 0x00000000eba00000|  0%| F|  |TAMS 0x00000000eb900000, 0x00000000eb900000| Untracked 
| 186|0x00000000eba00000, 0x00000000eba00000, 0x00000000ebb00000|  0%| F|  |TAMS 0x00000000eba00000, 0x00000000eba00000| Untracked 
| 187|0x00000000ebb00000, 0x00000000ebb00000, 0x00000000ebc00000|  0%| F|  |TAMS 0x00000000ebb00000, 0x00000000ebb00000| Untracked 
| 188|0x00000000ebc00000, 0x00000000ebc00000, 0x00000000ebd00000|  0%| F|  |TAMS 0x00000000ebc00000, 0x00000000ebc00000| Untracked 
| 189|0x00000000ebd00000, 0x00000000ebd00000, 0x00000000ebe00000|  0%| F|  |TAMS 0x00000000ebd00000, 0x00000000ebd00000| Untracked 
| 190|0x00000000ebe00000, 0x00000000ebe00000, 0x00000000ebf00000|  0%| F|  |TAMS 0x00000000ebe00000, 0x00000000ebe00000| Untracked 
| 191|0x00000000ebf00000, 0x00000000ebf00000, 0x00000000ec000000|  0%| F|  |TAMS 0x00000000ebf00000, 0x00000000ebf00000| Untracked 
| 192|0x00000000ec000000, 0x00000000ec000000, 0x00000000ec100000|  0%| F|  |TAMS 0x00000000ec000000, 0x00000000ec000000| Untracked 
| 193|0x00000000ec100000, 0x00000000ec100000, 0x00000000ec200000|  0%| F|  |TAMS 0x00000000ec100000, 0x00000000ec100000| Untracked 
| 194|0x00000000ec200000, 0x00000000ec200000, 0x00000000ec300000|  0%| F|  |TAMS 0x00000000ec200000, 0x00000000ec200000| Untracked 
| 195|0x00000000ec300000, 0x00000000ec300000, 0x00000000ec400000|  0%| F|  |TAMS 0x00000000ec300000, 0x00000000ec300000| Untracked 
| 196|0x00000000ec400000, 0x00000000ec400000, 0x00000000ec500000|  0%| F|  |TAMS 0x00000000ec400000, 0x00000000ec400000| Untracked 
| 197|0x00000000ec500000, 0x00000000ec500000, 0x00000000ec600000|  0%| F|  |TAMS 0x00000000ec500000, 0x00000000ec500000| Untracked 
| 198|0x00000000ec600000, 0x00000000ec600000, 0x00000000ec700000|  0%| F|  |TAMS 0x00000000ec600000, 0x00000000ec600000| Untracked 
| 199|0x00000000ec700000, 0x00000000ec700000, 0x00000000ec800000|  0%| F|  |TAMS 0x00000000ec700000, 0x00000000ec700000| Untracked 
| 200|0x00000000ec800000, 0x00000000ec800000, 0x00000000ec900000|  0%| F|  |TAMS 0x00000000ec800000, 0x00000000ec800000| Untracked 
| 201|0x00000000ec900000, 0x00000000ec900000, 0x00000000eca00000|  0%| F|  |TAMS 0x00000000ec900000, 0x00000000ec900000| Untracked 
| 202|0x00000000eca00000, 0x00000000eca00000, 0x00000000ecb00000|  0%| F|  |TAMS 0x00000000eca00000, 0x00000000eca00000| Untracked 
| 203|0x00000000ecb00000, 0x00000000ecb00000, 0x00000000ecc00000|  0%| F|  |TAMS 0x00000000ecb00000, 0x00000000ecb00000| Untracked 
| 204|0x00000000ecc00000, 0x00000000ecc00000, 0x00000000ecd00000|  0%| F|  |TAMS 0x00000000ecc00000, 0x00000000ecc00000| Untracked 
| 205|0x00000000ecd00000, 0x00000000ecd00000, 0x00000000ece00000|  0%| F|  |TAMS 0x00000000ecd00000, 0x00000000ecd00000| Untracked 
| 206|0x00000000ece00000, 0x00000000ece00000, 0x00000000ecf00000|  0%| F|  |TAMS 0x00000000ece00000, 0x00000000ece00000| Untracked 
| 207|0x00000000ecf00000, 0x00000000ecf00000, 0x00000000ed000000|  0%| F|  |TAMS 0x00000000ecf00000, 0x00000000ecf00000| Untracked 
| 208|0x00000000ed000000, 0x00000000ed000000, 0x00000000ed100000|  0%| F|  |TAMS 0x00000000ed000000, 0x00000000ed000000| Untracked 
| 209|0x00000000ed100000, 0x00000000ed100000, 0x00000000ed200000|  0%| F|  |TAMS 0x00000000ed100000, 0x00000000ed100000| Untracked 
| 210|0x00000000ed200000, 0x00000000ed200000, 0x00000000ed300000|  0%| F|  |TAMS 0x00000000ed200000, 0x00000000ed200000| Untracked 
| 211|0x00000000ed300000, 0x00000000ed300000, 0x00000000ed400000|  0%| F|  |TAMS 0x00000000ed300000, 0x00000000ed300000| Untracked 
| 212|0x00000000ed400000, 0x00000000ed400000, 0x00000000ed500000|  0%| F|  |TAMS 0x00000000ed400000, 0x00000000ed400000| Untracked 
| 213|0x00000000ed500000, 0x00000000ed500000, 0x00000000ed600000|  0%| F|  |TAMS 0x00000000ed500000, 0x00000000ed500000| Untracked 
| 214|0x00000000ed600000, 0x00000000ed600000, 0x00000000ed700000|  0%| F|  |TAMS 0x00000000ed600000, 0x00000000ed600000| Untracked 
| 215|0x00000000ed700000, 0x00000000ed700000, 0x00000000ed800000|  0%| F|  |TAMS 0x00000000ed700000, 0x00000000ed700000| Untracked 
| 216|0x00000000ed800000, 0x00000000ed800000, 0x00000000ed900000|  0%| F|  |TAMS 0x00000000ed800000, 0x00000000ed800000| Untracked 
| 217|0x00000000ed900000, 0x00000000ed900000, 0x00000000eda00000|  0%| F|  |TAMS 0x00000000ed900000, 0x00000000ed900000| Untracked 
| 218|0x00000000eda00000, 0x00000000eda00000, 0x00000000edb00000|  0%| F|  |TAMS 0x00000000eda00000, 0x00000000eda00000| Untracked 
| 219|0x00000000edb00000, 0x00000000edb00000, 0x00000000edc00000|  0%| F|  |TAMS 0x00000000edb00000, 0x00000000edb00000| Untracked 
| 220|0x00000000edc00000, 0x00000000edc00000, 0x00000000edd00000|  0%| F|  |TAMS 0x00000000edc00000, 0x00000000edc00000| Untracked 
| 221|0x00000000edd00000, 0x00000000edd00000, 0x00000000ede00000|  0%| F|  |TAMS 0x00000000edd00000, 0x00000000edd00000| Untracked 
| 222|0x00000000ede00000, 0x00000000ede00000, 0x00000000edf00000|  0%| F|  |TAMS 0x00000000ede00000, 0x00000000ede00000| Untracked 
| 223|0x00000000edf00000, 0x00000000edf00000, 0x00000000ee000000|  0%| F|  |TAMS 0x00000000edf00000, 0x00000000edf00000| Untracked 
| 224|0x00000000ee000000, 0x00000000ee000000, 0x00000000ee100000|  0%| F|  |TAMS 0x00000000ee000000, 0x00000000ee000000| Untracked 
| 225|0x00000000ee100000, 0x00000000ee100000, 0x00000000ee200000|  0%| F|  |TAMS 0x00000000ee100000, 0x00000000ee100000| Untracked 
| 226|0x00000000ee200000, 0x00000000ee200000, 0x00000000ee300000|  0%| F|  |TAMS 0x00000000ee200000, 0x00000000ee200000| Untracked 
| 227|0x00000000ee300000, 0x00000000ee300000, 0x00000000ee400000|  0%| F|  |TAMS 0x00000000ee300000, 0x00000000ee300000| Untracked 
| 228|0x00000000ee400000, 0x00000000ee400000, 0x00000000ee500000|  0%| F|  |TAMS 0x00000000ee400000, 0x00000000ee400000| Untracked 
| 229|0x00000000ee500000, 0x00000000ee500000, 0x00000000ee600000|  0%| F|  |TAMS 0x00000000ee500000, 0x00000000ee500000| Untracked 
| 230|0x00000000ee600000, 0x00000000ee600000, 0x00000000ee700000|  0%| F|  |TAMS 0x00000000ee600000, 0x00000000ee600000| Untracked 
| 231|0x00000000ee700000, 0x00000000ee700000, 0x00000000ee800000|  0%| F|  |TAMS 0x00000000ee700000, 0x00000000ee700000| Untracked 
| 232|0x00000000ee800000, 0x00000000ee800000, 0x00000000ee900000|  0%| F|  |TAMS 0x00000000ee800000, 0x00000000ee800000| Untracked 
| 233|0x00000000ee900000, 0x00000000ee900000, 0x00000000eea00000|  0%| F|  |TAMS 0x00000000ee900000, 0x00000000ee900000| Untracked 
| 234|0x00000000eea00000, 0x00000000eea00000, 0x00000000eeb00000|  0%| F|  |TAMS 0x00000000eea00000, 0x00000000eea00000| Untracked 
| 235|0x00000000eeb00000, 0x00000000eeb00000, 0x00000000eec00000|  0%| F|  |TAMS 0x00000000eeb00000, 0x00000000eeb00000| Untracked 
| 236|0x00000000eec00000, 0x00000000eec00000, 0x00000000eed00000|  0%| F|  |TAMS 0x00000000eec00000, 0x00000000eec00000| Untracked 
| 237|0x00000000eed00000, 0x00000000eed00000, 0x00000000eee00000|  0%| F|  |TAMS 0x00000000eed00000, 0x00000000eed00000| Untracked 
| 238|0x00000000eee00000, 0x00000000eee00000, 0x00000000eef00000|  0%| F|  |TAMS 0x00000000eee00000, 0x00000000eee00000| Untracked 
| 239|0x00000000eef00000, 0x00000000eef00000, 0x00000000ef000000|  0%| F|  |TAMS 0x00000000eef00000, 0x00000000eef00000| Untracked 
| 240|0x00000000ef000000, 0x00000000ef000000, 0x00000000ef100000|  0%| F|  |TAMS 0x00000000ef000000, 0x00000000ef000000| Untracked 
| 241|0x00000000ef100000, 0x00000000ef100000, 0x00000000ef200000|  0%| F|  |TAMS 0x00000000ef100000, 0x00000000ef100000| Untracked 
| 242|0x00000000ef200000, 0x00000000ef200000, 0x00000000ef300000|  0%| F|  |TAMS 0x00000000ef200000, 0x00000000ef200000| Untracked 
| 243|0x00000000ef300000, 0x00000000ef300000, 0x00000000ef400000|  0%| F|  |TAMS 0x00000000ef300000, 0x00000000ef300000| Untracked 
| 244|0x00000000ef400000, 0x00000000ef484010, 0x00000000ef500000| 51%| E|  |TAMS 0x00000000ef400000, 0x00000000ef400000| Complete 
| 245|0x00000000ef500000, 0x00000000ef600000, 0x00000000ef600000|100%| E|CS|TAMS 0x00000000ef500000, 0x00000000ef500000| Complete 
| 246|0x00000000ef600000, 0x00000000ef700000, 0x00000000ef700000|100%| E|CS|TAMS 0x00000000ef600000, 0x00000000ef600000| Complete 
| 247|0x00000000ef700000, 0x00000000ef800000, 0x00000000ef800000|100%| E|CS|TAMS 0x00000000ef700000, 0x00000000ef700000| Complete 
| 248|0x00000000ef800000, 0x00000000ef900000, 0x00000000ef900000|100%| E|CS|TAMS 0x00000000ef800000, 0x00000000ef800000| Complete 
| 249|0x00000000ef900000, 0x00000000efa00000, 0x00000000efa00000|100%| E|CS|TAMS 0x00000000ef900000, 0x00000000ef900000| Complete 
| 250|0x00000000efa00000, 0x00000000efb00000, 0x00000000efb00000|100%| E|CS|TAMS 0x00000000efa00000, 0x00000000efa00000| Complete 
| 251|0x00000000efb00000, 0x00000000efc00000, 0x00000000efc00000|100%| E|CS|TAMS 0x00000000efb00000, 0x00000000efb00000| Complete 
| 252|0x00000000efc00000, 0x00000000efd00000, 0x00000000efd00000|100%| E|CS|TAMS 0x00000000efc00000, 0x00000000efc00000| Complete 
| 253|0x00000000efd00000, 0x00000000efe00000, 0x00000000efe00000|100%| E|CS|TAMS 0x00000000efd00000, 0x00000000efd00000| Complete 
| 254|0x00000000efe00000, 0x00000000eff00000, 0x00000000eff00000|100%| E|CS|TAMS 0x00000000efe00000, 0x00000000efe00000| Complete 
| 255|0x00000000eff00000, 0x00000000f0000000, 0x00000000f0000000|100%| E|CS|TAMS 0x00000000eff00000, 0x00000000eff00000| Complete 

Card table byte_map: [0x000001c89c630000,0x000001c89c730000] _byte_map_base: 0x000001c89bf30000

Marking Bits (Prev, Next): (CMBitMap*) 0x000001c88572b100, (CMBitMap*) 0x000001c88572b0c0
 Prev Bits: [0x000001c89d030000, 0x000001c89d830000)
 Next Bits: [0x000001c89c830000, 0x000001c89d030000)

Polling page: 0x000001c884ec0000

Metaspace:

Usage:
  Non-class:     47.63 MB used.
      Class:      7.62 MB used.
       Both:     55.25 MB used.

Virtual space:
  Non-class space:       64.00 MB reserved,      48.00 MB ( 75%) committed,  1 nodes.
      Class space:      208.00 MB reserved,       7.88 MB (  4%) committed,  1 nodes.
             Both:      272.00 MB reserved,      55.88 MB ( 21%) committed. 

Chunk freelists:
   Non-Class:  48.00 KB
       Class:  8.03 MB
        Both:  8.08 MB

MaxMetaspaceSize: 256.00 MB
CompressedClassSpaceSize: 208.00 MB
Initial GC threshold: 21.00 MB
Current GC threshold: 85.75 MB
CDS: on
MetaspaceReclaimPolicy: balanced
 - commit_granule_bytes: 65536.
 - commit_granule_words: 8192.
 - virtual_space_node_default_size: 8388608.
 - enlarge_chunks_in_place: 1.
 - new_chunks_are_fully_committed: 0.
 - uncommit_free_chunks: 1.
 - use_allocation_guard: 0.
 - handle_deallocations: 1.


Internal statistics:

num_allocs_failed_limit: 12.
num_arena_births: 682.
num_arena_deaths: 0.
num_vsnodes_births: 2.
num_vsnodes_deaths: 0.
num_space_committed: 894.
num_space_uncommitted: 0.
num_chunks_returned_to_freelist: 12.
num_chunks_taken_from_freelist: 2996.
num_chunk_merges: 12.
num_chunk_splits: 1946.
num_chunks_enlarged: 1252.
num_inconsistent_stats: 0.

CodeHeap 'non-profiled nmethods': size=120000Kb used=3887Kb max_used=3887Kb free=116112Kb
 bounds [0x000001c894cd0000, 0x000001c8950a0000, 0x000001c89c200000]
CodeHeap 'profiled nmethods': size=120000Kb used=14621Kb max_used=14621Kb free=105378Kb
 bounds [0x000001c88d200000, 0x000001c88e050000, 0x000001c894730000]
CodeHeap 'non-nmethods': size=5760Kb used=2348Kb max_used=2411Kb free=3411Kb
 bounds [0x000001c894730000, 0x000001c8949a0000, 0x000001c894cd0000]
 total_blobs=8586 nmethods=7716 adapters=780
 compilation: enabled
              stopped_count=0, restarted_count=0
 full_count=0

Compilation events (20 events):
Event: 15.750 Thread 0x000001c8a0268040 7651       2       java.util.AbstractCollection::toArray (70 bytes)
Event: 15.750 Thread 0x000001c8a0268040 nmethod 7651 0x000001c88df3ee90 code [0x000001c88df3f0a0, 0x000001c88df3f548]
Event: 15.750 Thread 0x000001c8a0268040 7652       2       org.gradle.internal.component.external.model.DefaultModuleComponentArtifactMetadata::<init> (14 bytes)
Event: 15.750 Thread 0x000001c8a0268040 nmethod 7652 0x000001c88df3f710 code [0x000001c88df3f8c0, 0x000001c88df3fbb8]
Event: 15.750 Thread 0x000001c8a0268040 7650       2       org.gradle.api.internal.artifacts.ivyservice.resolveengine.graph.builder.ResolveState::peek (29 bytes)
Event: 15.750 Thread 0x000001c8a0268040 nmethod 7650 0x000001c88df3fd10 code [0x000001c88df3fec0, 0x000001c88df40078]
Event: 15.750 Thread 0x000001c8a0268040 7653       2       org.gradle.internal.component.external.model.DefaultModuleComponentArtifactIdentifier::<init> (34 bytes)
Event: 15.751 Thread 0x000001c8a0268040 nmethod 7653 0x000001c88df40190 code [0x000001c88df40340, 0x000001c88df40578]
Event: 15.753 Thread 0x000001c8a0268040 7655   !   2       io.spring.gradle.dependencymanagement.org.apache.maven.model.Contributor::clone (126 bytes)
Event: 15.754 Thread 0x000001c8a0268040 nmethod 7655 0x000001c88df40690 code [0x000001c88df40900, 0x000001c88df41138]
Event: 15.754 Thread 0x000001c8a0268040 7656   !   2       io.spring.gradle.dependencymanagement.org.apache.maven.model.PluginContainer::clone (137 bytes)
Event: 15.756 Thread 0x000001c8a0268040 nmethod 7656 0x000001c88df41710 code [0x000001c88df419a0, 0x000001c88df42248]
Event: 15.756 Thread 0x000001c8a0268040 7657       1       io.spring.gradle.dependencymanagement.org.apache.maven.model.RepositoryBase::getId (5 bytes)
Event: 15.756 Thread 0x000001c8a0268040 nmethod 7657 0x000001c895069110 code [0x000001c8950692a0, 0x000001c895069378]
Event: 15.757 Thread 0x000001c8a0268040 7658       2       org.gradle.internal.hash.Hashing$DefaultHasher::putInt (21 bytes)
Event: 15.757 Thread 0x000001c8a0268040 nmethod 7658 0x000001c88df42890 code [0x000001c88df42ac0, 0x000001c88df42f98]
Event: 15.758 Thread 0x000001c8a0268040 7659       1       org.gradle.api.internal.artifacts.ivyservice.resolutionstrategy.DefaultResolutionStrategy::getConflictResolution (5 bytes)
Event: 15.758 Thread 0x000001c8a0268040 nmethod 7659 0x000001c895069410 code [0x000001c8950695a0, 0x000001c895069678]
Event: 15.761 Thread 0x000001c8a0268040 7660       2       org.gradle.api.internal.artifacts.ivyservice.resolveengine.graph.builder.NodeState::getResolvedVariant (113 bytes)
Event: 15.762 Thread 0x000001c8a0268040 nmethod 7660 0x000001c88df43310 code [0x000001c88df43540, 0x000001c88df43be8]

GC Heap History (18 events):
Event: 1.336 GC heap before
{Heap before GC invocations=0 (full 0):
 garbage-first heap   total 262144K, used 28672K [0x00000000e0000000, 0x0000000100000000)
  region size 1024K, 23 young (23552K), 0 survivors (0K)
 Metaspace       used 3010K, committed 3200K, reserved 278528K
  class space    used 381K, committed 448K, reserved 212992K
}
Event: 1.341 GC heap after
{Heap after GC invocations=1 (full 0):
 garbage-first heap   total 262144K, used 9227K [0x00000000e0000000, 0x0000000100000000)
  region size 1024K, 3 young (3072K), 3 survivors (3072K)
 Metaspace       used 3010K, committed 3200K, reserved 278528K
  class space    used 381K, committed 448K, reserved 212992K
}
Event: 2.208 GC heap before
{Heap before GC invocations=1 (full 0):
 garbage-first heap   total 262144K, used 37899K [0x00000000e0000000, 0x0000000100000000)
  region size 1024K, 31 young (31744K), 3 survivors (3072K)
 Metaspace       used 3951K, committed 4160K, reserved 278528K
  class space    used 476K, committed 576K, reserved 212992K
}
Event: 2.215 GC heap after
{Heap after GC invocations=2 (full 0):
 garbage-first heap   total 262144K, used 13055K [0x00000000e0000000, 0x0000000100000000)
  region size 1024K, 4 young (4096K), 4 survivors (4096K)
 Metaspace       used 3951K, committed 4160K, reserved 278528K
  class space    used 476K, committed 576K, reserved 212992K
}
Event: 6.320 GC heap before
{Heap before GC invocations=2 (full 0):
 garbage-first heap   total 262144K, used 136959K [0x00000000e0000000, 0x0000000100000000)
  region size 1024K, 108 young (110592K), 4 survivors (4096K)
 Metaspace       used 21145K, committed 21504K, reserved 278528K
  class space    used 3148K, committed 3328K, reserved 212992K
}
Event: 6.332 GC heap after
{Heap after GC invocations=3 (full 0):
 garbage-first heap   total 262144K, used 41416K [0x00000000e0000000, 0x0000000100000000)
  region size 1024K, 14 young (14336K), 14 survivors (14336K)
 Metaspace       used 21145K, committed 21504K, reserved 278528K
  class space    used 3148K, committed 3328K, reserved 212992K
}
Event: 8.954 GC heap before
{Heap before GC invocations=4 (full 0):
 garbage-first heap   total 262144K, used 153032K [0x00000000e0000000, 0x0000000100000000)
  region size 1024K, 122 young (124928K), 14 survivors (14336K)
 Metaspace       used 35625K, committed 35968K, reserved 278528K
  class space    used 4996K, committed 5184K, reserved 212992K
}
Event: 8.975 GC heap after
{Heap after GC invocations=5 (full 0):
 garbage-first heap   total 262144K, used 50270K [0x00000000e0000000, 0x0000000100000000)
  region size 1024K, 9 young (9216K), 9 survivors (9216K)
 Metaspace       used 35625K, committed 35968K, reserved 278528K
  class space    used 4996K, committed 5184K, reserved 212992K
}
Event: 9.000 GC heap before
{Heap before GC invocations=5 (full 0):
 garbage-first heap   total 262144K, used 50270K [0x00000000e0000000, 0x0000000100000000)
  region size 1024K, 10 young (10240K), 9 survivors (9216K)
 Metaspace       used 35896K, committed 36288K, reserved 278528K
  class space    used 5020K, committed 5184K, reserved 212992K
}
Event: 9.009 GC heap after
{Heap after GC invocations=6 (full 0):
 garbage-first heap   total 262144K, used 51078K [0x00000000e0000000, 0x0000000100000000)
  region size 1024K, 2 young (2048K), 2 survivors (2048K)
 Metaspace       used 35896K, committed 36288K, reserved 278528K
  class space    used 5020K, committed 5184K, reserved 212992K
}
Event: 9.056 GC heap before
{Heap before GC invocations=6 (full 0):
 garbage-first heap   total 262144K, used 53126K [0x00000000e0000000, 0x0000000100000000)
  region size 1024K, 5 young (5120K), 2 survivors (2048K)
 Metaspace       used 36279K, committed 36608K, reserved 278528K
  class space    used 5052K, committed 5184K, reserved 212992K
}
Event: 9.058 GC heap after
{Heap after GC invocations=7 (full 0):
 garbage-first heap   total 262144K, used 50425K [0x00000000e0000000, 0x0000000100000000)
  region size 1024K, 1 young (1024K), 1 survivors (1024K)
 Metaspace       used 36279K, committed 36608K, reserved 278528K
  class space    used 5052K, committed 5184K, reserved 212992K
}
Event: 10.905 GC heap before
{Heap before GC invocations=8 (full 0):
 garbage-first heap   total 262144K, used 221433K [0x00000000e0000000, 0x0000000100000000)
  region size 1024K, 140 young (143360K), 1 survivors (1024K)
 Metaspace       used 39970K, committed 40448K, reserved 278528K
  class space    used 5562K, committed 5760K, reserved 212992K
}
Event: 10.913 GC heap after
{Heap after GC invocations=9 (full 0):
 garbage-first heap   total 262144K, used 85812K [0x00000000e0000000, 0x0000000100000000)
  region size 1024K, 7 young (7168K), 7 survivors (7168K)
 Metaspace       used 39970K, committed 40448K, reserved 278528K
  class space    used 5562K, committed 5760K, reserved 212992K
}
Event: 13.467 GC heap before
{Heap before GC invocations=9 (full 0):
 garbage-first heap   total 262144K, used 203572K [0x00000000e0000000, 0x0000000100000000)
  region size 1024K, 122 young (124928K), 7 survivors (7168K)
 Metaspace       used 49850K, committed 50432K, reserved 278528K
  class space    used 6957K, committed 7232K, reserved 212992K
}
Event: 13.479 GC heap after
{Heap after GC invocations=10 (full 0):
 garbage-first heap   total 262144K, used 92275K [0x00000000e0000000, 0x0000000100000000)
  region size 1024K, 13 young (13312K), 13 survivors (13312K)
 Metaspace       used 49850K, committed 50432K, reserved 278528K
  class space    used 6957K, committed 7232K, reserved 212992K
}
Event: 14.343 GC heap before
{Heap before GC invocations=10 (full 0):
 garbage-first heap   total 262144K, used 157811K [0x00000000e0000000, 0x0000000100000000)
  region size 1024K, 47 young (48128K), 13 survivors (13312K)
 Metaspace       used 52066K, committed 52672K, reserved 278528K
  class space    used 7279K, committed 7552K, reserved 212992K
}
Event: 14.355 GC heap after
{Heap after GC invocations=11 (full 0):
 garbage-first heap   total 262144K, used 132471K [0x00000000e0000000, 0x0000000100000000)
  region size 1024K, 14 young (14336K), 14 survivors (14336K)
 Metaspace       used 52066K, committed 52672K, reserved 278528K
  class space    used 7279K, committed 7552K, reserved 212992K
}

Dll operation events (12 events):
Event: 0.016 Loaded shared library C:\Users\Leanne Sriram\.jdks\corretto-17.0.7\bin\java.dll
Event: 0.065 Loaded shared library C:\Users\Leanne Sriram\.jdks\corretto-17.0.7\bin\jsvml.dll
Event: 0.187 Loaded shared library C:\Users\Leanne Sriram\.jdks\corretto-17.0.7\bin\net.dll
Event: 0.192 Loaded shared library C:\Users\Leanne Sriram\.jdks\corretto-17.0.7\bin\nio.dll
Event: 0.203 Loaded shared library C:\Users\Leanne Sriram\.jdks\corretto-17.0.7\bin\zip.dll
Event: 0.607 Loaded shared library C:\Users\Leanne Sriram\.jdks\corretto-17.0.7\bin\jimage.dll
Event: 0.778 Loaded shared library C:\Users\Leanne Sriram\.jdks\corretto-17.0.7\bin\verify.dll
Event: 1.084 Loaded shared library C:\Users\Leanne Sriram\.gradle\native\e1d6ef7f7dcc3fd88c89a11ec53ec762bb8ba0a96d01ffa2cd45eb1d1d8dd5c5\windows-amd64\native-platform.dll
Event: 1.099 Loaded shared library C:\Users\Leanne Sriram\.gradle\native\0d407fdbe67a94daf76414ababcb853783967236a71b16ec16e742cd7a986fd3\windows-amd64\native-platform-file-events.dll
Event: 2.546 Loaded shared library C:\Users\Leanne Sriram\.jdks\corretto-17.0.7\bin\management.dll
Event: 2.553 Loaded shared library C:\Users\Leanne Sriram\.jdks\corretto-17.0.7\bin\management_ext.dll
Event: 3.819 Loaded shared library C:\Users\Leanne Sriram\.jdks\corretto-17.0.7\bin\sunmscapi.dll

Deoptimization events (20 events):
Event: 15.394 Thread 0x000001c8a0e19de0 DEOPT PACKING pc=0x000001c894d2786c sp=0x0000005ecd3f9160
Event: 15.394 Thread 0x000001c8a0e19de0 DEOPT UNPACKING pc=0x000001c8947869a3 sp=0x0000005ecd3f9028 mode 2
Event: 15.407 Thread 0x000001c8a0e18f70 DEOPT PACKING pc=0x000001c88d202ecc sp=0x0000005eccffec60
Event: 15.407 Thread 0x000001c8a0e18f70 DEOPT UNPACKING pc=0x000001c894787143 sp=0x0000005eccffe100 mode 0
Event: 15.701 Thread 0x000001c8a0e19de0 Uncommon trap: trap_request=0xffffff45 fr.pc=0x000001c894cef6d4 relative=0x0000000000000154
Event: 15.701 Thread 0x000001c8a0e19de0 Uncommon trap: reason=unstable_if action=reinterpret pc=0x000001c894cef6d4 method=java.lang.String.indexOf(II)I @ 4 c2
Event: 15.702 Thread 0x000001c8a0e19de0 DEOPT PACKING pc=0x000001c894cef6d4 sp=0x0000005ecd3f9260
Event: 15.702 Thread 0x000001c8a0e19de0 DEOPT UNPACKING pc=0x000001c8947869a3 sp=0x0000005ecd3f9190 mode 2
Event: 15.702 Thread 0x000001c8a0e19de0 Uncommon trap: trap_request=0xffffff45 fr.pc=0x000001c894d08830 relative=0x0000000000000490
Event: 15.702 Thread 0x000001c8a0e19de0 Uncommon trap: reason=unstable_if action=reinterpret pc=0x000001c894d08830 method=java.lang.String.substring(II)Ljava/lang/String; @ 31 c2
Event: 15.702 Thread 0x000001c8a0e19de0 DEOPT PACKING pc=0x000001c894d08830 sp=0x0000005ecd3f9200
Event: 15.702 Thread 0x000001c8a0e19de0 DEOPT UNPACKING pc=0x000001c8947869a3 sp=0x0000005ecd3f91d0 mode 2
Event: 15.702 Thread 0x000001c8a0e19de0 Uncommon trap: trap_request=0xffffff45 fr.pc=0x000001c894cea79c relative=0x00000000000003fc
Event: 15.702 Thread 0x000001c8a0e19de0 Uncommon trap: reason=unstable_if action=reinterpret pc=0x000001c894cea79c method=java.lang.StringUTF16.compress([CII)[B @ 13 c2
Event: 15.702 Thread 0x000001c8a0e19de0 DEOPT PACKING pc=0x000001c894cea79c sp=0x0000005ecd3f9170
Event: 15.702 Thread 0x000001c8a0e19de0 DEOPT UNPACKING pc=0x000001c8947869a3 sp=0x0000005ecd3f90b0 mode 2
Event: 15.721 Thread 0x000001c8a0e19de0 Uncommon trap: trap_request=0xffffff45 fr.pc=0x000001c895056914 relative=0x0000000000000f54
Event: 15.721 Thread 0x000001c8a0e19de0 Uncommon trap: reason=unstable_if action=reinterpret pc=0x000001c895056914 method=io.spring.gradle.dependencymanagement.org.codehaus.plexus.util.xml.pull.MXParser.nextImpl()I @ 965 c2
Event: 15.721 Thread 0x000001c8a0e19de0 DEOPT PACKING pc=0x000001c895056914 sp=0x0000005ecd3f9290
Event: 15.721 Thread 0x000001c8a0e19de0 DEOPT UNPACKING pc=0x000001c8947869a3 sp=0x0000005ecd3f9228 mode 2

Classes unloaded (0 events):
No events

Classes redefined (0 events):
No events

Internal exceptions (20 events):
Event: 14.492 Thread 0x000001c8a0e18aa0 Exception <a 'java/lang/NoSuchMethodError'{0x00000000efd8b9d8}: static [B.<clinit>()V> (0x00000000efd8b9d8) 
thrown [s\src\hotspot\share\prims\jni.cpp, line 1107]
Event: 14.587 Thread 0x000001c8a0e19de0 Exception <a 'java/lang/ClassNotFoundException'{0x00000000ef9659f8}: com/google/common/collect/SingletonImmutableListBeanInfo> (0x00000000ef9659f8) 
thrown [s\src\hotspot\share\classfile\systemDictionary.cpp, line 256]
Event: 14.587 Thread 0x000001c8a0e19de0 Exception <a 'java/lang/ClassNotFoundException'{0x00000000ef96ffb0}: com/google/common/collect/ImmutableListBeanInfo> (0x00000000ef96ffb0) 
thrown [s\src\hotspot\share\classfile\systemDictionary.cpp, line 256]
Event: 14.588 Thread 0x000001c8a0e19de0 Exception <a 'java/lang/ClassNotFoundException'{0x00000000ef97a5d0}: com/google/common/collect/ImmutableCollectionBeanInfo> (0x00000000ef97a5d0) 
thrown [s\src\hotspot\share\classfile\systemDictionary.cpp, line 256]
Event: 14.589 Thread 0x000001c8a0e19de0 Exception <a 'java/lang/ClassNotFoundException'{0x00000000ef984e50}: com/google/common/collect/ImmutableCollectionCustomizer> (0x00000000ef984e50) 
thrown [s\src\hotspot\share\classfile\systemDictionary.cpp, line 256]
Event: 14.590 Thread 0x000001c8a0e19de0 Exception <a 'java/lang/ClassNotFoundException'{0x00000000ef99e308}: com/google/common/collect/ImmutableListCustomizer> (0x00000000ef99e308) 
thrown [s\src\hotspot\share\classfile\systemDictionary.cpp, line 256]
Event: 14.592 Thread 0x000001c8a0e19de0 Exception <a 'java/lang/ClassNotFoundException'{0x00000000ef9dddf0}: com/google/common/collect/SingletonImmutableListCustomizer> (0x00000000ef9dddf0) 
thrown [s\src\hotspot\share\classfile\systemDictionary.cpp, line 256]
Event: 14.598 Thread 0x000001c8a0e19de0 Exception <a 'java/lang/ClassNotFoundException'{0x00000000ef826b90}: org/gradle/api/DefaultTask_DecoratedBeanInfo> (0x00000000ef826b90) 
thrown [s\src\hotspot\share\classfile\systemDictionary.cpp, line 256]
Event: 14.599 Thread 0x000001c8a0e19de0 Exception <a 'java/lang/ClassNotFoundException'{0x00000000ef830df8}: org/gradle/api/DefaultTask_DecoratedCustomizer> (0x00000000ef830df8) 
thrown [s\src\hotspot\share\classfile\systemDictionary.cpp, line 256]
Event: 14.711 Thread 0x000001c8a0e18aa0 Exception <a 'java/lang/NoSuchMethodError'{0x00000000ef452bb0}: static Lorg/gradle/internal/build/event/types/DefaultTaskStartedProgressEvent;.<clinit>()V> (0x00000000ef452bb0) 
thrown [s\src\hotspot\share\prims\jni.cpp, line 1107]
Event: 14.711 Thread 0x000001c8a0e18aa0 Exception <a 'java/lang/NoSuchMethodError'{0x00000000ef454100}: static Lorg/gradle/internal/build/event/types/AbstractProgressEvent;.<clinit>()V> (0x00000000ef454100) 
thrown [s\src\hotspot\share\prims\jni.cpp, line 1107]
Event: 14.712 Thread 0x000001c8a0e18aa0 Exception <a 'java/lang/NoSuchMethodError'{0x00000000ef4773f0}: static Lorg/gradle/internal/build/event/types/DefaultTaskDescriptor;.<clinit>()V> (0x00000000ef4773f0) 
thrown [s\src\hotspot\share\prims\jni.cpp, line 1107]
Event: 14.715 Thread 0x000001c8a0e18aa0 Exception <a 'java/lang/NoSuchMethodError'{0x00000000ef481c08}: static Lorg/gradle/internal/operations/OperationIdentifier;.<clinit>()V> (0x00000000ef481c08) 
thrown [s\src\hotspot\share\prims\jni.cpp, line 1107]
Event: 14.720 Thread 0x000001c8a0e18aa0 Exception <a 'java/lang/NoSuchMethodError'{0x00000000ef4a3378}: static Lorg/gradle/internal/build/event/types/DefaultTaskFinishedProgressEvent;.<clinit>()V> (0x00000000ef4a3378) 
thrown [s\src\hotspot\share\prims\jni.cpp, line 1107]
Event: 14.726 Thread 0x000001c8a0e18aa0 Exception <a 'java/lang/NoSuchMethodError'{0x00000000ef4d4870}: static Lorg/gradle/internal/build/event/types/DefaultTaskSuccessResult;.<clinit>()V> (0x00000000ef4d4870) 
thrown [s\src\hotspot\share\prims\jni.cpp, line 1107]
Event: 14.726 Thread 0x000001c8a0e18aa0 Exception <a 'java/lang/NoSuchMethodError'{0x00000000ef4d5ae0}: static Lorg/gradle/internal/build/event/types/AbstractTaskResult;.<clinit>()V> (0x00000000ef4d5ae0) 
thrown [s\src\hotspot\share\prims\jni.cpp, line 1107]
Event: 14.726 Thread 0x000001c8a0e18aa0 Exception <a 'java/lang/NoSuchMethodError'{0x00000000ef4d7188}: static Lorg/gradle/internal/build/event/types/AbstractResult;.<clinit>()V> (0x00000000ef4d7188) 
thrown [s\src\hotspot\share\prims\jni.cpp, line 1107]
Event: 14.749 Thread 0x000001c8a764ffb0 Exception <a 'java/lang/NoSuchMethodError'{0x00000000ef4ea200}: static Lorg/jetbrains/kotlin/idea/gradleTooling/model/samWithReceiver/SamWithReceiverModelImpl;.<clinit>()V> (0x00000000ef4ea200) 
thrown [s\src\hotspot\share\prims\jni.cpp, line 1107]
Event: 14.822 Thread 0x000001c8a764ffb0 Exception <a 'java/lang/NoSuchMethodError'{0x00000000ef102ca0}: static Lorg/jetbrains/kotlin/android/synthetic/idea/AndroidExtensionsGradleModelImpl;.<clinit>()V> (0x00000000ef102ca0) 
thrown [s\src\hotspot\share\prims\jni.cpp, line 1107]
Event: 14.828 Thread 0x000001c8a764ffb0 Exception <a 'java/lang/NoSuchMethodError'{0x00000000ef10b5f0}: static Lorg/jetbrains/kotlin/idea/gradleTooling/model/noarg/NoArgModelImpl;.<clinit>()V> (0x00000000ef10b5f0) 
thrown [s\src\hotspot\share\prims\jni.cpp, line 1107]

VM Operations (20 events):
Event: 14.420 Executing VM operation: G1Concurrent
Event: 14.420 Executing VM operation: G1Concurrent done
Event: 14.552 Executing VM operation: HandshakeAllThreads
Event: 14.552 Executing VM operation: HandshakeAllThreads done
Event: 14.697 Executing VM operation: HandshakeAllThreads
Event: 14.697 Executing VM operation: HandshakeAllThreads done
Event: 14.698 Executing VM operation: HandshakeAllThreads
Event: 14.698 Executing VM operation: HandshakeAllThreads done
Event: 14.709 Executing VM operation: HandshakeAllThreads
Event: 14.709 Executing VM operation: HandshakeAllThreads done
Event: 14.716 Executing VM operation: HandshakeAllThreads
Event: 14.717 Executing VM operation: HandshakeAllThreads done
Event: 14.952 Executing VM operation: HandshakeAllThreads
Event: 14.952 Executing VM operation: HandshakeAllThreads done
Event: 15.235 Executing VM operation: ICBufferFull
Event: 15.235 Executing VM operation: ICBufferFull done
Event: 15.429 Executing VM operation: HandshakeAllThreads
Event: 15.429 Executing VM operation: HandshakeAllThreads done
Event: 15.625 Executing VM operation: ICBufferFull
Event: 15.625 Executing VM operation: ICBufferFull done

Events (20 events):
Event: 15.539 Thread 0x000001c8a764bc50 Thread added: 0x000001c8a764bc50
Event: 15.556 Thread 0x000001c8a76512f0 Thread added: 0x000001c8a76512f0
Event: 15.573 Thread 0x000001c8a7650e20 Thread added: 0x000001c8a7650e20
Event: 15.583 Thread 0x000001c8a76517c0 Thread added: 0x000001c8a76517c0
Event: 15.596 Thread 0x000001c8a7652630 Thread added: 0x000001c8a7652630
Event: 15.608 Thread 0x000001c8a764ade0 Thread added: 0x000001c8a764ade0
Event: 15.619 Thread 0x000001c8a764f140 Thread added: 0x000001c8a764f140
Event: 15.629 Thread 0x000001c8a764c120 Thread added: 0x000001c8a764c120
Event: 15.646 Thread 0x000001c8a764f610 Thread added: 0x000001c8a764f610
Event: 15.658 Thread 0x000001c8a65f5e90 Thread added: 0x000001c8a65f5e90
Event: 15.669 Thread 0x000001c8a65f6830 Thread added: 0x000001c8a65f6830
Event: 15.680 Thread 0x000001c8a65f6d00 Thread added: 0x000001c8a65f6d00
Event: 15.688 Thread 0x000001c8a8e115b0 Thread added: 0x000001c8a8e115b0
Event: 15.700 Thread 0x000001c8a8e15de0 Thread added: 0x000001c8a8e15de0
Event: 15.711 Thread 0x000001c8a8e10270 Thread added: 0x000001c8a8e10270
Event: 15.720 Thread 0x000001c8a8e15440 Thread added: 0x000001c8a8e15440
Event: 15.732 Thread 0x000001c8a8e10740 Thread added: 0x000001c8a8e10740
Event: 15.741 Thread 0x000001c8a8e13290 Thread added: 0x000001c8a8e13290
Event: 15.751 Thread 0x000001c8a8e14aa0 Thread added: 0x000001c8a8e14aa0
Event: 15.762 Thread 0x000001c8a8e11a80 Thread added: 0x000001c8a8e11a80


Dynamic libraries:
0x00007ff71e1d0000 - 0x00007ff71e1dd000 	C:\Users\Leanne Sriram\.jdks\corretto-17.0.7\bin\java.exe
0x00007ff81af60000 - 0x00007ff81b169000 	C:\WINDOWS\SYSTEM32\ntdll.dll
0x00007ff819f00000 - 0x00007ff819fbe000 	C:\WINDOWS\System32\KERNEL32.DLL
0x00007ff8185a0000 - 0x00007ff818923000 	C:\WINDOWS\System32\KERNELBASE.dll
0x00007ff818480000 - 0x00007ff818591000 	C:\WINDOWS\System32\ucrtbase.dll
0x00007ffffe8b0000 - 0x00007ffffe8c7000 	C:\Users\Leanne Sriram\.jdks\corretto-17.0.7\bin\jli.dll
0x00007ff81a500000 - 0x00007ff81a6ad000 	C:\WINDOWS\System32\USER32.dll
0x00007ff818aa0000 - 0x00007ff818ac6000 	C:\WINDOWS\System32\win32u.dll
0x00007ff81aef0000 - 0x00007ff81af19000 	C:\WINDOWS\System32\GDI32.dll
0x00007ff818ad0000 - 0x00007ff818bea000 	C:\WINDOWS\System32\gdi32full.dll
0x00007ff818d30000 - 0x00007ff818dcd000 	C:\WINDOWS\System32\msvcp_win.dll
0x00007ffffcf60000 - 0x00007ffffcf75000 	C:\Users\Leanne Sriram\.jdks\corretto-17.0.7\bin\VCRUNTIME140.dll
0x00007ff808cf0000 - 0x00007ff808f95000 	C:\WINDOWS\WinSxS\amd64_microsoft.windows.common-controls_6595b64144ccf1df_6.0.22000.120_none_9d947278b86cc467\COMCTL32.dll
0x00007ff819220000 - 0x00007ff8192c3000 	C:\WINDOWS\System32\msvcrt.dll
0x00007ff819ec0000 - 0x00007ff819ef1000 	C:\WINDOWS\System32\IMM32.DLL
0x00007ff819c00000 - 0x00007ff819d21000 	C:\WINDOWS\System32\RPCRT4.dll
0x00007ff8176e0000 - 0x00007ff817722000 	C:\WINDOWS\SYSTEM32\SspiCli.dll
0x00007ffff5f60000 - 0x00007ffff5ffb000 	C:\Users\Leanne Sriram\.jdks\corretto-17.0.7\bin\msvcp140.dll
0x00007fffc8110000 - 0x00007fffc8d2a000 	C:\Users\Leanne Sriram\.jdks\corretto-17.0.7\bin\server\jvm.dll
0x00007ff81a450000 - 0x00007ff81a4fe000 	C:\WINDOWS\System32\ADVAPI32.dll
0x00007ff819d30000 - 0x00007ff819dce000 	C:\WINDOWS\System32\sechost.dll
0x00007ff814a70000 - 0x00007ff814a79000 	C:\WINDOWS\SYSTEM32\WSOCK32.dll
0x00007ff81a3e0000 - 0x00007ff81a44f000 	C:\WINDOWS\System32\WS2_32.dll
0x00007ff812ab0000 - 0x00007ff812ae3000 	C:\WINDOWS\SYSTEM32\WINMM.dll
0x00007ff8102a0000 - 0x00007ff8102aa000 	C:\WINDOWS\SYSTEM32\VERSION.dll
0x00007ff817450000 - 0x00007ff817468000 	C:\WINDOWS\SYSTEM32\kernel.appcore.dll
0x00007ff807f30000 - 0x00007ff807f3a000 	C:\Users\Leanne Sriram\.jdks\corretto-17.0.7\bin\jimage.dll
0x00007ff800670000 - 0x00007ff800891000 	C:\WINDOWS\SYSTEM32\DBGHELP.DLL
0x00007ff8016a0000 - 0x00007ff8016d1000 	C:\WINDOWS\SYSTEM32\dbgcore.DLL
0x00007ff818bf0000 - 0x00007ff818c6f000 	C:\WINDOWS\System32\bcryptPrimitives.dll
0x00007ffffcd00000 - 0x00007ffffcd25000 	C:\Users\Leanne Sriram\.jdks\corretto-17.0.7\bin\java.dll
0x00007ffff1fe0000 - 0x00007ffff20b6000 	C:\Users\Leanne Sriram\.jdks\corretto-17.0.7\bin\jsvml.dll
0x00007ff81a720000 - 0x00007ff81aee5000 	C:\WINDOWS\System32\SHELL32.dll
0x00007ff8164b0000 - 0x00007ff816d14000 	C:\WINDOWS\SYSTEM32\windows.storage.dll
0x00007ff8197d0000 - 0x00007ff819b46000 	C:\WINDOWS\System32\combase.dll
0x00007ff816340000 - 0x00007ff8164a7000 	C:\WINDOWS\SYSTEM32\wintypes.dll
0x00007ff818f30000 - 0x00007ff81901a000 	C:\WINDOWS\System32\SHCORE.dll
0x00007ff81a380000 - 0x00007ff81a3dd000 	C:\WINDOWS\System32\shlwapi.dll
0x00007ff818340000 - 0x00007ff818361000 	C:\WINDOWS\SYSTEM32\profapi.dll
0x00007ffffcdc0000 - 0x00007ffffcdd9000 	C:\Users\Leanne Sriram\.jdks\corretto-17.0.7\bin\net.dll
0x00007ff8131f0000 - 0x00007ff813302000 	C:\WINDOWS\SYSTEM32\WINHTTP.dll
0x00007ff8178e0000 - 0x00007ff817947000 	C:\WINDOWS\system32\mswsock.dll
0x00007ffffcb20000 - 0x00007ffffcb35000 	C:\Users\Leanne Sriram\.jdks\corretto-17.0.7\bin\nio.dll
0x00007ffffc950000 - 0x00007ffffc968000 	C:\Users\Leanne Sriram\.jdks\corretto-17.0.7\bin\zip.dll
0x00007ff802010000 - 0x00007ff802020000 	C:\Users\Leanne Sriram\.jdks\corretto-17.0.7\bin\verify.dll
0x00007ffff9700000 - 0x00007ffff9727000 	C:\Users\Leanne Sriram\.gradle\native\e1d6ef7f7dcc3fd88c89a11ec53ec762bb8ba0a96d01ffa2cd45eb1d1d8dd5c5\windows-amd64\native-platform.dll
0x00007fffcc980000 - 0x00007fffccac4000 	C:\Users\Leanne Sriram\.gradle\native\0d407fdbe67a94daf76414ababcb853783967236a71b16ec16e742cd7a986fd3\windows-amd64\native-platform-file-events.dll
0x00007ff8003b0000 - 0x00007ff8003b9000 	C:\Users\Leanne Sriram\.jdks\corretto-17.0.7\bin\management.dll
0x00007ff800040000 - 0x00007ff80004b000 	C:\Users\Leanne Sriram\.jdks\corretto-17.0.7\bin\management_ext.dll
0x00007ff81a250000 - 0x00007ff81a258000 	C:\WINDOWS\System32\PSAPI.DLL
0x00007ff817c20000 - 0x00007ff817c38000 	C:\WINDOWS\SYSTEM32\CRYPTSP.dll
0x00007ff8173b0000 - 0x00007ff8173e5000 	C:\WINDOWS\system32\rsaenh.dll
0x00007ff817980000 - 0x00007ff8179a9000 	C:\WINDOWS\SYSTEM32\USERENV.dll
0x00007ff817df0000 - 0x00007ff817e17000 	C:\WINDOWS\SYSTEM32\bcrypt.dll
0x00007ff817ad0000 - 0x00007ff817adc000 	C:\WINDOWS\SYSTEM32\CRYPTBASE.dll
0x00007ff816f70000 - 0x00007ff816f9d000 	C:\WINDOWS\SYSTEM32\IPHLPAPI.DLL
0x00007ff819fc0000 - 0x00007ff819fc9000 	C:\WINDOWS\System32\NSI.dll
0x00007ff813110000 - 0x00007ff813129000 	C:\WINDOWS\SYSTEM32\dhcpcsvc6.DLL
0x00007ff813860000 - 0x00007ff81387e000 	C:\WINDOWS\SYSTEM32\dhcpcsvc.DLL
0x00007ff816fa0000 - 0x00007ff817088000 	C:\WINDOWS\SYSTEM32\DNSAPI.dll
0x00007ff800010000 - 0x00007ff80001e000 	C:\Users\Leanne Sriram\.jdks\corretto-17.0.7\bin\sunmscapi.dll
0x00007ff818930000 - 0x00007ff818a92000 	C:\WINDOWS\System32\CRYPT32.dll
0x00007ff817d70000 - 0x00007ff817d9a000 	C:\WINDOWS\SYSTEM32\ncrypt.dll
0x00007ff817d30000 - 0x00007ff817d67000 	C:\WINDOWS\SYSTEM32\NTASN1.dll
0x00007ffffe8a0000 - 0x00007ffffe8a8000 	C:\WINDOWS\system32\wshunix.dll

dbghelp: loaded successfully - version: 4.0.5 - missing functions: none
symbol engine: initialized successfully - sym options: 0x614 - pdb path: .;C:\Users\Leanne Sriram\.jdks\corretto-17.0.7\bin;C:\WINDOWS\SYSTEM32;C:\WINDOWS\WinSxS\amd64_microsoft.windows.common-controls_6595b64144ccf1df_6.0.22000.120_none_9d947278b86cc467;C:\Users\Leanne Sriram\.jdks\corretto-17.0.7\bin\server;C:\Users\Leanne Sriram\.gradle\native\e1d6ef7f7dcc3fd88c89a11ec53ec762bb8ba0a96d01ffa2cd45eb1d1d8dd5c5\windows-amd64;C:\Users\Leanne Sriram\.gradle\native\0d407fdbe67a94daf76414ababcb853783967236a71b16ec16e742cd7a986fd3\windows-amd64

VM Arguments:
jvm_args: --add-opens=java.base/java.util=ALL-UNNAMED --add-opens=java.base/java.lang=ALL-UNNAMED --add-opens=java.base/java.lang.invoke=ALL-UNNAMED --add-opens=java.base/java.util=ALL-UNNAMED --add-opens=java.prefs/java.util.prefs=ALL-UNNAMED --add-opens=java.prefs/java.util.prefs=ALL-UNNAMED --add-opens=java.base/java.nio.charset=ALL-UNNAMED --add-opens=java.base/java.net=ALL-UNNAMED --add-opens=java.base/java.util.concurrent.atomic=ALL-UNNAMED -XX:MaxMetaspaceSize=256m -XX:+HeapDumpOnOutOfMemoryError -Xms256m -Xmx512m -Dfile.encoding=windows-1252 -Duser.country=IN -Duser.language=en -Duser.variant 
java_command: org.gradle.launcher.daemon.bootstrap.GradleDaemon 7.4
java_class_path (initial): C:\Users\Leanne Sriram\.gradle\wrapper\dists\gradle-7.4-bin\c0gwcg53nkjbqw7r0h0umtfvt\gradle-7.4\lib\gradle-launcher-7.4.jar
Launcher Type: SUN_STANDARD

[Global flags]
     intx CICompilerCount                          = 4                                         {product} {ergonomic}
   size_t CompressedClassSpaceSize                 = 218103808                                 {product} {ergonomic}
     uint ConcGCThreads                            = 2                                         {product} {ergonomic}
     uint G1ConcRefinementThreads                  = 8                                         {product} {ergonomic}
   size_t G1HeapRegionSize                         = 1048576                                   {product} {ergonomic}
    uintx GCDrainStackTargetSize                   = 64                                        {product} {ergonomic}
     bool HeapDumpOnOutOfMemoryError               = true                                   {manageable} {command line}
   size_t InitialHeapSize                          = 268435456                                 {product} {command line}
   size_t MarkStackSize                            = 4194304                                   {product} {ergonomic}
   size_t MaxHeapSize                              = 536870912                                 {product} {command line}
   size_t MaxMetaspaceSize                         = 268435456                                 {product} {command line}
   size_t MaxNewSize                               = 321912832                                 {product} {ergonomic}
   size_t MinHeapDeltaBytes                        = 1048576                                   {product} {ergonomic}
   size_t MinHeapSize                              = 268435456                                 {product} {command line}
    uintx NonNMethodCodeHeapSize                   = 5839372                                {pd product} {ergonomic}
    uintx NonProfiledCodeHeapSize                  = 122909434                              {pd product} {ergonomic}
    uintx ProfiledCodeHeapSize                     = 122909434                              {pd product} {ergonomic}
    uintx ReservedCodeCacheSize                    = 251658240                              {pd product} {ergonomic}
     bool SegmentedCodeCache                       = true                                      {product} {ergonomic}
   size_t SoftMaxHeapSize                          = 536870912                              {manageable} {ergonomic}
     bool UseCompressedClassPointers               = true                           {product lp64_product} {ergonomic}
     bool UseCompressedOops                        = true                           {product lp64_product} {ergonomic}
     bool UseG1GC                                  = true                                      {product} {ergonomic}
     bool UseLargePagesIndividualAllocation        = false                                  {pd product} {ergonomic}

Logging:
Log output configuration:
 #0: stdout all=warning uptime,level,tags
 #1: stderr all=off uptime,level,tags

Environment Variables:
JAVA_HOME=D:\Program Files\Java\jdk-18.0.1.1\bin
PATH=C:\Python310\Scripts\;C:\Python310\;C:\Program Files\Common Files\Oracle\Java\javapath;C:\Program Files (x86)\Intel\Intel(R) Management Engine Components\iCLS\;C:\Program Files\Intel\Intel(R) Management Engine Components\iCLS\;C:\Windows\system32;C:\Windows\System32\Wbem;C:\Windows\System32\WindowsPowerShell\v1.0\;C:\Program Files (x86)\Intel\Intel(R) Management Engine Components\DAL;C:\Program Files\Intel\Intel(R) Management Engine Components\DAL;C:\Program Files (x86)\Intel\Intel(R) Management Engine Components\IPT;C:\Program Files\Intel\Intel(R) Management Engine Components\IPT;C:\Program Files (x86)\NVIDIA Corporation\PhysX\Common;C:\Program Files\Intel\WiFi\bin\;C:\Program Files\Common Files\Intel\WirelessCommon\;C:\WINDOWS\system32;C:\WINDOWS;C:\WINDOWS\System32\Wbem;C:\WINDOWS\System32\WindowsPowerShell\v1.0\;C:\WINDOWS\System32\OpenSSH\;C:\Program Files\Appdata\Python\Python38;C:\Program Files\Appdata\Python\Python38\Scripts\;C:\Users\Leanne Sriram\Downloads\jdk-18_windows-x64_bin.exe;C:\Program Files\Microsoft SQL Server\150\Tools\Binn\;C:\Program Files\Microsoft SQL Server\Client SDK\ODBC\170\Tools\Binn\;C:\Program Files\Git\cmd;C:\Program Files\dotnet\;C:\ProgramData\chocolatey\bin;D:\Program Files\Java\jdk-18.0.1.1\bin\bin;D:\Program Files\gradle-8.1.1\bin;D:\Program Files\nodejs;C:\Users\Leanne Sriram\AppData\Local\Programs\Python\Python35\Scripts\;C:\Users\Leanne Sriram\AppData\Local\Programs\Python\Python35\;C:\Users\Leanne Sriram\AppData\Local\Programs\Python\Python38\Scripts\;C:\Users\Leanne Sriram\AppData\Local\Programs\Python\Python38\;C:\Users\Leanne Sriram\AppData\Local\Programs\Python\Python39\Scripts\;C:\Users\Leanne Sriram\AppData\Local\Programs\Python\Python39\;C:\Users\Leanne Sriram\AppData\Local\Microsoft\WindowsApps;C:\Program Files\JetBrains\PyCharm Community Edition 2018.3.4\bin;;C:\Users\Leanne Sriram\AppData\Local\Programs\Microsoft VS Code\bin;C:\Users\Leanne Sriram\Desktop\Python35\;C:\Program Files (x86)\GnuWin32\bin;C:\Program F
USERNAME=Leanne Sriram
OS=Windows_NT
PROCESSOR_IDENTIFIER=Intel64 Family 6 Model 158 Stepping 10, GenuineIntel
TMP=C:\Users\LEANNE~1\AppData\Local\Temp
TEMP=C:\Users\LEANNE~1\AppData\Local\Temp



---------------  S Y S T E M  ---------------

OS:
 Windows 11 , 64 bit Build 22000 (10.0.22000.1761)
OS uptime: 0 days 3:26 hours
Hyper-V role detected

CPU: total 8 (initial active 8) (4 cores per cpu, 2 threads per core) family 6 model 158 stepping 10 microcode 0xde, cx8, cmov, fxsr, ht, mmx, 3dnowpref, sse, sse2, sse3, ssse3, sse4.1, sse4.2, popcnt, lzcnt, tsc, tscinvbit, avx, avx2, aes, erms, clmul, bmi1, bmi2, adx, fma, vzeroupper, clflush, clflushopt, hv

Memory: 4k page, system-wide physical 8034M (350M free)
TotalPageFile size 12034M (AvailPageFile size 21M)
current process WorkingSet (physical memory assigned to process): 442M, peak: 442M
current process commit charge ("private bytes"): 495M, peak: 495M

vm_info: OpenJDK 64-Bit Server VM (17.0.7+7-LTS) for windows-amd64 JRE (17.0.7+7-LTS), built on Apr 14 2023 01:39:21 by "Administrator" with MS VC++ 15.9 (VS2017)

END.
