#
# There is insufficient memory for the Java Runtime Environment to continue.
# Native memory allocation (malloc) failed to allocate 947424 bytes for Chunk::new
# Possible reasons:
#   The system is out of physical RAM or swap space
#   The process is running with CompressedOops enabled, and the Java Heap may be blocking the growth of the native heap
# Possible solutions:
#   Reduce memory load on the system
#   Increase physical memory or swap space
#   Check if swap backing store is full
#   Decrease Java heap size (-Xmx/-Xms)
#   Decrease number of Java threads
#   Decrease Java thread stack sizes (-Xss)
#   Set larger code cache with -XX:ReservedCodeCacheSize=
#   JVM is running with Unscaled Compressed Oops mode in which the Java heap is
#     placed in the first 4GB address space. The Java Heap base address is the
#     maximum limit for the native heap growth. Please use -XX:HeapBaseMinAddress
#     to set the Java Heap base and to place the Java Heap above 4GB virtual address.
# This output file may be truncated or incomplete.
#
#  Out of Memory Error (arena.cpp:189), pid=1832, tid=2244
#
# JRE version: OpenJDK Runtime Environment Corretto-17.0.7.7.1 (17.0.7+7) (build 17.0.7+7-LTS)
# Java VM: OpenJDK 64-Bit Server VM Corretto-17.0.7.7.1 (17.0.7+7-LTS, mixed mode, sharing, tiered, compressed oops, compressed class ptrs, g1 gc, windows-amd64)
# No core dump will be written. Minidumps are not enabled by default on client versions of Windows
#

---------------  S U M M A R Y ------------

Command Line: --add-opens=java.base/java.util=ALL-UNNAMED --add-opens=java.base/java.lang=ALL-UNNAMED --add-opens=java.base/java.lang.invoke=ALL-UNNAMED --add-opens=java.base/java.util=ALL-UNNAMED --add-opens=java.prefs/java.util.prefs=ALL-UNNAMED --add-opens=java.prefs/java.util.prefs=ALL-UNNAMED --add-opens=java.base/java.nio.charset=ALL-UNNAMED --add-opens=java.base/java.net=ALL-UNNAMED --add-opens=java.base/java.util.concurrent.atomic=ALL-UNNAMED -XX:MaxMetaspaceSize=256m -XX:+HeapDumpOnOutOfMemoryError -Xms256m -Xmx512m -Dfile.encoding=windows-1252 -Duser.country=IN -Duser.language=en -Duser.variant org.gradle.launcher.daemon.bootstrap.GradleDaemon 7.4

Host: Intel(R) Core(TM) i5-8300H CPU @ 2.30GHz, 8 cores, 7G,  Windows 11 , 64 bit Build 22000 (10.0.22000.1761)
Time: Wed Jun  7 18:52:35 2023 GMT Daylight Time elapsed time: 8.631400 seconds (0d 0h 0m 8s)

---------------  T H R E A D  ---------------

Current thread (0x000001d1a169df80):  JavaThread "C2 CompilerThread0" daemon [_thread_in_native, id=2244, stack(0x0000004729100000,0x0000004729200000)]


Current CompileTask:
C2:   8633 3769   !   4       jdk.internal.loader.URLClassPath$JarLoader::getResource (354 bytes)

Stack: [0x0000004729100000,0x0000004729200000]
Native frames: (J=compiled Java code, j=interpreted, Vv=VM code, C=native code)
V  [jvm.dll+0x64b53a]
V  [jvm.dll+0x7fef54]
V  [jvm.dll+0x80070e]
V  [jvm.dll+0x800d63]
V  [jvm.dll+0x236a2b]
V  [jvm.dll+0xbd47c]
V  [jvm.dll+0xbda5c]
V  [jvm.dll+0x350c37]
V  [jvm.dll+0x31b60f]
V  [jvm.dll+0x31aa4a]
V  [jvm.dll+0x20acf5]
V  [jvm.dll+0x20a287]
V  [jvm.dll+0x19a2ed]
V  [jvm.dll+0x21967d]
V  [jvm.dll+0x2178c4]
V  [jvm.dll+0x7b7dcb]
V  [jvm.dll+0x7b237a]
V  [jvm.dll+0x64a3a5]
C  [ucrtbase.dll+0x26c0c]
C  [KERNEL32.DLL+0x15590]
C  [ntdll.dll+0x485b]


---------------  P R O C E S S  ---------------

Threads class SMR info:
_java_thread_list=0x000001d1a8f30760, length=44, elements={
0x000001d186b0cab0, 0x000001d1a1677aa0, 0x000001d1a1678560, 0x000001d1a168b120,
0x000001d1a168fa00, 0x000001d1a16902c0, 0x000001d1a1690b80, 0x000001d1a169df80,
0x000001d1a16c68a0, 0x000001d1a16c91b0, 0x000001d1a18ff330, 0x000001d1a18ff800,
0x000001d1a78cba40, 0x000001d1a6c695f0, 0x000001d1a80babc0, 0x000001d1a732d840,
0x000001d1a7a10f20, 0x000001d1a6d6f610, 0x000001d1a66959d0, 0x000001d1a6f29a80,
0x000001d1a7bb5a80, 0x000001d1a7bb4740, 0x000001d1a7bb3400, 0x000001d1a7bb4270,
0x000001d1a7bb4c10, 0x000001d1a8f80b40, 0x000001d1a7bb6420, 0x000001d1a7bb5f50,
0x000001d1a7bb68f0, 0x000001d1a7bb38d0, 0x000001d1a7bb55b0, 0x000001d1a7bb2f30,
0x000001d1a9ad7ae0, 0x000001d1a9ad7fb0, 0x000001d1a9ad4ac0, 0x000001d1a790b870,
0x000001d1a9ad4f90, 0x000001d1a9ad7140, 0x000001d1a9ad67a0, 0x000001d1a9ad8480,
0x000001d1a9ad8e20, 0x000001d1a9ad1f70, 0x000001d1a9ad1aa0, 0x000001d1a9ad5460
}

Java Threads: ( => current thread )
  0x000001d186b0cab0 JavaThread "main" [_thread_blocked, id=4760, stack(0x0000004728400000,0x0000004728500000)]
  0x000001d1a1677aa0 JavaThread "Reference Handler" daemon [_thread_blocked, id=17448, stack(0x0000004728b00000,0x0000004728c00000)]
  0x000001d1a1678560 JavaThread "Finalizer" daemon [_thread_blocked, id=7276, stack(0x0000004728c00000,0x0000004728d00000)]
  0x000001d1a168b120 JavaThread "Signal Dispatcher" daemon [_thread_blocked, id=9940, stack(0x0000004728d00000,0x0000004728e00000)]
  0x000001d1a168fa00 JavaThread "Attach Listener" daemon [_thread_blocked, id=15248, stack(0x0000004728e00000,0x0000004728f00000)]
  0x000001d1a16902c0 JavaThread "Service Thread" daemon [_thread_blocked, id=3124, stack(0x0000004728f00000,0x0000004729000000)]
  0x000001d1a1690b80 JavaThread "Monitor Deflation Thread" daemon [_thread_blocked, id=7176, stack(0x0000004729000000,0x0000004729100000)]
=>0x000001d1a169df80 JavaThread "C2 CompilerThread0" daemon [_thread_in_native, id=2244, stack(0x0000004729100000,0x0000004729200000)]
  0x000001d1a16c68a0 JavaThread "C1 CompilerThread0" daemon [_thread_blocked, id=5228, stack(0x0000004729200000,0x0000004729300000)]
  0x000001d1a16c91b0 JavaThread "Sweeper thread" daemon [_thread_blocked, id=14764, stack(0x0000004729300000,0x0000004729400000)]
  0x000001d1a18ff330 JavaThread "Common-Cleaner" daemon [_thread_blocked, id=17692, stack(0x0000004729400000,0x0000004729500000)]
  0x000001d1a18ff800 JavaThread "Notification Thread" daemon [_thread_blocked, id=3684, stack(0x0000004729500000,0x0000004729600000)]
  0x000001d1a78cba40 JavaThread "Daemon health stats" [_thread_blocked, id=4848, stack(0x0000004729e00000,0x0000004729f00000)]
  0x000001d1a6c695f0 JavaThread "Incoming local TCP Connector on port 60621" [_thread_in_native, id=8184, stack(0x0000004729700000,0x0000004729800000)]
  0x000001d1a80babc0 JavaThread "Daemon periodic checks" [_thread_blocked, id=9556, stack(0x0000004729d00000,0x0000004729e00000)]
  0x000001d1a732d840 JavaThread "Daemon" [_thread_blocked, id=2560, stack(0x000000472a000000,0x000000472a100000)]
  0x000001d1a7a10f20 JavaThread "Handler for socket connection from /127.0.0.1:60621 to /127.0.0.1:60622" [_thread_in_native, id=16920, stack(0x000000472a100000,0x000000472a200000)]
  0x000001d1a6d6f610 JavaThread "Cancel handler" [_thread_blocked, id=10668, stack(0x000000472a200000,0x000000472a300000)]
  0x000001d1a66959d0 JavaThread "Daemon worker" [_thread_in_vm, id=18740, stack(0x000000472a300000,0x000000472a400000)]
  0x000001d1a6f29a80 JavaThread "Asynchronous log dispatcher for DefaultDaemonConnection: socket connection from /127.0.0.1:60621 to /127.0.0.1:60622" [_thread_blocked, id=11664, stack(0x000000472a400000,0x000000472a500000)]
  0x000001d1a7bb5a80 JavaThread "Stdin handler" [_thread_blocked, id=13556, stack(0x000000472a500000,0x000000472a600000)]
  0x000001d1a7bb4740 JavaThread "Daemon client event forwarder" [_thread_blocked, id=16996, stack(0x000000472a600000,0x000000472a700000)]
  0x000001d1a7bb3400 JavaThread "Cache worker for journal cache (C:\Users\Leanne Sriram\.gradle\caches\journal-1)" [_thread_blocked, id=15536, stack(0x0000004729f00000,0x000000472a000000)]
  0x000001d1a7bb4270 JavaThread "File lock request listener" [_thread_in_native, id=13788, stack(0x000000472a700000,0x000000472a800000)]
  0x000001d1a7bb4c10 JavaThread "Cache worker for file hash cache (C:\Users\Leanne Sriram\.gradle\caches\7.4\fileHashes)" [_thread_blocked, id=13784, stack(0x000000472a800000,0x000000472a900000)]
  0x000001d1a8f80b40 JavaThread "C2 CompilerThread1" daemon [_thread_in_native, id=5808, stack(0x000000472a900000,0x000000472aa00000)]
  0x000001d1a7bb6420 JavaThread "File watcher server" daemon [_thread_in_native, id=15768, stack(0x000000472aa00000,0x000000472ab00000)]
  0x000001d1a7bb5f50 JavaThread "File watcher consumer" daemon [_thread_blocked, id=18344, stack(0x000000472ab00000,0x000000472ac00000)]
  0x000001d1a7bb68f0 JavaThread "Cache worker for checksums cache (D:\MULTIVERSE-PROJECTS\SPRING-API-BUILDING\GradleSpringBootApp\.gradle\7.4\checksums)" [_thread_blocked, id=4276, stack(0x000000472ad00000,0x000000472ae00000)]
  0x000001d1a7bb38d0 JavaThread "Cache worker for cache directory md-rule (C:\Users\Leanne Sriram\.gradle\caches\7.4\md-rule)" [_thread_blocked, id=17372, stack(0x000000472ae00000,0x000000472af00000)]
  0x000001d1a7bb55b0 JavaThread "Cache worker for file hash cache (D:\MULTIVERSE-PROJECTS\SPRING-API-BUILDING\GradleSpringBootApp\.gradle\7.4\fileHashes)" [_thread_blocked, id=13992, stack(0x000000472af00000,0x000000472b000000)]
  0x000001d1a7bb2f30 JavaThread "Cache worker for cache directory md-supplier (C:\Users\Leanne Sriram\.gradle\caches\7.4\md-supplier)" [_thread_blocked, id=19016, stack(0x000000472b000000,0x000000472b100000)]
  0x000001d1a9ad7ae0 JavaThread "Cache worker for execution history cache (C:\Users\Leanne Sriram\.gradle\caches\7.4\executionHistory)" [_thread_blocked, id=2572, stack(0x000000472b400000,0x000000472b500000)]
  0x000001d1a9ad7fb0 JavaThread "jar transforms" [_thread_blocked, id=12216, stack(0x000000472b500000,0x000000472b600000)]
  0x000001d1a9ad4ac0 JavaThread "jar transforms Thread 2" [_thread_blocked, id=3820, stack(0x000000472b600000,0x000000472b700000)]
  0x000001d1a790b870 JavaThread "C2 CompilerThread2" daemon [_thread_blocked, id=5232, stack(0x000000472ac00000,0x000000472ad00000)]
  0x000001d1a9ad4f90 JavaThread "Cache worker for file content cache (C:\Users\Leanne Sriram\.gradle\caches\7.4\fileContent)" [_thread_blocked, id=1588, stack(0x000000472b700000,0x000000472b800000)]
  0x000001d1a9ad7140 JavaThread "jar transforms Thread 3" [_thread_blocked, id=14488, stack(0x000000472b800000,0x000000472b900000)]
  0x000001d1a9ad67a0 JavaThread "jar transforms Thread 4" [_thread_blocked, id=18236, stack(0x000000472b900000,0x000000472ba00000)]
  0x000001d1a9ad8480 JavaThread "jar transforms Thread 5" [_thread_blocked, id=18076, stack(0x000000472ba00000,0x000000472bb00000)]
  0x000001d1a9ad8e20 JavaThread "jar transforms Thread 6" [_thread_blocked, id=10452, stack(0x000000472bb00000,0x000000472bc00000)]
  0x000001d1a9ad1f70 JavaThread "jar transforms Thread 7" [_thread_blocked, id=17844, stack(0x000000472bc00000,0x000000472bd00000)]
  0x000001d1a9ad1aa0 JavaThread "jar transforms Thread 8" [_thread_blocked, id=17912, stack(0x000000472bd00000,0x000000472be00000)]
  0x000001d1a9ad5460 JavaThread "Cache worker for dependencies-accessors (D:\MULTIVERSE-PROJECTS\SPRING-API-BUILDING\GradleSpringBootApp\.gradle\7.4\dependencies-accessors)" [_thread_blocked, id=18340, stack(0x000000472be00000,0x000000472bf00000)]

Other Threads:
  0x000001d1a1673550 VMThread "VM Thread" [stack: 0x0000004728a00000,0x0000004728b00000] [id=18632]
  0x000001d186b47cc0 WatcherThread [stack: 0x0000004729600000,0x0000004729700000] [id=16092]
  0x000001d186b3aba0 GCTaskThread "GC Thread#0" [stack: 0x0000004728500000,0x0000004728600000] [id=2960]
  0x000001d1a66731d0 GCTaskThread "GC Thread#1" [stack: 0x0000004729800000,0x0000004729900000] [id=9328]
  0x000001d1a6673480 GCTaskThread "GC Thread#2" [stack: 0x0000004729900000,0x0000004729a00000] [id=9204]
  0x000001d1a6673730 GCTaskThread "GC Thread#3" [stack: 0x0000004729a00000,0x0000004729b00000] [id=17360]
  0x000001d1a6b11970 GCTaskThread "GC Thread#4" [stack: 0x0000004729b00000,0x0000004729c00000] [id=8668]
  0x000001d1a6b11c20 GCTaskThread "GC Thread#5" [stack: 0x0000004729c00000,0x0000004729d00000] [id=18648]
  0x000001d1a9153fd0 GCTaskThread "GC Thread#6" [stack: 0x000000472b100000,0x000000472b200000] [id=11516]
  0x000001d1a9155ab0 GCTaskThread "GC Thread#7" [stack: 0x000000472b200000,0x000000472b300000] [id=19020]
  0x000001d186b3f9f0 ConcurrentGCThread "G1 Main Marker" [stack: 0x0000004728600000,0x0000004728700000] [id=10736]
  0x000001d186b40510 ConcurrentGCThread "G1 Conc#0" [stack: 0x0000004728700000,0x0000004728800000] [id=3952]
  0x000001d1a9154280 ConcurrentGCThread "G1 Conc#1" [stack: 0x000000472b300000,0x000000472b400000] [id=18392]
  0x000001d186bcd400 ConcurrentGCThread "G1 Refine#0" [stack: 0x0000004728800000,0x0000004728900000] [id=9300]
  0x000001d186bcdbd0 ConcurrentGCThread "G1 Service" [stack: 0x0000004728900000,0x0000004728a00000] [id=15400]

Threads with active compile tasks:
C2 CompilerThread0     8753 3769   !   4       jdk.internal.loader.URLClassPath$JarLoader::getResource (354 bytes)
C2 CompilerThread1     8754 3785       4       org.objectweb.asm.Frame::execute (2318 bytes)

VM state: not at safepoint (normal execution)

VM Mutex/Monitor currently owned by a thread: None

Heap address: 0x00000000e0000000, size: 512 MB, Compressed Oops mode: 32-bit

CDS archive(s) mapped at: [0x0000000800000000-0x0000000800bc0000-0x0000000800bc0000), size 12320768, SharedBaseAddress: 0x0000000800000000, ArchiveRelocationMode: 0.
Compressed class space mapped at: 0x0000000801000000-0x000000080e000000, reserved size: 218103808
Narrow klass base: 0x0000000800000000, Narrow klass shift: 0, Narrow klass range: 0x100000000

GC Precious Log:
 CPUs: 8 total, 8 available
 Memory: 8034M
 Large Page Support: Disabled
 NUMA Support: Disabled
 Compressed Oops: Enabled (32-bit)
 Heap Region Size: 1M
 Heap Min Capacity: 256M
 Heap Initial Capacity: 256M
 Heap Max Capacity: 512M
 Pre-touch: Disabled
 Parallel Workers: 8
 Concurrent Workers: 2
 Concurrent Refinement Workers: 8
 Periodic GC: Disabled

Heap:
 garbage-first heap   total 262144K, used 103647K [0x00000000e0000000, 0x0000000100000000)
  region size 1024K, 92 young (94208K), 12 survivors (12288K)
 Metaspace       used 32532K, committed 32896K, reserved 278528K
  class space    used 4516K, committed 4736K, reserved 212992K

Heap Regions: E=young(eden), S=young(survivor), O=old, HS=humongous(starts), HC=humongous(continues), CS=collection set, F=free, OA=open archive, CA=closed archive, TAMS=top-at-mark-start (previous, next)
|   0|0x00000000e0000000, 0x00000000e0100000, 0x00000000e0100000|100%|HS|  |TAMS 0x00000000e0000000, 0x00000000e0000000| Complete 
|   1|0x00000000e0100000, 0x00000000e0200000, 0x00000000e0200000|100%| O|  |TAMS 0x00000000e0200000, 0x00000000e0100000| Untracked 
|   2|0x00000000e0200000, 0x00000000e02cf600, 0x00000000e0300000| 81%| O|  |TAMS 0x00000000e02cf600, 0x00000000e0200000| Untracked 
|   3|0x00000000e0300000, 0x00000000e0400000, 0x00000000e0400000|100%|HS|  |TAMS 0x00000000e0400000, 0x00000000e0300000| Complete 
|   4|0x00000000e0400000, 0x00000000e0500000, 0x00000000e0500000|100%|HC|  |TAMS 0x00000000e0500000, 0x00000000e0400000| Complete 
|   5|0x00000000e0500000, 0x00000000e0600000, 0x00000000e0600000|100%|HC|  |TAMS 0x00000000e0600000, 0x00000000e0500000| Complete 
|   6|0x00000000e0600000, 0x00000000e0700000, 0x00000000e0700000|100%| O|  |TAMS 0x00000000e0700000, 0x00000000e0600000| Untracked 
|   7|0x00000000e0700000, 0x00000000e0800000, 0x00000000e0800000|100%| O|  |TAMS 0x00000000e0800000, 0x00000000e0700000| Untracked 
|   8|0x00000000e0800000, 0x00000000e0900000, 0x00000000e0900000|100%| O|  |TAMS 0x00000000e0900000, 0x00000000e0800000| Untracked 
|   9|0x00000000e0900000, 0x00000000e0a00000, 0x00000000e0a00000|100%| O|  |TAMS 0x00000000e0a00000, 0x00000000e0900000| Untracked 
|  10|0x00000000e0a00000, 0x00000000e0b00000, 0x00000000e0b00000|100%|HS|  |TAMS 0x00000000e0a00000, 0x00000000e0a00000| Complete 
|  11|0x00000000e0b00000, 0x00000000e0c00000, 0x00000000e0c00000|100%|HC|  |TAMS 0x00000000e0b00000, 0x00000000e0b00000| Complete 
|  12|0x00000000e0c00000, 0x00000000e0c00000, 0x00000000e0d00000|  0%| F|  |TAMS 0x00000000e0c00000, 0x00000000e0c00000| Untracked 
|  13|0x00000000e0d00000, 0x00000000e0d00000, 0x00000000e0e00000|  0%| F|  |TAMS 0x00000000e0d00000, 0x00000000e0d00000| Untracked 
|  14|0x00000000e0e00000, 0x00000000e0e00000, 0x00000000e0f00000|  0%| F|  |TAMS 0x00000000e0e00000, 0x00000000e0e00000| Untracked 
|  15|0x00000000e0f00000, 0x00000000e0f00000, 0x00000000e1000000|  0%| F|  |TAMS 0x00000000e0f00000, 0x00000000e0f00000| Untracked 
|  16|0x00000000e1000000, 0x00000000e1000000, 0x00000000e1100000|  0%| F|  |TAMS 0x00000000e1000000, 0x00000000e1000000| Untracked 
|  17|0x00000000e1100000, 0x00000000e1100000, 0x00000000e1200000|  0%| F|  |TAMS 0x00000000e1100000, 0x00000000e1100000| Untracked 
|  18|0x00000000e1200000, 0x00000000e1200000, 0x00000000e1300000|  0%| F|  |TAMS 0x00000000e1200000, 0x00000000e1200000| Untracked 
|  19|0x00000000e1300000, 0x00000000e1300000, 0x00000000e1400000|  0%| F|  |TAMS 0x00000000e1300000, 0x00000000e1300000| Untracked 
|  20|0x00000000e1400000, 0x00000000e1400000, 0x00000000e1500000|  0%| F|  |TAMS 0x00000000e1400000, 0x00000000e1400000| Untracked 
|  21|0x00000000e1500000, 0x00000000e1500000, 0x00000000e1600000|  0%| F|  |TAMS 0x00000000e1500000, 0x00000000e1500000| Untracked 
|  22|0x00000000e1600000, 0x00000000e1600000, 0x00000000e1700000|  0%| F|  |TAMS 0x00000000e1600000, 0x00000000e1600000| Untracked 
|  23|0x00000000e1700000, 0x00000000e1700000, 0x00000000e1800000|  0%| F|  |TAMS 0x00000000e1700000, 0x00000000e1700000| Untracked 
|  24|0x00000000e1800000, 0x00000000e1800000, 0x00000000e1900000|  0%| F|  |TAMS 0x00000000e1800000, 0x00000000e1800000| Untracked 
|  25|0x00000000e1900000, 0x00000000e1900000, 0x00000000e1a00000|  0%| F|  |TAMS 0x00000000e1900000, 0x00000000e1900000| Untracked 
|  26|0x00000000e1a00000, 0x00000000e1a00000, 0x00000000e1b00000|  0%| F|  |TAMS 0x00000000e1a00000, 0x00000000e1a00000| Untracked 
|  27|0x00000000e1b00000, 0x00000000e1b00000, 0x00000000e1c00000|  0%| F|  |TAMS 0x00000000e1b00000, 0x00000000e1b00000| Untracked 
|  28|0x00000000e1c00000, 0x00000000e1c00000, 0x00000000e1d00000|  0%| F|  |TAMS 0x00000000e1c00000, 0x00000000e1c00000| Untracked 
|  29|0x00000000e1d00000, 0x00000000e1d00000, 0x00000000e1e00000|  0%| F|  |TAMS 0x00000000e1d00000, 0x00000000e1d00000| Untracked 
|  30|0x00000000e1e00000, 0x00000000e1e00000, 0x00000000e1f00000|  0%| F|  |TAMS 0x00000000e1e00000, 0x00000000e1e00000| Untracked 
|  31|0x00000000e1f00000, 0x00000000e1f00000, 0x00000000e2000000|  0%| F|  |TAMS 0x00000000e1f00000, 0x00000000e1f00000| Untracked 
|  32|0x00000000e2000000, 0x00000000e2000000, 0x00000000e2100000|  0%| F|  |TAMS 0x00000000e2000000, 0x00000000e2000000| Untracked 
|  33|0x00000000e2100000, 0x00000000e2100000, 0x00000000e2200000|  0%| F|  |TAMS 0x00000000e2100000, 0x00000000e2100000| Untracked 
|  34|0x00000000e2200000, 0x00000000e2200000, 0x00000000e2300000|  0%| F|  |TAMS 0x00000000e2200000, 0x00000000e2200000| Untracked 
|  35|0x00000000e2300000, 0x00000000e2300000, 0x00000000e2400000|  0%| F|  |TAMS 0x00000000e2300000, 0x00000000e2300000| Untracked 
|  36|0x00000000e2400000, 0x00000000e2400000, 0x00000000e2500000|  0%| F|  |TAMS 0x00000000e2400000, 0x00000000e2400000| Untracked 
|  37|0x00000000e2500000, 0x00000000e2500000, 0x00000000e2600000|  0%| F|  |TAMS 0x00000000e2500000, 0x00000000e2500000| Untracked 
|  38|0x00000000e2600000, 0x00000000e2600000, 0x00000000e2700000|  0%| F|  |TAMS 0x00000000e2600000, 0x00000000e2600000| Untracked 
|  39|0x00000000e2700000, 0x00000000e2700000, 0x00000000e2800000|  0%| F|  |TAMS 0x00000000e2700000, 0x00000000e2700000| Untracked 
|  40|0x00000000e2800000, 0x00000000e2800000, 0x00000000e2900000|  0%| F|  |TAMS 0x00000000e2800000, 0x00000000e2800000| Untracked 
|  41|0x00000000e2900000, 0x00000000e2900000, 0x00000000e2a00000|  0%| F|  |TAMS 0x00000000e2900000, 0x00000000e2900000| Untracked 
|  42|0x00000000e2a00000, 0x00000000e2a00000, 0x00000000e2b00000|  0%| F|  |TAMS 0x00000000e2a00000, 0x00000000e2a00000| Untracked 
|  43|0x00000000e2b00000, 0x00000000e2b00000, 0x00000000e2c00000|  0%| F|  |TAMS 0x00000000e2b00000, 0x00000000e2b00000| Untracked 
|  44|0x00000000e2c00000, 0x00000000e2c00000, 0x00000000e2d00000|  0%| F|  |TAMS 0x00000000e2c00000, 0x00000000e2c00000| Untracked 
|  45|0x00000000e2d00000, 0x00000000e2d00000, 0x00000000e2e00000|  0%| F|  |TAMS 0x00000000e2d00000, 0x00000000e2d00000| Untracked 
|  46|0x00000000e2e00000, 0x00000000e2e00000, 0x00000000e2f00000|  0%| F|  |TAMS 0x00000000e2e00000, 0x00000000e2e00000| Untracked 
|  47|0x00000000e2f00000, 0x00000000e2f00000, 0x00000000e3000000|  0%| F|  |TAMS 0x00000000e2f00000, 0x00000000e2f00000| Untracked 
|  48|0x00000000e3000000, 0x00000000e3000000, 0x00000000e3100000|  0%| F|  |TAMS 0x00000000e3000000, 0x00000000e3000000| Untracked 
|  49|0x00000000e3100000, 0x00000000e3100000, 0x00000000e3200000|  0%| F|  |TAMS 0x00000000e3100000, 0x00000000e3100000| Untracked 
|  50|0x00000000e3200000, 0x00000000e3200000, 0x00000000e3300000|  0%| F|  |TAMS 0x00000000e3200000, 0x00000000e3200000| Untracked 
|  51|0x00000000e3300000, 0x00000000e3300000, 0x00000000e3400000|  0%| F|  |TAMS 0x00000000e3300000, 0x00000000e3300000| Untracked 
|  52|0x00000000e3400000, 0x00000000e3400000, 0x00000000e3500000|  0%| F|  |TAMS 0x00000000e3400000, 0x00000000e3400000| Untracked 
|  53|0x00000000e3500000, 0x00000000e3500000, 0x00000000e3600000|  0%| F|  |TAMS 0x00000000e3500000, 0x00000000e3500000| Untracked 
|  54|0x00000000e3600000, 0x00000000e3600000, 0x00000000e3700000|  0%| F|  |TAMS 0x00000000e3600000, 0x00000000e3600000| Untracked 
|  55|0x00000000e3700000, 0x00000000e3700000, 0x00000000e3800000|  0%| F|  |TAMS 0x00000000e3700000, 0x00000000e3700000| Untracked 
|  56|0x00000000e3800000, 0x00000000e3800000, 0x00000000e3900000|  0%| F|  |TAMS 0x00000000e3800000, 0x00000000e3800000| Untracked 
|  57|0x00000000e3900000, 0x00000000e3900000, 0x00000000e3a00000|  0%| F|  |TAMS 0x00000000e3900000, 0x00000000e3900000| Untracked 
|  58|0x00000000e3a00000, 0x00000000e3a00000, 0x00000000e3b00000|  0%| F|  |TAMS 0x00000000e3a00000, 0x00000000e3a00000| Untracked 
|  59|0x00000000e3b00000, 0x00000000e3b00000, 0x00000000e3c00000|  0%| F|  |TAMS 0x00000000e3b00000, 0x00000000e3b00000| Untracked 
|  60|0x00000000e3c00000, 0x00000000e3c00000, 0x00000000e3d00000|  0%| F|  |TAMS 0x00000000e3c00000, 0x00000000e3c00000| Untracked 
|  61|0x00000000e3d00000, 0x00000000e3d00000, 0x00000000e3e00000|  0%| F|  |TAMS 0x00000000e3d00000, 0x00000000e3d00000| Untracked 
|  62|0x00000000e3e00000, 0x00000000e3e00000, 0x00000000e3f00000|  0%| F|  |TAMS 0x00000000e3e00000, 0x00000000e3e00000| Untracked 
|  63|0x00000000e3f00000, 0x00000000e3f00000, 0x00000000e4000000|  0%| F|  |TAMS 0x00000000e3f00000, 0x00000000e3f00000| Untracked 
|  64|0x00000000e4000000, 0x00000000e4000000, 0x00000000e4100000|  0%| F|  |TAMS 0x00000000e4000000, 0x00000000e4000000| Untracked 
|  65|0x00000000e4100000, 0x00000000e4100000, 0x00000000e4200000|  0%| F|  |TAMS 0x00000000e4100000, 0x00000000e4100000| Untracked 
|  66|0x00000000e4200000, 0x00000000e4200000, 0x00000000e4300000|  0%| F|  |TAMS 0x00000000e4200000, 0x00000000e4200000| Untracked 
|  67|0x00000000e4300000, 0x00000000e4300000, 0x00000000e4400000|  0%| F|  |TAMS 0x00000000e4300000, 0x00000000e4300000| Untracked 
|  68|0x00000000e4400000, 0x00000000e4400000, 0x00000000e4500000|  0%| F|  |TAMS 0x00000000e4400000, 0x00000000e4400000| Untracked 
|  69|0x00000000e4500000, 0x00000000e4500000, 0x00000000e4600000|  0%| F|  |TAMS 0x00000000e4500000, 0x00000000e4500000| Untracked 
|  70|0x00000000e4600000, 0x00000000e4600000, 0x00000000e4700000|  0%| F|  |TAMS 0x00000000e4600000, 0x00000000e4600000| Untracked 
|  71|0x00000000e4700000, 0x00000000e4700000, 0x00000000e4800000|  0%| F|  |TAMS 0x00000000e4700000, 0x00000000e4700000| Untracked 
|  72|0x00000000e4800000, 0x00000000e4800000, 0x00000000e4900000|  0%| F|  |TAMS 0x00000000e4800000, 0x00000000e4800000| Untracked 
|  73|0x00000000e4900000, 0x00000000e4900000, 0x00000000e4a00000|  0%| F|  |TAMS 0x00000000e4900000, 0x00000000e4900000| Untracked 
|  74|0x00000000e4a00000, 0x00000000e4a00000, 0x00000000e4b00000|  0%| F|  |TAMS 0x00000000e4a00000, 0x00000000e4a00000| Untracked 
|  75|0x00000000e4b00000, 0x00000000e4b00000, 0x00000000e4c00000|  0%| F|  |TAMS 0x00000000e4b00000, 0x00000000e4b00000| Untracked 
|  76|0x00000000e4c00000, 0x00000000e4c00000, 0x00000000e4d00000|  0%| F|  |TAMS 0x00000000e4c00000, 0x00000000e4c00000| Untracked 
|  77|0x00000000e4d00000, 0x00000000e4d00000, 0x00000000e4e00000|  0%| F|  |TAMS 0x00000000e4d00000, 0x00000000e4d00000| Untracked 
|  78|0x00000000e4e00000, 0x00000000e4e00000, 0x00000000e4f00000|  0%| F|  |TAMS 0x00000000e4e00000, 0x00000000e4e00000| Untracked 
|  79|0x00000000e4f00000, 0x00000000e4f00000, 0x00000000e5000000|  0%| F|  |TAMS 0x00000000e4f00000, 0x00000000e4f00000| Untracked 
|  80|0x00000000e5000000, 0x00000000e5000000, 0x00000000e5100000|  0%| F|  |TAMS 0x00000000e5000000, 0x00000000e5000000| Untracked 
|  81|0x00000000e5100000, 0x00000000e5100000, 0x00000000e5200000|  0%| F|  |TAMS 0x00000000e5100000, 0x00000000e5100000| Untracked 
|  82|0x00000000e5200000, 0x00000000e5200000, 0x00000000e5300000|  0%| F|  |TAMS 0x00000000e5200000, 0x00000000e5200000| Untracked 
|  83|0x00000000e5300000, 0x00000000e5300000, 0x00000000e5400000|  0%| F|  |TAMS 0x00000000e5300000, 0x00000000e5300000| Untracked 
|  84|0x00000000e5400000, 0x00000000e5400000, 0x00000000e5500000|  0%| F|  |TAMS 0x00000000e5400000, 0x00000000e5400000| Untracked 
|  85|0x00000000e5500000, 0x00000000e5500000, 0x00000000e5600000|  0%| F|  |TAMS 0x00000000e5500000, 0x00000000e5500000| Untracked 
|  86|0x00000000e5600000, 0x00000000e5600000, 0x00000000e5700000|  0%| F|  |TAMS 0x00000000e5600000, 0x00000000e5600000| Untracked 
|  87|0x00000000e5700000, 0x00000000e5700000, 0x00000000e5800000|  0%| F|  |TAMS 0x00000000e5700000, 0x00000000e5700000| Untracked 
|  88|0x00000000e5800000, 0x00000000e5800000, 0x00000000e5900000|  0%| F|  |TAMS 0x00000000e5800000, 0x00000000e5800000| Untracked 
|  89|0x00000000e5900000, 0x00000000e5900000, 0x00000000e5a00000|  0%| F|  |TAMS 0x00000000e5900000, 0x00000000e5900000| Untracked 
|  90|0x00000000e5a00000, 0x00000000e5a00000, 0x00000000e5b00000|  0%| F|  |TAMS 0x00000000e5a00000, 0x00000000e5a00000| Untracked 
|  91|0x00000000e5b00000, 0x00000000e5b00000, 0x00000000e5c00000|  0%| F|  |TAMS 0x00000000e5b00000, 0x00000000e5b00000| Untracked 
|  92|0x00000000e5c00000, 0x00000000e5c00000, 0x00000000e5d00000|  0%| F|  |TAMS 0x00000000e5c00000, 0x00000000e5c00000| Untracked 
|  93|0x00000000e5d00000, 0x00000000e5d00000, 0x00000000e5e00000|  0%| F|  |TAMS 0x00000000e5d00000, 0x00000000e5d00000| Untracked 
|  94|0x00000000e5e00000, 0x00000000e5e00000, 0x00000000e5f00000|  0%| F|  |TAMS 0x00000000e5e00000, 0x00000000e5e00000| Untracked 
|  95|0x00000000e5f00000, 0x00000000e5f00000, 0x00000000e6000000|  0%| F|  |TAMS 0x00000000e5f00000, 0x00000000e5f00000| Untracked 
|  96|0x00000000e6000000, 0x00000000e6000000, 0x00000000e6100000|  0%| F|  |TAMS 0x00000000e6000000, 0x00000000e6000000| Untracked 
|  97|0x00000000e6100000, 0x00000000e6100000, 0x00000000e6200000|  0%| F|  |TAMS 0x00000000e6100000, 0x00000000e6100000| Untracked 
|  98|0x00000000e6200000, 0x00000000e6200000, 0x00000000e6300000|  0%| F|  |TAMS 0x00000000e6200000, 0x00000000e6200000| Untracked 
|  99|0x00000000e6300000, 0x00000000e6300000, 0x00000000e6400000|  0%| F|  |TAMS 0x00000000e6300000, 0x00000000e6300000| Untracked 
| 100|0x00000000e6400000, 0x00000000e6400000, 0x00000000e6500000|  0%| F|  |TAMS 0x00000000e6400000, 0x00000000e6400000| Untracked 
| 101|0x00000000e6500000, 0x00000000e6500000, 0x00000000e6600000|  0%| F|  |TAMS 0x00000000e6500000, 0x00000000e6500000| Untracked 
| 102|0x00000000e6600000, 0x00000000e6600000, 0x00000000e6700000|  0%| F|  |TAMS 0x00000000e6600000, 0x00000000e6600000| Untracked 
| 103|0x00000000e6700000, 0x00000000e6700000, 0x00000000e6800000|  0%| F|  |TAMS 0x00000000e6700000, 0x00000000e6700000| Untracked 
| 104|0x00000000e6800000, 0x00000000e6800000, 0x00000000e6900000|  0%| F|  |TAMS 0x00000000e6800000, 0x00000000e6800000| Untracked 
| 105|0x00000000e6900000, 0x00000000e6900000, 0x00000000e6a00000|  0%| F|  |TAMS 0x00000000e6900000, 0x00000000e6900000| Untracked 
| 106|0x00000000e6a00000, 0x00000000e6a00000, 0x00000000e6b00000|  0%| F|  |TAMS 0x00000000e6a00000, 0x00000000e6a00000| Untracked 
| 107|0x00000000e6b00000, 0x00000000e6b00000, 0x00000000e6c00000|  0%| F|  |TAMS 0x00000000e6b00000, 0x00000000e6b00000| Untracked 
| 108|0x00000000e6c00000, 0x00000000e6c00000, 0x00000000e6d00000|  0%| F|  |TAMS 0x00000000e6c00000, 0x00000000e6c00000| Untracked 
| 109|0x00000000e6d00000, 0x00000000e6d00000, 0x00000000e6e00000|  0%| F|  |TAMS 0x00000000e6d00000, 0x00000000e6d00000| Untracked 
| 110|0x00000000e6e00000, 0x00000000e6e00000, 0x00000000e6f00000|  0%| F|  |TAMS 0x00000000e6e00000, 0x00000000e6e00000| Untracked 
| 111|0x00000000e6f00000, 0x00000000e6f00000, 0x00000000e7000000|  0%| F|  |TAMS 0x00000000e6f00000, 0x00000000e6f00000| Untracked 
| 112|0x00000000e7000000, 0x00000000e7000000, 0x00000000e7100000|  0%| F|  |TAMS 0x00000000e7000000, 0x00000000e7000000| Untracked 
| 113|0x00000000e7100000, 0x00000000e7100000, 0x00000000e7200000|  0%| F|  |TAMS 0x00000000e7100000, 0x00000000e7100000| Untracked 
| 114|0x00000000e7200000, 0x00000000e7200000, 0x00000000e7300000|  0%| F|  |TAMS 0x00000000e7200000, 0x00000000e7200000| Untracked 
| 115|0x00000000e7300000, 0x00000000e7300000, 0x00000000e7400000|  0%| F|  |TAMS 0x00000000e7300000, 0x00000000e7300000| Untracked 
| 116|0x00000000e7400000, 0x00000000e7400000, 0x00000000e7500000|  0%| F|  |TAMS 0x00000000e7400000, 0x00000000e7400000| Untracked 
| 117|0x00000000e7500000, 0x00000000e7500000, 0x00000000e7600000|  0%| F|  |TAMS 0x00000000e7500000, 0x00000000e7500000| Untracked 
| 118|0x00000000e7600000, 0x00000000e7600000, 0x00000000e7700000|  0%| F|  |TAMS 0x00000000e7600000, 0x00000000e7600000| Untracked 
| 119|0x00000000e7700000, 0x00000000e7700000, 0x00000000e7800000|  0%| F|  |TAMS 0x00000000e7700000, 0x00000000e7700000| Untracked 
| 120|0x00000000e7800000, 0x00000000e7800000, 0x00000000e7900000|  0%| F|  |TAMS 0x00000000e7800000, 0x00000000e7800000| Untracked 
| 121|0x00000000e7900000, 0x00000000e7900000, 0x00000000e7a00000|  0%| F|  |TAMS 0x00000000e7900000, 0x00000000e7900000| Untracked 
| 122|0x00000000e7a00000, 0x00000000e7a00000, 0x00000000e7b00000|  0%| F|  |TAMS 0x00000000e7a00000, 0x00000000e7a00000| Untracked 
| 123|0x00000000e7b00000, 0x00000000e7b00000, 0x00000000e7c00000|  0%| F|  |TAMS 0x00000000e7b00000, 0x00000000e7b00000| Untracked 
| 124|0x00000000e7c00000, 0x00000000e7c00000, 0x00000000e7d00000|  0%| F|  |TAMS 0x00000000e7c00000, 0x00000000e7c00000| Untracked 
| 125|0x00000000e7d00000, 0x00000000e7d00000, 0x00000000e7e00000|  0%| F|  |TAMS 0x00000000e7d00000, 0x00000000e7d00000| Untracked 
| 126|0x00000000e7e00000, 0x00000000e7e00000, 0x00000000e7f00000|  0%| F|  |TAMS 0x00000000e7e00000, 0x00000000e7e00000| Untracked 
| 127|0x00000000e7f00000, 0x00000000e7f00000, 0x00000000e8000000|  0%| F|  |TAMS 0x00000000e7f00000, 0x00000000e7f00000| Untracked 
| 128|0x00000000e8000000, 0x00000000e8000000, 0x00000000e8100000|  0%| F|  |TAMS 0x00000000e8000000, 0x00000000e8000000| Untracked 
| 129|0x00000000e8100000, 0x00000000e8100000, 0x00000000e8200000|  0%| F|  |TAMS 0x00000000e8100000, 0x00000000e8100000| Untracked 
| 130|0x00000000e8200000, 0x00000000e8200000, 0x00000000e8300000|  0%| F|  |TAMS 0x00000000e8200000, 0x00000000e8200000| Untracked 
| 131|0x00000000e8300000, 0x00000000e8300000, 0x00000000e8400000|  0%| F|  |TAMS 0x00000000e8300000, 0x00000000e8300000| Untracked 
| 132|0x00000000e8400000, 0x00000000e8400000, 0x00000000e8500000|  0%| F|  |TAMS 0x00000000e8400000, 0x00000000e8400000| Untracked 
| 133|0x00000000e8500000, 0x00000000e8500000, 0x00000000e8600000|  0%| F|  |TAMS 0x00000000e8500000, 0x00000000e8500000| Untracked 
| 134|0x00000000e8600000, 0x00000000e8600000, 0x00000000e8700000|  0%| F|  |TAMS 0x00000000e8600000, 0x00000000e8600000| Untracked 
| 135|0x00000000e8700000, 0x00000000e8700000, 0x00000000e8800000|  0%| F|  |TAMS 0x00000000e8700000, 0x00000000e8700000| Untracked 
| 136|0x00000000e8800000, 0x00000000e8800000, 0x00000000e8900000|  0%| F|  |TAMS 0x00000000e8800000, 0x00000000e8800000| Untracked 
| 137|0x00000000e8900000, 0x00000000e8968970, 0x00000000e8a00000| 40%| S|CS|TAMS 0x00000000e8900000, 0x00000000e8900000| Complete 
| 138|0x00000000e8a00000, 0x00000000e8b00000, 0x00000000e8b00000|100%| S|CS|TAMS 0x00000000e8a00000, 0x00000000e8a00000| Complete 
| 139|0x00000000e8b00000, 0x00000000e8c00000, 0x00000000e8c00000|100%| S|CS|TAMS 0x00000000e8b00000, 0x00000000e8b00000| Complete 
| 140|0x00000000e8c00000, 0x00000000e8d00000, 0x00000000e8d00000|100%| S|CS|TAMS 0x00000000e8c00000, 0x00000000e8c00000| Complete 
| 141|0x00000000e8d00000, 0x00000000e8e00000, 0x00000000e8e00000|100%| S|CS|TAMS 0x00000000e8d00000, 0x00000000e8d00000| Complete 
| 142|0x00000000e8e00000, 0x00000000e8f00000, 0x00000000e8f00000|100%| S|CS|TAMS 0x00000000e8e00000, 0x00000000e8e00000| Complete 
| 143|0x00000000e8f00000, 0x00000000e9000000, 0x00000000e9000000|100%| S|CS|TAMS 0x00000000e8f00000, 0x00000000e8f00000| Complete 
| 144|0x00000000e9000000, 0x00000000e9100000, 0x00000000e9100000|100%| S|CS|TAMS 0x00000000e9000000, 0x00000000e9000000| Complete 
| 145|0x00000000e9100000, 0x00000000e9200000, 0x00000000e9200000|100%| S|CS|TAMS 0x00000000e9100000, 0x00000000e9100000| Complete 
| 146|0x00000000e9200000, 0x00000000e9300000, 0x00000000e9300000|100%| S|CS|TAMS 0x00000000e9200000, 0x00000000e9200000| Complete 
| 147|0x00000000e9300000, 0x00000000e9400000, 0x00000000e9400000|100%| S|CS|TAMS 0x00000000e9300000, 0x00000000e9300000| Complete 
| 148|0x00000000e9400000, 0x00000000e9500000, 0x00000000e9500000|100%| S|CS|TAMS 0x00000000e9400000, 0x00000000e9400000| Complete 
| 149|0x00000000e9500000, 0x00000000e9500000, 0x00000000e9600000|  0%| F|  |TAMS 0x00000000e9500000, 0x00000000e9500000| Untracked 
| 150|0x00000000e9600000, 0x00000000e9600000, 0x00000000e9700000|  0%| F|  |TAMS 0x00000000e9600000, 0x00000000e9600000| Untracked 
| 151|0x00000000e9700000, 0x00000000e9700000, 0x00000000e9800000|  0%| F|  |TAMS 0x00000000e9700000, 0x00000000e9700000| Untracked 
| 152|0x00000000e9800000, 0x00000000e9800000, 0x00000000e9900000|  0%| F|  |TAMS 0x00000000e9800000, 0x00000000e9800000| Untracked 
| 153|0x00000000e9900000, 0x00000000e9900000, 0x00000000e9a00000|  0%| F|  |TAMS 0x00000000e9900000, 0x00000000e9900000| Untracked 
| 154|0x00000000e9a00000, 0x00000000e9a00000, 0x00000000e9b00000|  0%| F|  |TAMS 0x00000000e9a00000, 0x00000000e9a00000| Untracked 
| 155|0x00000000e9b00000, 0x00000000e9b00000, 0x00000000e9c00000|  0%| F|  |TAMS 0x00000000e9b00000, 0x00000000e9b00000| Untracked 
| 156|0x00000000e9c00000, 0x00000000e9c00000, 0x00000000e9d00000|  0%| F|  |TAMS 0x00000000e9c00000, 0x00000000e9c00000| Untracked 
| 157|0x00000000e9d00000, 0x00000000e9d00000, 0x00000000e9e00000|  0%| F|  |TAMS 0x00000000e9d00000, 0x00000000e9d00000| Untracked 
| 158|0x00000000e9e00000, 0x00000000e9e00000, 0x00000000e9f00000|  0%| F|  |TAMS 0x00000000e9e00000, 0x00000000e9e00000| Untracked 
| 159|0x00000000e9f00000, 0x00000000e9f00000, 0x00000000ea000000|  0%| F|  |TAMS 0x00000000e9f00000, 0x00000000e9f00000| Untracked 
| 160|0x00000000ea000000, 0x00000000ea000000, 0x00000000ea100000|  0%| F|  |TAMS 0x00000000ea000000, 0x00000000ea000000| Untracked 
| 161|0x00000000ea100000, 0x00000000ea100000, 0x00000000ea200000|  0%| F|  |TAMS 0x00000000ea100000, 0x00000000ea100000| Untracked 
| 162|0x00000000ea200000, 0x00000000ea200000, 0x00000000ea300000|  0%| F|  |TAMS 0x00000000ea200000, 0x00000000ea200000| Untracked 
| 163|0x00000000ea300000, 0x00000000ea300000, 0x00000000ea400000|  0%| F|  |TAMS 0x00000000ea300000, 0x00000000ea300000| Untracked 
| 164|0x00000000ea400000, 0x00000000ea400000, 0x00000000ea500000|  0%| F|  |TAMS 0x00000000ea400000, 0x00000000ea400000| Untracked 
| 165|0x00000000ea500000, 0x00000000ea500000, 0x00000000ea600000|  0%| F|  |TAMS 0x00000000ea500000, 0x00000000ea500000| Untracked 
| 166|0x00000000ea600000, 0x00000000ea600000, 0x00000000ea700000|  0%| F|  |TAMS 0x00000000ea600000, 0x00000000ea600000| Untracked 
| 167|0x00000000ea700000, 0x00000000ea700000, 0x00000000ea800000|  0%| F|  |TAMS 0x00000000ea700000, 0x00000000ea700000| Untracked 
| 168|0x00000000ea800000, 0x00000000ea800000, 0x00000000ea900000|  0%| F|  |TAMS 0x00000000ea800000, 0x00000000ea800000| Untracked 
| 169|0x00000000ea900000, 0x00000000eaa00000, 0x00000000eaa00000|100%| E|CS|TAMS 0x00000000ea900000, 0x00000000ea900000| Complete 
| 170|0x00000000eaa00000, 0x00000000eab00000, 0x00000000eab00000|100%| E|CS|TAMS 0x00000000eaa00000, 0x00000000eaa00000| Complete 
| 171|0x00000000eab00000, 0x00000000eac00000, 0x00000000eac00000|100%| E|CS|TAMS 0x00000000eab00000, 0x00000000eab00000| Complete 
| 172|0x00000000eac00000, 0x00000000ead00000, 0x00000000ead00000|100%| E|CS|TAMS 0x00000000eac00000, 0x00000000eac00000| Complete 
| 173|0x00000000ead00000, 0x00000000eae00000, 0x00000000eae00000|100%| E|CS|TAMS 0x00000000ead00000, 0x00000000ead00000| Complete 
| 174|0x00000000eae00000, 0x00000000eaf00000, 0x00000000eaf00000|100%| E|CS|TAMS 0x00000000eae00000, 0x00000000eae00000| Complete 
| 175|0x00000000eaf00000, 0x00000000eb000000, 0x00000000eb000000|100%| E|CS|TAMS 0x00000000eaf00000, 0x00000000eaf00000| Complete 
| 176|0x00000000eb000000, 0x00000000eb100000, 0x00000000eb100000|100%| E|CS|TAMS 0x00000000eb000000, 0x00000000eb000000| Complete 
| 177|0x00000000eb100000, 0x00000000eb200000, 0x00000000eb200000|100%| E|CS|TAMS 0x00000000eb100000, 0x00000000eb100000| Complete 
| 178|0x00000000eb200000, 0x00000000eb300000, 0x00000000eb300000|100%| E|CS|TAMS 0x00000000eb200000, 0x00000000eb200000| Complete 
| 179|0x00000000eb300000, 0x00000000eb400000, 0x00000000eb400000|100%| E|CS|TAMS 0x00000000eb300000, 0x00000000eb300000| Complete 
| 180|0x00000000eb400000, 0x00000000eb500000, 0x00000000eb500000|100%| E|CS|TAMS 0x00000000eb400000, 0x00000000eb400000| Complete 
| 181|0x00000000eb500000, 0x00000000eb600000, 0x00000000eb600000|100%| E|CS|TAMS 0x00000000eb500000, 0x00000000eb500000| Complete 
| 182|0x00000000eb600000, 0x00000000eb700000, 0x00000000eb700000|100%| E|CS|TAMS 0x00000000eb600000, 0x00000000eb600000| Complete 
| 183|0x00000000eb700000, 0x00000000eb800000, 0x00000000eb800000|100%| E|CS|TAMS 0x00000000eb700000, 0x00000000eb700000| Complete 
| 184|0x00000000eb800000, 0x00000000eb900000, 0x00000000eb900000|100%| E|CS|TAMS 0x00000000eb800000, 0x00000000eb800000| Complete 
| 185|0x00000000eb900000, 0x00000000eba00000, 0x00000000eba00000|100%| E|CS|TAMS 0x00000000eb900000, 0x00000000eb900000| Complete 
| 186|0x00000000eba00000, 0x00000000ebb00000, 0x00000000ebb00000|100%| E|CS|TAMS 0x00000000eba00000, 0x00000000eba00000| Complete 
| 187|0x00000000ebb00000, 0x00000000ebc00000, 0x00000000ebc00000|100%| E|CS|TAMS 0x00000000ebb00000, 0x00000000ebb00000| Complete 
| 188|0x00000000ebc00000, 0x00000000ebd00000, 0x00000000ebd00000|100%| E|CS|TAMS 0x00000000ebc00000, 0x00000000ebc00000| Complete 
| 189|0x00000000ebd00000, 0x00000000ebe00000, 0x00000000ebe00000|100%| E|CS|TAMS 0x00000000ebd00000, 0x00000000ebd00000| Complete 
| 190|0x00000000ebe00000, 0x00000000ebf00000, 0x00000000ebf00000|100%| E|CS|TAMS 0x00000000ebe00000, 0x00000000ebe00000| Complete 
| 191|0x00000000ebf00000, 0x00000000ec000000, 0x00000000ec000000|100%| E|CS|TAMS 0x00000000ebf00000, 0x00000000ebf00000| Complete 
| 192|0x00000000ec000000, 0x00000000ec100000, 0x00000000ec100000|100%| E|CS|TAMS 0x00000000ec000000, 0x00000000ec000000| Complete 
| 193|0x00000000ec100000, 0x00000000ec200000, 0x00000000ec200000|100%| E|CS|TAMS 0x00000000ec100000, 0x00000000ec100000| Complete 
| 194|0x00000000ec200000, 0x00000000ec300000, 0x00000000ec300000|100%| E|CS|TAMS 0x00000000ec200000, 0x00000000ec200000| Complete 
| 195|0x00000000ec300000, 0x00000000ec400000, 0x00000000ec400000|100%| E|CS|TAMS 0x00000000ec300000, 0x00000000ec300000| Complete 
| 196|0x00000000ec400000, 0x00000000ec500000, 0x00000000ec500000|100%| E|CS|TAMS 0x00000000ec400000, 0x00000000ec400000| Complete 
| 197|0x00000000ec500000, 0x00000000ec600000, 0x00000000ec600000|100%| E|CS|TAMS 0x00000000ec500000, 0x00000000ec500000| Complete 
| 198|0x00000000ec600000, 0x00000000ec700000, 0x00000000ec700000|100%| E|CS|TAMS 0x00000000ec600000, 0x00000000ec600000| Complete 
| 199|0x00000000ec700000, 0x00000000ec800000, 0x00000000ec800000|100%| E|CS|TAMS 0x00000000ec700000, 0x00000000ec700000| Complete 
| 200|0x00000000ec800000, 0x00000000ec900000, 0x00000000ec900000|100%| E|CS|TAMS 0x00000000ec800000, 0x00000000ec800000| Complete 
| 201|0x00000000ec900000, 0x00000000eca00000, 0x00000000eca00000|100%| E|CS|TAMS 0x00000000ec900000, 0x00000000ec900000| Complete 
| 202|0x00000000eca00000, 0x00000000ecb00000, 0x00000000ecb00000|100%| E|CS|TAMS 0x00000000eca00000, 0x00000000eca00000| Complete 
| 203|0x00000000ecb00000, 0x00000000ecc00000, 0x00000000ecc00000|100%| E|CS|TAMS 0x00000000ecb00000, 0x00000000ecb00000| Complete 
| 204|0x00000000ecc00000, 0x00000000ecd00000, 0x00000000ecd00000|100%| E|CS|TAMS 0x00000000ecc00000, 0x00000000ecc00000| Complete 
| 205|0x00000000ecd00000, 0x00000000ece00000, 0x00000000ece00000|100%| E|CS|TAMS 0x00000000ecd00000, 0x00000000ecd00000| Complete 
| 206|0x00000000ece00000, 0x00000000ecf00000, 0x00000000ecf00000|100%| E|CS|TAMS 0x00000000ece00000, 0x00000000ece00000| Complete 
| 207|0x00000000ecf00000, 0x00000000ed000000, 0x00000000ed000000|100%| E|CS|TAMS 0x00000000ecf00000, 0x00000000ecf00000| Complete 
| 208|0x00000000ed000000, 0x00000000ed100000, 0x00000000ed100000|100%| E|CS|TAMS 0x00000000ed000000, 0x00000000ed000000| Complete 
| 209|0x00000000ed100000, 0x00000000ed200000, 0x00000000ed200000|100%| E|CS|TAMS 0x00000000ed100000, 0x00000000ed100000| Complete 
| 210|0x00000000ed200000, 0x00000000ed300000, 0x00000000ed300000|100%| E|CS|TAMS 0x00000000ed200000, 0x00000000ed200000| Complete 
| 211|0x00000000ed300000, 0x00000000ed400000, 0x00000000ed400000|100%| E|CS|TAMS 0x00000000ed300000, 0x00000000ed300000| Complete 
| 212|0x00000000ed400000, 0x00000000ed500000, 0x00000000ed500000|100%| E|CS|TAMS 0x00000000ed400000, 0x00000000ed400000| Complete 
| 213|0x00000000ed500000, 0x00000000ed600000, 0x00000000ed600000|100%| E|CS|TAMS 0x00000000ed500000, 0x00000000ed500000| Complete 
| 214|0x00000000ed600000, 0x00000000ed700000, 0x00000000ed700000|100%| E|CS|TAMS 0x00000000ed600000, 0x00000000ed600000| Complete 
| 215|0x00000000ed700000, 0x00000000ed800000, 0x00000000ed800000|100%| E|CS|TAMS 0x00000000ed700000, 0x00000000ed700000| Complete 
| 216|0x00000000ed800000, 0x00000000ed900000, 0x00000000ed900000|100%| E|CS|TAMS 0x00000000ed800000, 0x00000000ed800000| Complete 
| 217|0x00000000ed900000, 0x00000000eda00000, 0x00000000eda00000|100%| E|CS|TAMS 0x00000000ed900000, 0x00000000ed900000| Complete 
| 218|0x00000000eda00000, 0x00000000edb00000, 0x00000000edb00000|100%| E|CS|TAMS 0x00000000eda00000, 0x00000000eda00000| Complete 
| 219|0x00000000edb00000, 0x00000000edc00000, 0x00000000edc00000|100%| E|CS|TAMS 0x00000000edb00000, 0x00000000edb00000| Complete 
| 220|0x00000000edc00000, 0x00000000edd00000, 0x00000000edd00000|100%| E|CS|TAMS 0x00000000edc00000, 0x00000000edc00000| Complete 
| 221|0x00000000edd00000, 0x00000000ede00000, 0x00000000ede00000|100%| E|CS|TAMS 0x00000000edd00000, 0x00000000edd00000| Complete 
| 222|0x00000000ede00000, 0x00000000edf00000, 0x00000000edf00000|100%| E|CS|TAMS 0x00000000ede00000, 0x00000000ede00000| Complete 
| 223|0x00000000edf00000, 0x00000000ee000000, 0x00000000ee000000|100%| E|CS|TAMS 0x00000000edf00000, 0x00000000edf00000| Complete 
| 224|0x00000000ee000000, 0x00000000ee100000, 0x00000000ee100000|100%| E|CS|TAMS 0x00000000ee000000, 0x00000000ee000000| Complete 
| 225|0x00000000ee100000, 0x00000000ee200000, 0x00000000ee200000|100%| E|CS|TAMS 0x00000000ee100000, 0x00000000ee100000| Complete 
| 226|0x00000000ee200000, 0x00000000ee300000, 0x00000000ee300000|100%| E|CS|TAMS 0x00000000ee200000, 0x00000000ee200000| Complete 
| 227|0x00000000ee300000, 0x00000000ee400000, 0x00000000ee400000|100%| E|CS|TAMS 0x00000000ee300000, 0x00000000ee300000| Complete 
| 228|0x00000000ee400000, 0x00000000ee500000, 0x00000000ee500000|100%| E|CS|TAMS 0x00000000ee400000, 0x00000000ee400000| Complete 
| 229|0x00000000ee500000, 0x00000000ee600000, 0x00000000ee600000|100%| E|CS|TAMS 0x00000000ee500000, 0x00000000ee500000| Complete 
| 230|0x00000000ee600000, 0x00000000ee700000, 0x00000000ee700000|100%| E|CS|TAMS 0x00000000ee600000, 0x00000000ee600000| Complete 
| 231|0x00000000ee700000, 0x00000000ee800000, 0x00000000ee800000|100%| E|CS|TAMS 0x00000000ee700000, 0x00000000ee700000| Complete 
| 232|0x00000000ee800000, 0x00000000ee900000, 0x00000000ee900000|100%| E|CS|TAMS 0x00000000ee800000, 0x00000000ee800000| Complete 
| 233|0x00000000ee900000, 0x00000000eea00000, 0x00000000eea00000|100%| E|CS|TAMS 0x00000000ee900000, 0x00000000ee900000| Complete 
| 234|0x00000000eea00000, 0x00000000eeb00000, 0x00000000eeb00000|100%| E|CS|TAMS 0x00000000eea00000, 0x00000000eea00000| Complete 
| 235|0x00000000eeb00000, 0x00000000eec00000, 0x00000000eec00000|100%| E|CS|TAMS 0x00000000eeb00000, 0x00000000eeb00000| Complete 
| 236|0x00000000eec00000, 0x00000000eed00000, 0x00000000eed00000|100%| E|CS|TAMS 0x00000000eec00000, 0x00000000eec00000| Complete 
| 237|0x00000000eed00000, 0x00000000eee00000, 0x00000000eee00000|100%| E|CS|TAMS 0x00000000eed00000, 0x00000000eed00000| Complete 
| 238|0x00000000eee00000, 0x00000000eef00000, 0x00000000eef00000|100%| E|CS|TAMS 0x00000000eee00000, 0x00000000eee00000| Complete 
| 239|0x00000000eef00000, 0x00000000ef000000, 0x00000000ef000000|100%| E|CS|TAMS 0x00000000eef00000, 0x00000000eef00000| Complete 
| 240|0x00000000ef000000, 0x00000000ef100000, 0x00000000ef100000|100%| E|CS|TAMS 0x00000000ef000000, 0x00000000ef000000| Complete 
| 241|0x00000000ef100000, 0x00000000ef200000, 0x00000000ef200000|100%| E|CS|TAMS 0x00000000ef100000, 0x00000000ef100000| Complete 
| 242|0x00000000ef200000, 0x00000000ef300000, 0x00000000ef300000|100%| E|CS|TAMS 0x00000000ef200000, 0x00000000ef200000| Complete 
| 243|0x00000000ef300000, 0x00000000ef400000, 0x00000000ef400000|100%| E|CS|TAMS 0x00000000ef300000, 0x00000000ef300000| Complete 
| 244|0x00000000ef400000, 0x00000000ef500000, 0x00000000ef500000|100%| E|CS|TAMS 0x00000000ef400000, 0x00000000ef400000| Complete 
| 245|0x00000000ef500000, 0x00000000ef600000, 0x00000000ef600000|100%| E|CS|TAMS 0x00000000ef500000, 0x00000000ef500000| Complete 
| 246|0x00000000ef600000, 0x00000000ef700000, 0x00000000ef700000|100%| E|CS|TAMS 0x00000000ef600000, 0x00000000ef600000| Complete 
| 247|0x00000000ef700000, 0x00000000ef800000, 0x00000000ef800000|100%| E|CS|TAMS 0x00000000ef700000, 0x00000000ef700000| Complete 
| 248|0x00000000ef800000, 0x00000000ef900000, 0x00000000ef900000|100%| E|CS|TAMS 0x00000000ef800000, 0x00000000ef800000| Complete 
| 249|0x00000000ef900000, 0x00000000efa00000, 0x00000000efa00000|100%| E|CS|TAMS 0x00000000ef900000, 0x00000000ef900000| Complete 
| 250|0x00000000efa00000, 0x00000000efb00000, 0x00000000efb00000|100%| E|CS|TAMS 0x00000000efa00000, 0x00000000efa00000| Complete 
| 251|0x00000000efb00000, 0x00000000efc00000, 0x00000000efc00000|100%| E|CS|TAMS 0x00000000efb00000, 0x00000000efb00000| Complete 
| 252|0x00000000efc00000, 0x00000000efd00000, 0x00000000efd00000|100%| E|CS|TAMS 0x00000000efc00000, 0x00000000efc00000| Complete 
| 253|0x00000000efd00000, 0x00000000efe00000, 0x00000000efe00000|100%| E|CS|TAMS 0x00000000efd00000, 0x00000000efd00000| Complete 
| 254|0x00000000efe00000, 0x00000000eff00000, 0x00000000eff00000|100%| E|CS|TAMS 0x00000000efe00000, 0x00000000efe00000| Complete 
| 255|0x00000000eff00000, 0x00000000f0000000, 0x00000000f0000000|100%| E|CS|TAMS 0x00000000eff00000, 0x00000000eff00000| Complete 

Card table byte_map: [0x000001d19da40000,0x000001d19db40000] _byte_map_base: 0x000001d19d340000

Marking Bits (Prev, Next): (CMBitMap*) 0x000001d186b3b100, (CMBitMap*) 0x000001d186b3b0c0
 Prev Bits: [0x000001d19e440000, 0x000001d19ec40000)
 Next Bits: [0x000001d19dc40000, 0x000001d19e440000)

Polling page: 0x000001d184a90000

Metaspace:

Usage:
  Non-class:     29.07 MB used.
      Class:      4.59 MB used.
       Both:     33.66 MB used.

Virtual space:
  Non-class space:       64.00 MB reserved,      29.25 MB ( 46%) committed,  1 nodes.
      Class space:      208.00 MB reserved,       4.81 MB (  2%) committed,  1 nodes.
             Both:      272.00 MB reserved,      34.06 MB ( 13%) committed. 

Chunk freelists:
   Non-Class:  2.20 MB
       Class:  11.25 MB
        Both:  13.44 MB

MaxMetaspaceSize: 256.00 MB
CompressedClassSpaceSize: 208.00 MB
Initial GC threshold: 21.00 MB
Current GC threshold: 35.13 MB
CDS: on
MetaspaceReclaimPolicy: balanced
 - commit_granule_bytes: 65536.
 - commit_granule_words: 8192.
 - virtual_space_node_default_size: 8388608.
 - enlarge_chunks_in_place: 1.
 - new_chunks_are_fully_committed: 0.
 - uncommit_free_chunks: 1.
 - use_allocation_guard: 0.
 - handle_deallocations: 1.


Internal statistics:

num_allocs_failed_limit: 3.
num_arena_births: 286.
num_arena_deaths: 0.
num_vsnodes_births: 2.
num_vsnodes_deaths: 0.
num_space_committed: 546.
num_space_uncommitted: 0.
num_chunks_returned_to_freelist: 3.
num_chunks_taken_from_freelist: 1517.
num_chunk_merges: 3.
num_chunk_splits: 1031.
num_chunks_enlarged: 741.
num_inconsistent_stats: 0.

CodeHeap 'non-profiled nmethods': size=120000Kb used=2263Kb max_used=2263Kb free=117736Kb
 bounds [0x000001d1960e0000, 0x000001d196350000, 0x000001d19d610000]
CodeHeap 'profiled nmethods': size=120000Kb used=8249Kb max_used=8249Kb free=111750Kb
 bounds [0x000001d18e610000, 0x000001d18ee20000, 0x000001d195b40000]
CodeHeap 'non-nmethods': size=5760Kb used=2286Kb max_used=2348Kb free=3473Kb
 bounds [0x000001d195b40000, 0x000001d195db0000, 0x000001d1960e0000]
 total_blobs=4741 nmethods=3948 adapters=705
 compilation: enabled
              stopped_count=0, restarted_count=0
 full_count=0

Compilation events (20 events):
Event: 8.601 Thread 0x000001d1a16c68a0 nmethod 3783 0x000001d18edb2f90 code [0x000001d18edb3280, 0x000001d18edb4828]
Event: 8.601 Thread 0x000001d1a16c68a0 3786       3       org.objectweb.asm.MethodWriter::putFrame (549 bytes)
Event: 8.605 Thread 0x000001d1a16c68a0 nmethod 3786 0x000001d18edb4e10 code [0x000001d18edb5260, 0x000001d18edb6d58]
Event: 8.605 Thread 0x000001d1a16c68a0 3779       3       com.google.common.reflect.TypeResolver$TypeMappingIntrospector::visitClass (24 bytes)
Event: 8.607 Thread 0x000001d1a16c68a0 nmethod 3779 0x000001d18edb7990 code [0x000001d18edb7c60, 0x000001d18edb8d48]
Event: 8.608 Thread 0x000001d1a16c68a0 3782       3       sun.reflect.generics.reflectiveObjects.ParameterizedTypeImpl::hashCode (24 bytes)
Event: 8.608 Thread 0x000001d1a16c68a0 nmethod 3782 0x000001d18edb9290 code [0x000001d18edb9460, 0x000001d18edb98a8]
Event: 8.609 Thread 0x000001d1a16c68a0 3787       3       com.google.common.collect.AbstractMapBasedMultimap$WrappedCollection::refreshIfEmpty (78 bytes)
Event: 8.609 Thread 0x000001d1a16c68a0 nmethod 3787 0x000001d18edb9a10 code [0x000001d18edb9c00, 0x000001d18edba378]
Event: 8.609 Thread 0x000001d1a16c68a0 3781       3       com.google.common.base.Preconditions::checkArgument (25 bytes)
Event: 8.610 Thread 0x000001d1a16c68a0 nmethod 3781 0x000001d18edba590 code [0x000001d18edba760, 0x000001d18edbab98]
Event: 8.614 Thread 0x000001d1a16c68a0 3788       3       jdk.internal.org.objectweb.asm.MethodVisitor::visitMaxs (17 bytes)
Event: 8.615 Thread 0x000001d1a16c68a0 nmethod 3788 0x000001d18edbad10 code [0x000001d18edbaec0, 0x000001d18edbb0c8]
Event: 8.615 Thread 0x000001d1a16c68a0 3789       3       jdk.internal.org.objectweb.asm.MethodVisitor::visitEnd (15 bytes)
Event: 8.615 Thread 0x000001d1a16c68a0 nmethod 3789 0x000001d18edbb190 code [0x000001d18edbb340, 0x000001d18edbb548]
Event: 8.615 Thread 0x000001d1a16c68a0 3790       3       java.lang.invoke.MemberName::equals (69 bytes)
Event: 8.616 Thread 0x000001d1a16c68a0 nmethod 3790 0x000001d18edbb610 code [0x000001d18edbb8a0, 0x000001d18edbc5d8]
Event: 8.616 Thread 0x000001d1a16c68a0 3791       3       java.lang.invoke.MethodHandle::asTypeUncached (59 bytes)
Event: 8.617 Thread 0x000001d1a16c68a0 nmethod 3791 0x000001d18edbc910 code [0x000001d18edbcbe0, 0x000001d18edbd758]
Event: 8.617 Thread 0x000001d1a16c68a0 3793       3       java.lang.invoke.InnerClassLambdaMetafactory$ForwardingMethodGenerator::convertArgumentTypes (96 bytes)

GC Heap History (6 events):
Event: 1.266 GC heap before
{Heap before GC invocations=0 (full 0):
 garbage-first heap   total 262144K, used 28672K [0x00000000e0000000, 0x0000000100000000)
  region size 1024K, 23 young (23552K), 0 survivors (0K)
 Metaspace       used 3013K, committed 3200K, reserved 278528K
  class space    used 381K, committed 448K, reserved 212992K
}
Event: 1.272 GC heap after
{Heap after GC invocations=1 (full 0):
 garbage-first heap   total 262144K, used 9404K [0x00000000e0000000, 0x0000000100000000)
  region size 1024K, 3 young (3072K), 3 survivors (3072K)
 Metaspace       used 3013K, committed 3200K, reserved 278528K
  class space    used 381K, committed 448K, reserved 212992K
}
Event: 2.201 GC heap before
{Heap before GC invocations=1 (full 0):
 garbage-first heap   total 262144K, used 39100K [0x00000000e0000000, 0x0000000100000000)
  region size 1024K, 31 young (31744K), 3 survivors (3072K)
 Metaspace       used 3936K, committed 4160K, reserved 278528K
  class space    used 476K, committed 576K, reserved 212992K
}
Event: 2.206 GC heap after
{Heap after GC invocations=2 (full 0):
 garbage-first heap   total 262144K, used 13039K [0x00000000e0000000, 0x0000000100000000)
  region size 1024K, 4 young (4096K), 4 survivors (4096K)
 Metaspace       used 3936K, committed 4160K, reserved 278528K
  class space    used 476K, committed 576K, reserved 212992K
}
Event: 6.701 GC heap before
{Heap before GC invocations=2 (full 0):
 garbage-first heap   total 262144K, used 117487K [0x00000000e0000000, 0x0000000100000000)
  region size 1024K, 107 young (109568K), 4 survivors (4096K)
 Metaspace       used 21220K, committed 21504K, reserved 278528K
  class space    used 3172K, committed 3328K, reserved 212992K
}
Event: 6.712 GC heap after
{Heap after GC invocations=3 (full 0):
 garbage-first heap   total 262144K, used 20703K [0x00000000e0000000, 0x0000000100000000)
  region size 1024K, 12 young (12288K), 12 survivors (12288K)
 Metaspace       used 21220K, committed 21504K, reserved 278528K
  class space    used 3172K, committed 3328K, reserved 212992K
}

Dll operation events (12 events):
Event: 0.017 Loaded shared library C:\Users\Leanne Sriram\.jdks\corretto-17.0.7\bin\java.dll
Event: 0.039 Loaded shared library C:\Users\Leanne Sriram\.jdks\corretto-17.0.7\bin\jsvml.dll
Event: 0.137 Loaded shared library C:\Users\Leanne Sriram\.jdks\corretto-17.0.7\bin\net.dll
Event: 0.142 Loaded shared library C:\Users\Leanne Sriram\.jdks\corretto-17.0.7\bin\nio.dll
Event: 0.153 Loaded shared library C:\Users\Leanne Sriram\.jdks\corretto-17.0.7\bin\zip.dll
Event: 0.627 Loaded shared library C:\Users\Leanne Sriram\.jdks\corretto-17.0.7\bin\jimage.dll
Event: 0.735 Loaded shared library C:\Users\Leanne Sriram\.jdks\corretto-17.0.7\bin\verify.dll
Event: 1.006 Loaded shared library C:\Users\Leanne Sriram\.gradle\native\e1d6ef7f7dcc3fd88c89a11ec53ec762bb8ba0a96d01ffa2cd45eb1d1d8dd5c5\windows-amd64\native-platform.dll
Event: 1.017 Loaded shared library C:\Users\Leanne Sriram\.gradle\native\0d407fdbe67a94daf76414ababcb853783967236a71b16ec16e742cd7a986fd3\windows-amd64\native-platform-file-events.dll
Event: 2.601 Loaded shared library C:\Users\Leanne Sriram\.jdks\corretto-17.0.7\bin\management.dll
Event: 2.608 Loaded shared library C:\Users\Leanne Sriram\.jdks\corretto-17.0.7\bin\management_ext.dll
Event: 3.826 Loaded shared library C:\Users\Leanne Sriram\.jdks\corretto-17.0.7\bin\sunmscapi.dll

Deoptimization events (20 events):
Event: 8.107 Thread 0x000001d1a66959d0 DEOPT PACKING pc=0x000001d1962b3f90 sp=0x000000472a3f8fe0
Event: 8.107 Thread 0x000001d1a66959d0 DEOPT UNPACKING pc=0x000001d195b969a3 sp=0x000000472a3f8ea8 mode 2
Event: 8.107 Thread 0x000001d1a66959d0 Uncommon trap: trap_request=0xffffffde fr.pc=0x000001d19629f570 relative=0x0000000000000490
Event: 8.107 Thread 0x000001d1a66959d0 Uncommon trap: reason=class_check action=maybe_recompile pc=0x000001d19629f570 method=java.util.regex.Pattern$Start.match(Ljava/util/regex/Matcher;ILjava/lang/CharSequence;)Z @ 44 c2
Event: 8.107 Thread 0x000001d1a66959d0 DEOPT PACKING pc=0x000001d19629f570 sp=0x000000472a3f8f70
Event: 8.107 Thread 0x000001d1a66959d0 DEOPT UNPACKING pc=0x000001d195b969a3 sp=0x000000472a3f8eb0 mode 2
Event: 8.189 Thread 0x000001d1a66959d0 Uncommon trap: trap_request=0xffffffde fr.pc=0x000001d1962ce9c4 relative=0x00000000000015c4
Event: 8.189 Thread 0x000001d1a66959d0 Uncommon trap: reason=class_check action=maybe_recompile pc=0x000001d1962ce9c4 method=org.codehaus.groovy.reflection.ParameterTypes.getParametersTypes0()V @ 16 c2
Event: 8.189 Thread 0x000001d1a66959d0 DEOPT PACKING pc=0x000001d1962ce9c4 sp=0x000000472a3fa240
Event: 8.189 Thread 0x000001d1a66959d0 DEOPT UNPACKING pc=0x000001d195b969a3 sp=0x000000472a3fa208 mode 2
Event: 8.373 Thread 0x000001d1a66959d0 DEOPT PACKING pc=0x000001d18e9d36dc sp=0x000000472a3f96e0
Event: 8.373 Thread 0x000001d1a66959d0 DEOPT UNPACKING pc=0x000001d195b97143 sp=0x000000472a3f8c60 mode 0
Event: 8.439 Thread 0x000001d1a66959d0 Uncommon trap: trap_request=0xffffff45 fr.pc=0x000001d19626cdb8 relative=0x0000000000000118
Event: 8.439 Thread 0x000001d1a66959d0 Uncommon trap: reason=unstable_if action=reinterpret pc=0x000001d19626cdb8 method=java.util.Arrays.hashCode([Ljava/lang/Object;)I @ 34 c2
Event: 8.439 Thread 0x000001d1a66959d0 DEOPT PACKING pc=0x000001d19626cdb8 sp=0x000000472a3fb010
Event: 8.439 Thread 0x000001d1a66959d0 DEOPT UNPACKING pc=0x000001d195b969a3 sp=0x000000472a3faf88 mode 2
Event: 8.468 Thread 0x000001d1a66959d0 Uncommon trap: trap_request=0xffffffde fr.pc=0x000001d1962cb798 relative=0x00000000000034d8
Event: 8.468 Thread 0x000001d1a66959d0 Uncommon trap: reason=class_check action=maybe_recompile pc=0x000001d1962cb798 method=java.util.regex.Pattern$CharProperty.study(Ljava/util/regex/Pattern$TreeInfo;)Z @ 25 c2
Event: 8.468 Thread 0x000001d1a66959d0 DEOPT PACKING pc=0x000001d1962cb798 sp=0x000000472a3f9ef0
Event: 8.468 Thread 0x000001d1a66959d0 DEOPT UNPACKING pc=0x000001d195b969a3 sp=0x000000472a3f9de8 mode 2

Classes unloaded (0 events):
No events

Classes redefined (0 events):
No events

Internal exceptions (20 events):
Event: 8.231 Thread 0x000001d1a66959d0 Exception <a 'java/lang/ClassNotFoundException'{0x00000000ec360a00}: GradleSpringBootApp_main___v19d9ksqguo769q8rox59s17Customizer> (0x00000000ec360a00) 
thrown [s\src\hotspot\share\classfile\systemDictionary.cpp, line 256]
Event: 8.237 Thread 0x000001d1a66959d0 Exception <a 'java/lang/ClassNotFoundException'{0x00000000ec3a7778}: groovy/lang/ReferenceBeanInfo> (0x00000000ec3a7778) 
thrown [s\src\hotspot\share\classfile\systemDictionary.cpp, line 256]
Event: 8.238 Thread 0x000001d1a66959d0 Exception <a 'java/lang/ClassNotFoundException'{0x00000000ec3c9aa8}: groovy/lang/ReferenceCustomizer> (0x00000000ec3c9aa8) 
thrown [s\src\hotspot\share\classfile\systemDictionary.cpp, line 256]
Event: 8.309 Thread 0x000001d1a66959d0 Exception <a 'java/lang/ClassNotFoundException'{0x00000000ec1b4d28}: ijtestinit_9594hxqfcvok6j9e9dythg3tcBeanInfo> (0x00000000ec1b4d28) 
thrown [s\src\hotspot\share\classfile\systemDictionary.cpp, line 256]
Event: 8.310 Thread 0x000001d1a66959d0 Exception <a 'java/lang/ClassNotFoundException'{0x00000000ec1ba878}: ijtestinit_9594hxqfcvok6j9e9dythg3tcCustomizer> (0x00000000ec1ba878) 
thrown [s\src\hotspot\share\classfile\systemDictionary.cpp, line 256]
Event: 8.335 Thread 0x000001d1a66959d0 Exception <a 'java/lang/ClassNotFoundException'{0x00000000ec09b178}: org/gradle/configuration/internal/DefaultListenerBuildOperationDecorator$BuildOperationEmittingClosureBeanInfo> (0x00000000ec09b178) 
thrown [s\src\hotspot\share\classfile\systemDictionary.cpp, line 256]
Event: 8.336 Thread 0x000001d1a66959d0 Exception <a 'java/lang/ClassNotFoundException'{0x00000000ec0a9f10}: org/gradle/configuration/internal/DefaultListenerBuildOperationDecorator$BuildOperationEmittingClosureCustomizer> (0x00000000ec0a9f10) 
thrown [s\src\hotspot\share\classfile\systemDictionary.cpp, line 256]
Event: 8.382 Thread 0x000001d1a66959d0 Exception <a 'java/lang/ClassNotFoundException'{0x00000000ebe5b3b8}: settings_7twc8vklq0x88tzn9oa3yk946BeanInfo> (0x00000000ebe5b3b8) 
thrown [s\src\hotspot\share\classfile\systemDictionary.cpp, line 256]
Event: 8.384 Thread 0x000001d1a66959d0 Exception <a 'java/lang/ClassNotFoundException'{0x00000000ebe65680}: org/gradle/initialization/SettingsScriptBeanInfo> (0x00000000ebe65680) 
thrown [s\src\hotspot\share\classfile\systemDictionary.cpp, line 256]
Event: 8.386 Thread 0x000001d1a66959d0 Exception <a 'java/lang/ClassNotFoundException'{0x00000000ebe6fd30}: org/gradle/plugin/use/internal/PluginsAwareScriptBeanInfo> (0x00000000ebe6fd30) 
thrown [s\src\hotspot\share\classfile\systemDictionary.cpp, line 256]
Event: 8.387 Thread 0x000001d1a66959d0 Exception <a 'java/lang/ClassNotFoundException'{0x00000000ebe7a3d8}: org/gradle/plugin/use/internal/PluginsAwareScriptCustomizer> (0x00000000ebe7a3d8) 
thrown [s\src\hotspot\share\classfile\systemDictionary.cpp, line 256]
Event: 8.388 Thread 0x000001d1a66959d0 Exception <a 'java/lang/ClassNotFoundException'{0x00000000ebe8cc60}: org/gradle/initialization/SettingsScriptCustomizer> (0x00000000ebe8cc60) 
thrown [s\src\hotspot\share\classfile\systemDictionary.cpp, line 256]
Event: 8.389 Thread 0x000001d1a66959d0 Exception <a 'java/lang/ClassNotFoundException'{0x00000000ebe99db8}: settings_7twc8vklq0x88tzn9oa3yk946Customizer> (0x00000000ebe99db8) 
thrown [s\src\hotspot\share\classfile\systemDictionary.cpp, line 256]
Event: 8.395 Thread 0x000001d1a66959d0 Exception <a 'java/lang/ClassNotFoundException'{0x00000000ebd015c8}: org/gradle/initialization/DefaultSettings_DecoratedBeanInfo> (0x00000000ebd015c8) 
thrown [s\src\hotspot\share\classfile\systemDictionary.cpp, line 256]
Event: 8.396 Thread 0x000001d1a66959d0 Exception <a 'java/lang/ClassNotFoundException'{0x00000000ebd0fdf0}: org/gradle/initialization/DefaultSettingsBeanInfo> (0x00000000ebd0fdf0) 
thrown [s\src\hotspot\share\classfile\systemDictionary.cpp, line 256]
Event: 8.396 Thread 0x000001d1a66959d0 Exception <a 'java/lang/ClassNotFoundException'{0x00000000ebd1e4a0}: org/gradle/initialization/DefaultSettingsCustomizer> (0x00000000ebd1e4a0) 
thrown [s\src\hotspot\share\classfile\systemDictionary.cpp, line 256]
Event: 8.399 Thread 0x000001d1a66959d0 Exception <a 'java/lang/ClassNotFoundException'{0x00000000ebd5bf98}: org/gradle/initialization/DefaultSettings_DecoratedCustomizer> (0x00000000ebd5bf98) 
thrown [s\src\hotspot\share\classfile\systemDictionary.cpp, line 256]
Event: 8.406 Thread 0x000001d1a66959d0 Exception <a 'java/lang/ClassNotFoundException'{0x00000000ebdc7fd0}: org/gradle/initialization/DefaultProjectDescriptorBeanInfo> (0x00000000ebdc7fd0) 
thrown [s\src\hotspot\share\classfile\systemDictionary.cpp, line 256]
Event: 8.406 Thread 0x000001d1a66959d0 Exception <a 'java/lang/ClassNotFoundException'{0x00000000ebdd63c0}: org/gradle/initialization/DefaultProjectDescriptorCustomizer> (0x00000000ebdd63c0) 
thrown [s\src\hotspot\share\classfile\systemDictionary.cpp, line 256]
Event: 8.439 Thread 0x000001d1a66959d0 Implicit null exception at 0x000001d19626ccec to 0x000001d19626cd9c

VM Operations (20 events):
Event: 7.428 Executing VM operation: HandshakeAllThreads
Event: 7.428 Executing VM operation: HandshakeAllThreads done
Event: 7.501 Executing VM operation: HandshakeAllThreads
Event: 7.501 Executing VM operation: HandshakeAllThreads done
Event: 7.648 Executing VM operation: HandshakeAllThreads
Event: 7.648 Executing VM operation: HandshakeAllThreads done
Event: 7.648 Executing VM operation: HandshakeAllThreads
Event: 7.648 Executing VM operation: HandshakeAllThreads done
Event: 7.654 Executing VM operation: HandshakeAllThreads
Event: 7.654 Executing VM operation: HandshakeAllThreads done
Event: 7.659 Executing VM operation: HandshakeAllThreads
Event: 7.659 Executing VM operation: HandshakeAllThreads done
Event: 7.663 Executing VM operation: ICBufferFull
Event: 7.664 Executing VM operation: ICBufferFull done
Event: 7.783 Executing VM operation: HandshakeAllThreads
Event: 7.783 Executing VM operation: HandshakeAllThreads done
Event: 7.997 Executing VM operation: ICBufferFull
Event: 7.997 Executing VM operation: ICBufferFull done
Event: 8.557 Executing VM operation: HandshakeAllThreads
Event: 8.557 Executing VM operation: HandshakeAllThreads done

Events (20 events):
Event: 8.110 loading class com/sun/beans/finder/AbstractFinder
Event: 8.110 loading class com/sun/beans/finder/AbstractFinder done
Event: 8.110 loading class com/sun/beans/finder/MethodFinder done
Event: 8.110 loading class com/sun/beans/finder/MethodFinder$1
Event: 8.110 loading class com/sun/beans/finder/MethodFinder$1 done
Event: 8.110 loading class com/sun/beans/finder/FinderUtils
Event: 8.110 loading class com/sun/beans/finder/FinderUtils done
Event: 8.134 Thread 0x000001d1a9ad7140 Thread added: 0x000001d1a9ad7140
Event: 8.156 Thread 0x000001d1a9ad67a0 Thread added: 0x000001d1a9ad67a0
Event: 8.211 Thread 0x000001d1a9ad8480 Thread added: 0x000001d1a9ad8480
Event: 8.220 Thread 0x000001d1a9ad8e20 Thread added: 0x000001d1a9ad8e20
Event: 8.293 Thread 0x000001d1a9ad1f70 Thread added: 0x000001d1a9ad1f70
Event: 8.301 Thread 0x000001d1a9ad1aa0 Thread added: 0x000001d1a9ad1aa0
Event: 8.413 loading class jdk/internal/math/FDBigInteger
Event: 8.413 loading class jdk/internal/math/FDBigInteger done
Event: 8.460 Thread 0x000001d1a9ad5460 Thread added: 0x000001d1a9ad5460
Event: 8.535 loading class java/nio/file/AtomicMoveNotSupportedException
Event: 8.535 loading class java/nio/file/AtomicMoveNotSupportedException done
Event: 8.557 loading class java/io/FileWriter
Event: 8.557 loading class java/io/FileWriter done


Dynamic libraries:
0x00007ff71e1d0000 - 0x00007ff71e1dd000 	C:\Users\Leanne Sriram\.jdks\corretto-17.0.7\bin\java.exe
0x00007ff81af60000 - 0x00007ff81b169000 	C:\WINDOWS\SYSTEM32\ntdll.dll
0x00007ff819f00000 - 0x00007ff819fbe000 	C:\WINDOWS\System32\KERNEL32.DLL
0x00007ff8185a0000 - 0x00007ff818923000 	C:\WINDOWS\System32\KERNELBASE.dll
0x00007ff818480000 - 0x00007ff818591000 	C:\WINDOWS\System32\ucrtbase.dll
0x00007ffffe8b0000 - 0x00007ffffe8c7000 	C:\Users\Leanne Sriram\.jdks\corretto-17.0.7\bin\jli.dll
0x00007ff81a500000 - 0x00007ff81a6ad000 	C:\WINDOWS\System32\USER32.dll
0x00007ff818aa0000 - 0x00007ff818ac6000 	C:\WINDOWS\System32\win32u.dll
0x00007ff81aef0000 - 0x00007ff81af19000 	C:\WINDOWS\System32\GDI32.dll
0x00007ff818ad0000 - 0x00007ff818bea000 	C:\WINDOWS\System32\gdi32full.dll
0x00007ff818d30000 - 0x00007ff818dcd000 	C:\WINDOWS\System32\msvcp_win.dll
0x00007ffffcf60000 - 0x00007ffffcf75000 	C:\Users\Leanne Sriram\.jdks\corretto-17.0.7\bin\VCRUNTIME140.dll
0x00007ff808cf0000 - 0x00007ff808f95000 	C:\WINDOWS\WinSxS\amd64_microsoft.windows.common-controls_6595b64144ccf1df_6.0.22000.120_none_9d947278b86cc467\COMCTL32.dll
0x00007ff819220000 - 0x00007ff8192c3000 	C:\WINDOWS\System32\msvcrt.dll
0x00007ff819ec0000 - 0x00007ff819ef1000 	C:\WINDOWS\System32\IMM32.DLL
0x00007ff819c00000 - 0x00007ff819d21000 	C:\WINDOWS\System32\RPCRT4.dll
0x00007ff8176e0000 - 0x00007ff817722000 	C:\WINDOWS\SYSTEM32\SspiCli.dll
0x00007ffff5f60000 - 0x00007ffff5ffb000 	C:\Users\Leanne Sriram\.jdks\corretto-17.0.7\bin\msvcp140.dll
0x00007fffc8110000 - 0x00007fffc8d2a000 	C:\Users\Leanne Sriram\.jdks\corretto-17.0.7\bin\server\jvm.dll
0x00007ff81a450000 - 0x00007ff81a4fe000 	C:\WINDOWS\System32\ADVAPI32.dll
0x00007ff819d30000 - 0x00007ff819dce000 	C:\WINDOWS\System32\sechost.dll
0x00007ff814a70000 - 0x00007ff814a79000 	C:\WINDOWS\SYSTEM32\WSOCK32.dll
0x00007ff81a3e0000 - 0x00007ff81a44f000 	C:\WINDOWS\System32\WS2_32.dll
0x00007ff812ab0000 - 0x00007ff812ae3000 	C:\WINDOWS\SYSTEM32\WINMM.dll
0x00007ff8102a0000 - 0x00007ff8102aa000 	C:\WINDOWS\SYSTEM32\VERSION.dll
0x00007ff817450000 - 0x00007ff817468000 	C:\WINDOWS\SYSTEM32\kernel.appcore.dll
0x00007ff807f30000 - 0x00007ff807f3a000 	C:\Users\Leanne Sriram\.jdks\corretto-17.0.7\bin\jimage.dll
0x00007ff800670000 - 0x00007ff800891000 	C:\WINDOWS\SYSTEM32\DBGHELP.DLL
0x00007ff8016a0000 - 0x00007ff8016d1000 	C:\WINDOWS\SYSTEM32\dbgcore.DLL
0x00007ff818bf0000 - 0x00007ff818c6f000 	C:\WINDOWS\System32\bcryptPrimitives.dll
0x00007ffffcd00000 - 0x00007ffffcd25000 	C:\Users\Leanne Sriram\.jdks\corretto-17.0.7\bin\java.dll
0x00007ffff1fe0000 - 0x00007ffff20b6000 	C:\Users\Leanne Sriram\.jdks\corretto-17.0.7\bin\jsvml.dll
0x00007ff81a720000 - 0x00007ff81aee5000 	C:\WINDOWS\System32\SHELL32.dll
0x00007ff8164b0000 - 0x00007ff816d14000 	C:\WINDOWS\SYSTEM32\windows.storage.dll
0x00007ff8197d0000 - 0x00007ff819b46000 	C:\WINDOWS\System32\combase.dll
0x00007ff816340000 - 0x00007ff8164a7000 	C:\WINDOWS\SYSTEM32\wintypes.dll
0x00007ff818f30000 - 0x00007ff81901a000 	C:\WINDOWS\System32\SHCORE.dll
0x00007ff81a380000 - 0x00007ff81a3dd000 	C:\WINDOWS\System32\shlwapi.dll
0x00007ff818340000 - 0x00007ff818361000 	C:\WINDOWS\SYSTEM32\profapi.dll
0x00007ffffcdc0000 - 0x00007ffffcdd9000 	C:\Users\Leanne Sriram\.jdks\corretto-17.0.7\bin\net.dll
0x00007ff8131f0000 - 0x00007ff813302000 	C:\WINDOWS\SYSTEM32\WINHTTP.dll
0x00007ff8178e0000 - 0x00007ff817947000 	C:\WINDOWS\system32\mswsock.dll
0x00007ffffcb20000 - 0x00007ffffcb35000 	C:\Users\Leanne Sriram\.jdks\corretto-17.0.7\bin\nio.dll
0x00007ffffc950000 - 0x00007ffffc968000 	C:\Users\Leanne Sriram\.jdks\corretto-17.0.7\bin\zip.dll
0x00007ff802010000 - 0x00007ff802020000 	C:\Users\Leanne Sriram\.jdks\corretto-17.0.7\bin\verify.dll
0x00007ffff9700000 - 0x00007ffff9727000 	C:\Users\Leanne Sriram\.gradle\native\e1d6ef7f7dcc3fd88c89a11ec53ec762bb8ba0a96d01ffa2cd45eb1d1d8dd5c5\windows-amd64\native-platform.dll
0x00007fffcc980000 - 0x00007fffccac4000 	C:\Users\Leanne Sriram\.gradle\native\0d407fdbe67a94daf76414ababcb853783967236a71b16ec16e742cd7a986fd3\windows-amd64\native-platform-file-events.dll
0x00007ff800d70000 - 0x00007ff800d79000 	C:\Users\Leanne Sriram\.jdks\corretto-17.0.7\bin\management.dll
0x00007ff8003b0000 - 0x00007ff8003bb000 	C:\Users\Leanne Sriram\.jdks\corretto-17.0.7\bin\management_ext.dll
0x00007ff81a250000 - 0x00007ff81a258000 	C:\WINDOWS\System32\PSAPI.DLL
0x00007ff817c20000 - 0x00007ff817c38000 	C:\WINDOWS\SYSTEM32\CRYPTSP.dll
0x00007ff8173b0000 - 0x00007ff8173e5000 	C:\WINDOWS\system32\rsaenh.dll
0x00007ff817980000 - 0x00007ff8179a9000 	C:\WINDOWS\SYSTEM32\USERENV.dll
0x00007ff817df0000 - 0x00007ff817e17000 	C:\WINDOWS\SYSTEM32\bcrypt.dll
0x00007ff817ad0000 - 0x00007ff817adc000 	C:\WINDOWS\SYSTEM32\CRYPTBASE.dll
0x00007ff816f70000 - 0x00007ff816f9d000 	C:\WINDOWS\SYSTEM32\IPHLPAPI.DLL
0x00007ff819fc0000 - 0x00007ff819fc9000 	C:\WINDOWS\System32\NSI.dll
0x00007ff813110000 - 0x00007ff813129000 	C:\WINDOWS\SYSTEM32\dhcpcsvc6.DLL
0x00007ff813860000 - 0x00007ff81387e000 	C:\WINDOWS\SYSTEM32\dhcpcsvc.DLL
0x00007ff816fa0000 - 0x00007ff817088000 	C:\WINDOWS\SYSTEM32\DNSAPI.dll
0x00007ff800040000 - 0x00007ff80004e000 	C:\Users\Leanne Sriram\.jdks\corretto-17.0.7\bin\sunmscapi.dll
0x00007ff818930000 - 0x00007ff818a92000 	C:\WINDOWS\System32\CRYPT32.dll
0x00007ff817d70000 - 0x00007ff817d9a000 	C:\WINDOWS\SYSTEM32\ncrypt.dll
0x00007ff817d30000 - 0x00007ff817d67000 	C:\WINDOWS\SYSTEM32\NTASN1.dll
0x00007ff800010000 - 0x00007ff800018000 	C:\WINDOWS\system32\wshunix.dll

dbghelp: loaded successfully - version: 4.0.5 - missing functions: none
symbol engine: initialized successfully - sym options: 0x614 - pdb path: .;C:\Users\Leanne Sriram\.jdks\corretto-17.0.7\bin;C:\WINDOWS\SYSTEM32;C:\WINDOWS\WinSxS\amd64_microsoft.windows.common-controls_6595b64144ccf1df_6.0.22000.120_none_9d947278b86cc467;C:\Users\Leanne Sriram\.jdks\corretto-17.0.7\bin\server;C:\Users\Leanne Sriram\.gradle\native\e1d6ef7f7dcc3fd88c89a11ec53ec762bb8ba0a96d01ffa2cd45eb1d1d8dd5c5\windows-amd64;C:\Users\Leanne Sriram\.gradle\native\0d407fdbe67a94daf76414ababcb853783967236a71b16ec16e742cd7a986fd3\windows-amd64

VM Arguments:
jvm_args: --add-opens=java.base/java.util=ALL-UNNAMED --add-opens=java.base/java.lang=ALL-UNNAMED --add-opens=java.base/java.lang.invoke=ALL-UNNAMED --add-opens=java.base/java.util=ALL-UNNAMED --add-opens=java.prefs/java.util.prefs=ALL-UNNAMED --add-opens=java.prefs/java.util.prefs=ALL-UNNAMED --add-opens=java.base/java.nio.charset=ALL-UNNAMED --add-opens=java.base/java.net=ALL-UNNAMED --add-opens=java.base/java.util.concurrent.atomic=ALL-UNNAMED -XX:MaxMetaspaceSize=256m -XX:+HeapDumpOnOutOfMemoryError -Xms256m -Xmx512m -Dfile.encoding=windows-1252 -Duser.country=IN -Duser.language=en -Duser.variant 
java_command: org.gradle.launcher.daemon.bootstrap.GradleDaemon 7.4
java_class_path (initial): C:\Users\Leanne Sriram\.gradle\wrapper\dists\gradle-7.4-bin\c0gwcg53nkjbqw7r0h0umtfvt\gradle-7.4\lib\gradle-launcher-7.4.jar
Launcher Type: SUN_STANDARD

[Global flags]
     intx CICompilerCount                          = 4                                         {product} {ergonomic}
   size_t CompressedClassSpaceSize                 = 218103808                                 {product} {ergonomic}
     uint ConcGCThreads                            = 2                                         {product} {ergonomic}
     uint G1ConcRefinementThreads                  = 8                                         {product} {ergonomic}
   size_t G1HeapRegionSize                         = 1048576                                   {product} {ergonomic}
    uintx GCDrainStackTargetSize                   = 64                                        {product} {ergonomic}
     bool HeapDumpOnOutOfMemoryError               = true                                   {manageable} {command line}
   size_t InitialHeapSize                          = 268435456                                 {product} {command line}
   size_t MarkStackSize                            = 4194304                                   {product} {ergonomic}
   size_t MaxHeapSize                              = 536870912                                 {product} {command line}
   size_t MaxMetaspaceSize                         = 268435456                                 {product} {command line}
   size_t MaxNewSize                               = 321912832                                 {product} {ergonomic}
   size_t MinHeapDeltaBytes                        = 1048576                                   {product} {ergonomic}
   size_t MinHeapSize                              = 268435456                                 {product} {command line}
    uintx NonNMethodCodeHeapSize                   = 5839372                                {pd product} {ergonomic}
    uintx NonProfiledCodeHeapSize                  = 122909434                              {pd product} {ergonomic}
    uintx ProfiledCodeHeapSize                     = 122909434                              {pd product} {ergonomic}
    uintx ReservedCodeCacheSize                    = 251658240                              {pd product} {ergonomic}
     bool SegmentedCodeCache                       = true                                      {product} {ergonomic}
   size_t SoftMaxHeapSize                          = 536870912                              {manageable} {ergonomic}
     bool UseCompressedClassPointers               = true                           {product lp64_product} {ergonomic}
     bool UseCompressedOops                        = true                           {product lp64_product} {ergonomic}
     bool UseG1GC                                  = true                                      {product} {ergonomic}
     bool UseLargePagesIndividualAllocation        = false                                  {pd product} {ergonomic}

Logging:
Log output configuration:
 #0: stdout all=warning uptime,level,tags
 #1: stderr all=off uptime,level,tags

Environment Variables:
JAVA_HOME=D:\Program Files\Java\jdk-18.0.1.1\bin
PATH=C:\Python310\Scripts\;C:\Python310\;C:\Program Files\Common Files\Oracle\Java\javapath;C:\Program Files (x86)\Intel\Intel(R) Management Engine Components\iCLS\;C:\Program Files\Intel\Intel(R) Management Engine Components\iCLS\;C:\Windows\system32;C:\Windows\System32\Wbem;C:\Windows\System32\WindowsPowerShell\v1.0\;C:\Program Files (x86)\Intel\Intel(R) Management Engine Components\DAL;C:\Program Files\Intel\Intel(R) Management Engine Components\DAL;C:\Program Files (x86)\Intel\Intel(R) Management Engine Components\IPT;C:\Program Files\Intel\Intel(R) Management Engine Components\IPT;C:\Program Files (x86)\NVIDIA Corporation\PhysX\Common;C:\Program Files\Intel\WiFi\bin\;C:\Program Files\Common Files\Intel\WirelessCommon\;C:\WINDOWS\system32;C:\WINDOWS;C:\WINDOWS\System32\Wbem;C:\WINDOWS\System32\WindowsPowerShell\v1.0\;C:\WINDOWS\System32\OpenSSH\;C:\Program Files\Appdata\Python\Python38;C:\Program Files\Appdata\Python\Python38\Scripts\;C:\Users\Leanne Sriram\Downloads\jdk-18_windows-x64_bin.exe;C:\Program Files\Microsoft SQL Server\150\Tools\Binn\;C:\Program Files\Microsoft SQL Server\Client SDK\ODBC\170\Tools\Binn\;C:\Program Files\Git\cmd;C:\Program Files\dotnet\;C:\ProgramData\chocolatey\bin;D:\Program Files\Java\jdk-18.0.1.1\bin\bin;D:\Program Files\gradle-8.1.1\bin;D:\Program Files\nodejs;C:\Users\Leanne Sriram\AppData\Local\Programs\Python\Python35\Scripts\;C:\Users\Leanne Sriram\AppData\Local\Programs\Python\Python35\;C:\Users\Leanne Sriram\AppData\Local\Programs\Python\Python38\Scripts\;C:\Users\Leanne Sriram\AppData\Local\Programs\Python\Python38\;C:\Users\Leanne Sriram\AppData\Local\Programs\Python\Python39\Scripts\;C:\Users\Leanne Sriram\AppData\Local\Programs\Python\Python39\;C:\Users\Leanne Sriram\AppData\Local\Microsoft\WindowsApps;C:\Program Files\JetBrains\PyCharm Community Edition 2018.3.4\bin;;C:\Users\Leanne Sriram\AppData\Local\Programs\Microsoft VS Code\bin;C:\Users\Leanne Sriram\Desktop\Python35\;C:\Program Files (x86)\GnuWin32\bin;C:\Program F
USERNAME=Leanne Sriram
OS=Windows_NT
PROCESSOR_IDENTIFIER=Intel64 Family 6 Model 158 Stepping 10, GenuineIntel
TMP=C:\Users\LEANNE~1\AppData\Local\Temp
TEMP=C:\Users\LEANNE~1\AppData\Local\Temp



---------------  S Y S T E M  ---------------

OS:
 Windows 11 , 64 bit Build 22000 (10.0.22000.1761)
OS uptime: 0 days 3:27 hours
Hyper-V role detected

CPU: total 8 (initial active 8) (4 cores per cpu, 2 threads per core) family 6 model 158 stepping 10 microcode 0xde, cx8, cmov, fxsr, ht, mmx, 3dnowpref, sse, sse2, sse3, ssse3, sse4.1, sse4.2, popcnt, lzcnt, tsc, tscinvbit, avx, avx2, aes, erms, clmul, bmi1, bmi2, adx, fma, vzeroupper, clflush, clflushopt, hv

Memory: 4k page, system-wide physical 8034M (1396M free)
TotalPageFile size 12034M (AvailPageFile size 3M)
current process WorkingSet (physical memory assigned to process): 288M, peak: 288M
current process commit charge ("private bytes"): 460M, peak: 460M

vm_info: OpenJDK 64-Bit Server VM (17.0.7+7-LTS) for windows-amd64 JRE (17.0.7+7-LTS), built on Apr 14 2023 01:39:21 by "Administrator" with MS VC++ 15.9 (VS2017)

END.
